<?xml version="1.0" encoding="UTF-8"?>
<coverage generated="1508278262348" clover="3.2.0">
  <project timestamp="1508278262348" name="All files">
    <metrics statements="2569" coveredstatements="1181" conditionals="1870" coveredconditionals="517" methods="574" coveredmethods="238" elements="5013" coveredelements="1936" complexity="0" loc="2569" ncloc="2569" packages="33" files="178" classes="178">
      <package name="src">
        <metrics statements="17" coveredstatements="9" conditionals="12" coveredconditionals="3" methods="5" coveredmethods="2"/>
        <file name="DropDownIcon.jsx" path="/Users/sky/src/chamel/src/DropDownIcon.jsx">
          <metrics statements="17" coveredstatements="9" conditionals="12" coveredconditionals="3" methods="5" coveredmethods="2"/>
          <line num="26" count="1" type="stmt"/>
          <line num="28" count="1" type="stmt"/>
          <line num="40" count="1" type="stmt"/>
          <line num="42" count="1" type="stmt"/>
          <line num="43" count="1" type="cond" truecount="1" falsecount="1"/>
          <line num="44" count="0" type="stmt"/>
          <line num="48" count="1" type="cond" truecount="1" falsecount="1"/>
          <line num="49" count="0" type="stmt"/>
          <line num="52" count="1" type="stmt"/>
          <line num="76" count="0" type="stmt"/>
          <line num="78" count="0" type="stmt"/>
          <line num="85" count="0" type="cond" truecount="0" falsecount="2"/>
          <line num="87" count="0" type="cond" truecount="0" falsecount="2"/>
          <line num="88" count="0" type="stmt"/>
          <line num="93" count="0" type="stmt"/>
          <line num="103" count="1" type="stmt"/>
          <line num="115" count="1" type="stmt"/>
        </file>
      </package>
      <package name="src.AppBar">
        <metrics statements="56" coveredstatements="21" conditionals="52" coveredconditionals="13" methods="7" coveredmethods="3"/>
        <file name="AppBar.js" path="/Users/sky/src/chamel/src/AppBar/AppBar.js">
          <metrics statements="50" coveredstatements="15" conditionals="48" coveredconditionals="11" methods="6" coveredmethods="2"/>
          <line num="53" count="1" type="stmt"/>
          <line num="55" count="1" type="stmt"/>
          <line num="64" count="0" type="cond" truecount="0" falsecount="4"/>
          <line num="65" count="0" type="cond" truecount="0" falsecount="2"/>
          <line num="71" count="0" type="cond" truecount="0" falsecount="2"/>
          <line num="72" count="0" type="stmt"/>
          <line num="73" count="0" type="stmt"/>
          <line num="80" count="0" type="stmt"/>
          <line num="86" count="0" type="cond" truecount="0" falsecount="2"/>
          <line num="87" count="0" type="stmt"/>
          <line num="93" count="1" type="cond" truecount="2" falsecount="2"/>
          <line num="96" count="1" type="stmt"/>
          <line num="98" count="1" type="cond" truecount="1" falsecount="1"/>
          <line num="99" count="0" type="stmt"/>
          <line num="103" count="1" type="cond" truecount="1" falsecount="1"/>
          <line num="105" count="0" type="stmt"/>
          <line num="110" count="0" type="stmt"/>
          <line num="118" count="1" type="cond" truecount="1" falsecount="1"/>
          <line num="121" count="1" type="cond" truecount="1" falsecount="1"/>
          <line num="127" count="0" type="stmt"/>
          <line num="133" count="1" type="cond" truecount="1" falsecount="1"/>
          <line num="136" count="1" type="cond" truecount="1" falsecount="1"/>
          <line num="139" count="0" type="cond" truecount="0" falsecount="2"/>
          <line num="140" count="0" type="stmt"/>
          <line num="146" count="1" type="stmt"/>
          <line num="149" count="1" type="stmt"/>
          <line num="150" count="1" type="stmt"/>
          <line num="151" count="1" type="cond" truecount="3" falsecount="1"/>
          <line num="152" count="0" type="stmt"/>
          <line num="163" count="0" type="stmt"/>
          <line num="171" count="1" type="stmt"/>
          <line num="195" count="0" type="cond" truecount="0" falsecount="2"/>
          <line num="196" count="0" type="stmt"/>
          <line num="200" count="0" type="stmt"/>
          <line num="208" count="0" type="stmt"/>
          <line num="209" count="0" type="cond" truecount="0" falsecount="2"/>
          <line num="210" count="0" type="stmt"/>
          <line num="214" count="0" type="cond" truecount="0" falsecount="2"/>
          <line num="215" count="0" type="stmt"/>
          <line num="219" count="0" type="stmt"/>
          <line num="232" count="0" type="cond" truecount="0" falsecount="2"/>
          <line num="233" count="0" type="stmt"/>
          <line num="235" count="0" type="stmt"/>
          <line num="239" count="0" type="stmt"/>
          <line num="242" count="0" type="cond" truecount="0" falsecount="2"/>
          <line num="243" count="0" type="stmt"/>
          <line num="247" count="0" type="cond" truecount="0" falsecount="2"/>
          <line num="253" count="0" type="cond" truecount="0" falsecount="4"/>
          <line num="256" count="0" type="stmt"/>
          <line num="261" count="0" type="stmt"/>
        </file>
        <file name="AppBarRightToolbar.js" path="/Users/sky/src/chamel/src/AppBar/AppBarRightToolbar.js">
          <metrics statements="6" coveredstatements="6" conditionals="4" coveredconditionals="2" methods="1" coveredmethods="1"/>
          <line num="13" count="1" type="stmt"/>
          <line num="14" count="1" type="cond" truecount="2" falsecount="2"/>
          <line num="17" count="1" type="stmt"/>
          <line num="25" count="1" type="stmt"/>
          <line num="40" count="1" type="stmt"/>
          <line num="47" count="1" type="stmt"/>
        </file>
        <file name="index.js" path="/Users/sky/src/chamel/src/AppBar/index.js">
          <metrics statements="0" coveredstatements="0" conditionals="0" coveredconditionals="0" methods="0" coveredmethods="0"/>
        </file>
      </package>
      <package name="src.AutoComplete">
        <metrics statements="65" coveredstatements="11" conditionals="47" coveredconditionals="5" methods="9" coveredmethods="3"/>
        <file name="AutoComplete.js" path="/Users/sky/src/chamel/src/AutoComplete/AutoComplete.js">
          <metrics statements="65" coveredstatements="11" conditionals="47" coveredconditionals="5" methods="9" coveredmethods="3"/>
          <line num="114" count="1" type="stmt"/>
          <line num="116" count="1" type="stmt"/>
          <line num="117" count="1" type="stmt"/>
          <line num="119" count="1" type="stmt"/>
          <line num="127" count="0" type="stmt"/>
          <line num="133" count="0" type="cond" truecount="0" falsecount="2"/>
          <line num="135" count="0" type="stmt"/>
          <line num="138" count="0" type="cond" truecount="0" falsecount="2"/>
          <line num="139" count="0" type="stmt"/>
          <line num="142" count="0" type="stmt"/>
          <line num="147" count="0" type="stmt"/>
          <line num="152" count="0" type="cond" truecount="0" falsecount="2"/>
          <line num="153" count="0" type="stmt"/>
          <line num="164" count="1" type="cond" truecount="2" falsecount="2"/>
          <line num="167" count="1" type="stmt"/>
          <line num="174" count="0" type="stmt"/>
          <line num="194" count="0" type="cond" truecount="0" falsecount="8"/>
          <line num="196" count="0" type="stmt"/>
          <line num="197" count="0" type="stmt"/>
          <line num="200" count="0" type="stmt"/>
          <line num="205" count="0" type="stmt"/>
          <line num="208" count="0" type="cond" truecount="0" falsecount="2"/>
          <line num="209" count="0" type="stmt"/>
          <line num="213" count="0" type="stmt"/>
          <line num="217" count="0" type="cond" truecount="0" falsecount="2"/>
          <line num="218" count="0" type="stmt"/>
          <line num="222" count="0" type="stmt"/>
          <line num="228" count="0" type="stmt"/>
          <line num="229" count="0" type="stmt"/>
          <line num="242" count="0" type="stmt"/>
          <line num="243" count="0" type="stmt"/>
          <line num="254" count="0" type="stmt"/>
          <line num="255" count="0" type="stmt"/>
          <line num="257" count="0" type="cond" truecount="0" falsecount="2"/>
          <line num="258" count="0" type="stmt"/>
          <line num="261" count="0" type="cond" truecount="0" falsecount="2"/>
          <line num="262" count="0" type="stmt"/>
          <line num="265" count="0" type="stmt"/>
          <line num="267" count="0" type="cond" truecount="0" falsecount="2"/>
          <line num="274" count="0" type="cond" truecount="0" falsecount="2"/>
          <line num="275" count="0" type="stmt"/>
          <line num="278" count="0" type="stmt"/>
          <line num="282" count="0" type="stmt"/>
          <line num="283" count="0" type="stmt"/>
          <line num="284" count="0" type="cond" truecount="0" falsecount="2"/>
          <line num="286" count="0" type="stmt"/>
          <line num="289" count="0" type="stmt"/>
          <line num="291" count="0" type="stmt"/>
          <line num="297" count="0" type="cond" truecount="0" falsecount="2"/>
          <line num="298" count="0" type="stmt"/>
          <line num="313" count="1" type="cond" truecount="1" falsecount="1"/>
          <line num="314" count="1" type="stmt"/>
          <line num="317" count="1" type="stmt"/>
          <line num="320" count="1" type="cond" truecount="2" falsecount="3"/>
          <line num="327" count="0" type="stmt"/>
          <line num="328" count="0" type="cond" truecount="0" falsecount="2"/>
          <line num="329" count="0" type="stmt"/>
          <line num="333" count="0" type="cond" truecount="0" falsecount="2"/>
          <line num="336" count="0" type="stmt"/>
          <line num="339" count="0" type="stmt"/>
          <line num="341" count="0" type="stmt"/>
          <line num="344" count="0" type="cond" truecount="0" falsecount="2"/>
          <line num="345" count="0" type="stmt"/>
          <line num="349" count="0" type="stmt"/>
          <line num="354" count="1" type="stmt"/>
        </file>
        <file name="index.js" path="/Users/sky/src/chamel/src/AutoComplete/index.js">
          <metrics statements="0" coveredstatements="0" conditionals="0" coveredconditionals="0" methods="0" coveredmethods="0"/>
        </file>
      </package>
      <package name="src.Button">
        <metrics statements="35" coveredstatements="29" conditionals="20" coveredconditionals="11" methods="5" coveredmethods="1"/>
        <file name="Button.js" path="/Users/sky/src/chamel/src/Button/Button.js">
          <metrics statements="14" coveredstatements="13" conditionals="16" coveredconditionals="11" methods="1" coveredmethods="1"/>
          <line num="16" count="19" type="stmt"/>
          <line num="17" count="5" type="cond" truecount="2" falsecount="2"/>
          <line num="21" count="5" type="cond" truecount="2" falsecount="0"/>
          <line num="22" count="5" type="stmt"/>
          <line num="23" count="5" type="stmt"/>
          <line num="32" count="5" type="cond" truecount="2" falsecount="0"/>
          <line num="33" count="5" type="cond" truecount="1" falsecount="1"/>
          <line num="35" count="5" type="cond" truecount="2" falsecount="0"/>
          <line num="37" count="5" type="cond" truecount="2" falsecount="2"/>
          <line num="38" count="0" type="stmt"/>
          <line num="49" count="5" type="stmt"/>
          <line num="58" count="19" type="stmt"/>
          <line num="147" count="19" type="stmt"/>
          <line num="162" count="19" type="stmt"/>
        </file>
        <file name="FlatButton.js" path="/Users/sky/src/chamel/src/Button/FlatButton.js">
          <metrics statements="5" coveredstatements="4" conditionals="0" coveredconditionals="0" methods="1" coveredmethods="0"/>
          <line num="13" count="12" type="stmt"/>
          <line num="14" count="0" type="stmt"/>
          <line num="22" count="12" type="stmt"/>
          <line num="45" count="12" type="stmt"/>
          <line num="52" count="12" type="stmt"/>
        </file>
        <file name="FloatingButton.js" path="/Users/sky/src/chamel/src/Button/FloatingButton.js">
          <metrics statements="5" coveredstatements="4" conditionals="0" coveredconditionals="0" methods="1" coveredmethods="0"/>
          <line num="13" count="10" type="stmt"/>
          <line num="14" count="0" type="stmt"/>
          <line num="22" count="10" type="stmt"/>
          <line num="41" count="10" type="stmt"/>
          <line num="48" count="10" type="stmt"/>
        </file>
        <file name="IconButton.js" path="/Users/sky/src/chamel/src/Button/IconButton.js">
          <metrics statements="6" coveredstatements="4" conditionals="4" coveredconditionals="0" methods="1" coveredmethods="0"/>
          <line num="14" count="17" type="stmt"/>
          <line num="16" count="0" type="cond" truecount="0" falsecount="4"/>
          <line num="20" count="0" type="stmt"/>
          <line num="28" count="17" type="stmt"/>
          <line num="48" count="17" type="stmt"/>
          <line num="55" count="17" type="stmt"/>
        </file>
        <file name="RaisedButton.js" path="/Users/sky/src/chamel/src/Button/RaisedButton.js">
          <metrics statements="5" coveredstatements="4" conditionals="0" coveredconditionals="0" methods="1" coveredmethods="0"/>
          <line num="13" count="10" type="stmt"/>
          <line num="14" count="0" type="stmt"/>
          <line num="22" count="10" type="stmt"/>
          <line num="41" count="10" type="stmt"/>
          <line num="48" count="10" type="stmt"/>
        </file>
        <file name="index.js" path="/Users/sky/src/chamel/src/Button/index.js">
          <metrics statements="0" coveredstatements="0" conditionals="0" coveredconditionals="0" methods="0" coveredmethods="0"/>
        </file>
      </package>
      <package name="src.ColorPicker">
        <metrics statements="13" coveredstatements="4" conditionals="2" coveredconditionals="0" methods="5" coveredmethods="1"/>
        <file name="ColorPicker.jsx" path="/Users/sky/src/chamel/src/ColorPicker/ColorPicker.jsx">
          <metrics statements="13" coveredstatements="4" conditionals="2" coveredconditionals="0" methods="5" coveredmethods="1"/>
          <line num="9" count="1" type="stmt"/>
          <line num="12" count="1" type="stmt"/>
          <line num="29" count="0" type="stmt"/>
          <line num="30" count="0" type="stmt"/>
          <line num="38" count="0" type="stmt"/>
          <line num="39" count="0" type="stmt"/>
          <line num="47" count="0" type="stmt"/>
          <line num="48" count="0" type="stmt"/>
          <line num="57" count="0" type="stmt"/>
          <line num="58" count="0" type="stmt"/>
          <line num="59" count="0" type="cond" truecount="0" falsecount="2"/>
          <line num="63" count="1" type="stmt"/>
          <line num="70" count="1" type="stmt"/>
        </file>
        <file name="index.js" path="/Users/sky/src/chamel/src/ColorPicker/index.js">
          <metrics statements="0" coveredstatements="0" conditionals="0" coveredconditionals="0" methods="0" coveredmethods="0"/>
        </file>
      </package>
      <package name="src.DatePicker">
        <metrics statements="244" coveredstatements="136" conditionals="161" coveredconditionals="48" methods="71" coveredmethods="34"/>
        <file name="Calendar.jsx" path="/Users/sky/src/chamel/src/DatePicker/Calendar.jsx">
          <metrics statements="60" coveredstatements="18" conditionals="38" coveredconditionals="6" methods="18" coveredmethods="5"/>
          <line num="21" count="1" type="stmt"/>
          <line num="23" count="1" type="stmt"/>
          <line num="35" count="0" type="cond" truecount="0" falsecount="2"/>
          <line num="36" count="0" type="cond" truecount="0" falsecount="2"/>
          <line num="37" count="0" type="stmt"/>
          <line num="45" count="0" type="stmt"/>
          <line num="49" count="0" type="stmt"/>
          <line num="58" count="1" type="stmt"/>
          <line num="59" count="1" type="stmt"/>
          <line num="65" count="1" type="stmt"/>
          <line num="106" count="0" type="stmt"/>
          <line num="110" count="0" type="stmt"/>
          <line num="111" count="0" type="stmt"/>
          <line num="112" count="0" type="stmt"/>
          <line num="116" count="0" type="stmt"/>
          <line num="120" count="0" type="stmt"/>
          <line num="124" count="0" type="stmt"/>
          <line num="125" count="0" type="cond" truecount="0" falsecount="2"/>
          <line num="127" count="0" type="cond" truecount="0" falsecount="2"/>
          <line num="128" count="0" type="stmt"/>
          <line num="137" count="0" type="stmt"/>
          <line num="139" count="0" type="cond" truecount="0" falsecount="2"/>
          <line num="140" count="0" type="stmt"/>
          <line num="142" count="0" type="stmt"/>
          <line num="146" count="0" type="cond" truecount="0" falsecount="2"/>
          <line num="150" count="0" type="stmt"/>
          <line num="154" count="0" type="stmt"/>
          <line num="158" count="0" type="stmt"/>
          <line num="163" count="0" type="cond" truecount="0" falsecount="2"/>
          <line num="165" count="0" type="cond" truecount="0" falsecount="4"/>
          <line num="168" count="0" type="cond" truecount="0" falsecount="2"/>
          <line num="169" count="0" type="stmt"/>
          <line num="171" count="0" type="stmt"/>
          <line num="173" count="0" type="stmt"/>
          <line num="176" count="0" type="cond" truecount="0" falsecount="2"/>
          <line num="177" count="0" type="stmt"/>
          <line num="179" count="0" type="stmt"/>
          <line num="181" count="0" type="stmt"/>
          <line num="184" count="0" type="cond" truecount="0" falsecount="2"/>
          <line num="185" count="0" type="stmt"/>
          <line num="187" count="0" type="stmt"/>
          <line num="189" count="0" type="stmt"/>
          <line num="192" count="0" type="cond" truecount="0" falsecount="2"/>
          <line num="193" count="0" type="stmt"/>
          <line num="195" count="0" type="stmt"/>
          <line num="197" count="0" type="stmt"/>
          <line num="203" count="1" type="stmt"/>
          <line num="206" count="1" type="cond" truecount="1" falsecount="1"/>
          <line num="209" count="1" type="cond" truecount="1" falsecount="1"/>
          <line num="210" count="0" type="stmt"/>
          <line num="212" count="1" type="stmt"/>
          <line num="216" count="1" type="cond" truecount="1" falsecount="1"/>
          <line num="219" count="1" type="stmt"/>
          <line num="223" count="1" type="stmt"/>
          <line num="225" count="1" type="cond" truecount="1" falsecount="1"/>
          <line num="226" count="1" type="stmt"/>
          <line num="227" count="3" type="cond" truecount="2" falsecount="0"/>
          <line num="231" count="1" type="stmt"/>
          <line num="238" count="3" type="stmt"/>
          <line num="244" count="3" type="stmt"/>
        </file>
        <file name="CalendarMonth.jsx" path="/Users/sky/src/chamel/src/DatePicker/CalendarMonth.jsx">
          <metrics statements="32" coveredstatements="23" conditionals="20" coveredconditionals="6" methods="9" coveredmethods="7"/>
          <line num="10" count="1" type="stmt"/>
          <line num="12" count="1" type="stmt"/>
          <line num="13" count="1" type="stmt"/>
          <line num="15" count="1" type="stmt"/>
          <line num="16" count="5" type="stmt"/>
          <line num="25" count="1" type="stmt"/>
          <line num="33" count="5" type="stmt"/>
          <line num="34" count="5" type="stmt"/>
          <line num="35" count="31" type="stmt"/>
          <line num="37" count="31" type="stmt"/>
          <line num="42" count="0" type="stmt"/>
          <line num="43" count="0" type="stmt"/>
          <line num="45" count="0" type="cond" truecount="0" falsecount="4"/>
          <line num="46" count="0" type="stmt"/>
          <line num="49" count="0" type="cond" truecount="0" falsecount="4"/>
          <line num="50" count="0" type="stmt"/>
          <line num="53" count="0" type="stmt"/>
          <line num="56" count="0" type="cond" truecount="0" falsecount="2"/>
          <line num="62" count="5" type="stmt"/>
          <line num="66" count="1" type="stmt"/>
          <line num="69" count="1" type="cond" truecount="1" falsecount="1"/>
          <line num="72" count="1" type="cond" truecount="1" falsecount="1"/>
          <line num="73" count="0" type="stmt"/>
          <line num="75" count="1" type="stmt"/>
          <line num="79" count="1" type="cond" truecount="1" falsecount="1"/>
          <line num="82" count="1" type="stmt"/>
          <line num="86" count="1" type="stmt"/>
          <line num="88" count="1" type="cond" truecount="1" falsecount="1"/>
          <line num="89" count="1" type="stmt"/>
          <line num="90" count="2" type="cond" truecount="2" falsecount="0"/>
          <line num="94" count="1" type="stmt"/>
          <line num="98" count="4" type="stmt"/>
        </file>
        <file name="CalendarToolbar.jsx" path="/Users/sky/src/chamel/src/DatePicker/CalendarToolbar.jsx">
          <metrics statements="24" coveredstatements="15" conditionals="20" coveredconditionals="6" methods="4" coveredmethods="3"/>
          <line num="18" count="1" type="stmt"/>
          <line num="20" count="1" type="stmt"/>
          <line num="28" count="0" type="cond" truecount="0" falsecount="2"/>
          <line num="29" count="0" type="cond" truecount="0" falsecount="2"/>
          <line num="30" count="0" type="stmt"/>
          <line num="38" count="2" type="stmt"/>
          <line num="39" count="2" type="stmt"/>
          <line num="40" count="2" type="stmt"/>
          <line num="42" count="2" type="cond" truecount="3" falsecount="1"/>
          <line num="43" count="0" type="cond" truecount="0" falsecount="2"/>
          <line num="44" count="0" type="cond" truecount="0" falsecount="2"/>
          <line num="45" count="0" type="stmt"/>
          <line num="47" count="2" type="cond" truecount="3" falsecount="1"/>
          <line num="48" count="0" type="cond" truecount="0" falsecount="2"/>
          <line num="49" count="0" type="cond" truecount="0" falsecount="2"/>
          <line num="50" count="0" type="stmt"/>
          <line num="54" count="2" type="stmt"/>
          <line num="58" count="1" type="stmt"/>
          <line num="59" count="1" type="stmt"/>
          <line num="61" count="1" type="stmt"/>
          <line num="62" count="1" type="stmt"/>
          <line num="64" count="1" type="stmt"/>
          <line num="93" count="4" type="stmt"/>
          <line num="101" count="4" type="stmt"/>
        </file>
        <file name="DateDisplay.jsx" path="/Users/sky/src/chamel/src/DatePicker/DateDisplay.jsx">
          <metrics statements="26" coveredstatements="22" conditionals="14" coveredconditionals="6" methods="6" coveredmethods="5"/>
          <line num="16" count="1" type="stmt"/>
          <line num="18" count="1" type="stmt"/>
          <line num="26" count="0" type="cond" truecount="0" falsecount="2"/>
          <line num="27" count="0" type="cond" truecount="0" falsecount="2"/>
          <line num="28" count="0" type="stmt"/>
          <line num="38" count="1" type="stmt"/>
          <line num="40" count="1" type="stmt"/>
          <line num="41" count="1" type="stmt"/>
          <line num="42" count="1" type="stmt"/>
          <line num="43" count="1" type="stmt"/>
          <line num="44" count="1" type="stmt"/>
          <line num="46" count="1" type="stmt"/>
          <line num="82" count="1" type="stmt"/>
          <line num="85" count="1" type="cond" truecount="1" falsecount="1"/>
          <line num="88" count="1" type="cond" truecount="1" falsecount="1"/>
          <line num="89" count="0" type="stmt"/>
          <line num="91" count="1" type="stmt"/>
          <line num="95" count="1" type="cond" truecount="1" falsecount="1"/>
          <line num="98" count="1" type="stmt"/>
          <line num="102" count="1" type="stmt"/>
          <line num="104" count="1" type="cond" truecount="1" falsecount="1"/>
          <line num="105" count="1" type="stmt"/>
          <line num="106" count="2" type="cond" truecount="2" falsecount="0"/>
          <line num="110" count="1" type="stmt"/>
          <line num="114" count="4" type="stmt"/>
          <line num="118" count="4" type="stmt"/>
        </file>
        <file name="DatePicker.jsx" path="/Users/sky/src/chamel/src/DatePicker/DatePicker.jsx">
          <metrics statements="44" coveredstatements="24" conditionals="32" coveredconditionals="10" methods="14" coveredmethods="5"/>
          <line num="20" count="1" type="stmt"/>
          <line num="22" count="1" type="stmt"/>
          <line num="29" count="0" type="stmt"/>
          <line num="33" count="0" type="stmt"/>
          <line num="49" count="1" type="stmt"/>
          <line num="50" count="1" type="stmt"/>
          <line num="56" count="1" type="cond" truecount="1" falsecount="1"/>
          <line num="57" count="1" type="stmt"/>
          <line num="60" count="1" type="cond" truecount="1" falsecount="1"/>
          <line num="63" count="1" type="cond" truecount="1" falsecount="1"/>
          <line num="66" count="1" type="cond" truecount="1" falsecount="1"/>
          <line num="67" count="1" type="stmt"/>
          <line num="70" count="1" type="stmt"/>
          <line num="95" count="0" type="stmt"/>
          <line num="99" count="0" type="stmt"/>
          <line num="102" count="0" type="stmt"/>
          <line num="106" count="0" type="stmt"/>
          <line num="107" count="0" type="cond" truecount="0" falsecount="2"/>
          <line num="114" count="0" type="stmt"/>
          <line num="115" count="0" type="stmt"/>
          <line num="124" count="0" type="cond" truecount="0" falsecount="2"/>
          <line num="125" count="0" type="stmt"/>
          <line num="129" count="0" type="stmt"/>
          <line num="132" count="0" type="cond" truecount="0" falsecount="2"/>
          <line num="136" count="0" type="stmt"/>
          <line num="137" count="0" type="cond" truecount="0" falsecount="2"/>
          <line num="141" count="0" type="stmt"/>
          <line num="150" count="0" type="cond" truecount="0" falsecount="4"/>
          <line num="151" count="0" type="stmt"/>
          <line num="154" count="0" type="cond" truecount="0" falsecount="2"/>
          <line num="162" count="1" type="stmt"/>
          <line num="165" count="1" type="cond" truecount="1" falsecount="1"/>
          <line num="168" count="1" type="cond" truecount="1" falsecount="1"/>
          <line num="169" count="0" type="stmt"/>
          <line num="171" count="1" type="stmt"/>
          <line num="175" count="1" type="cond" truecount="1" falsecount="1"/>
          <line num="178" count="1" type="stmt"/>
          <line num="182" count="1" type="stmt"/>
          <line num="184" count="1" type="cond" truecount="1" falsecount="1"/>
          <line num="185" count="1" type="stmt"/>
          <line num="186" count="3" type="cond" truecount="2" falsecount="0"/>
          <line num="190" count="1" type="stmt"/>
          <line num="194" count="1" type="stmt"/>
          <line num="209" count="1" type="stmt"/>
        </file>
        <file name="DatePickerDialog.jsx" path="/Users/sky/src/chamel/src/DatePicker/DatePickerDialog.jsx">
          <metrics statements="41" coveredstatements="19" conditionals="23" coveredconditionals="7" methods="15" coveredmethods="5"/>
          <line num="18" count="1" type="stmt"/>
          <line num="20" count="1" type="stmt"/>
          <line num="26" count="0" type="stmt"/>
          <line num="30" count="0" type="stmt"/>
          <line num="38" count="1" type="stmt"/>
          <line num="39" count="1" type="stmt"/>
          <line num="40" count="1" type="stmt"/>
          <line num="53" count="1" type="cond" truecount="1" falsecount="1"/>
          <line num="54" count="0" type="stmt"/>
          <line num="57" count="1" type="stmt"/>
          <line num="77" count="0" type="stmt"/>
          <line num="81" count="0" type="stmt"/>
          <line num="85" count="0" type="cond" truecount="0" falsecount="2"/>
          <line num="86" count="0" type="stmt"/>
          <line num="91" count="0" type="stmt"/>
          <line num="95" count="0" type="stmt"/>
          <line num="96" count="0" type="cond" truecount="0" falsecount="2"/>
          <line num="97" count="0" type="stmt"/>
          <line num="102" count="0" type="stmt"/>
          <line num="106" count="0" type="cond" truecount="0" falsecount="2"/>
          <line num="107" count="0" type="stmt"/>
          <line num="112" count="0" type="stmt"/>
          <line num="116" count="0" type="cond" truecount="0" falsecount="2"/>
          <line num="117" count="0" type="stmt"/>
          <line num="122" count="0" type="cond" truecount="0" falsecount="2"/>
          <line num="123" count="0" type="cond" truecount="0" falsecount="1"/>
          <line num="125" count="0" type="stmt"/>
          <line num="126" count="0" type="stmt"/>
          <line num="132" count="1" type="stmt"/>
          <line num="135" count="1" type="cond" truecount="1" falsecount="1"/>
          <line num="138" count="1" type="cond" truecount="1" falsecount="1"/>
          <line num="139" count="0" type="stmt"/>
          <line num="141" count="1" type="stmt"/>
          <line num="145" count="1" type="cond" truecount="1" falsecount="1"/>
          <line num="148" count="1" type="stmt"/>
          <line num="152" count="1" type="stmt"/>
          <line num="154" count="1" type="cond" truecount="1" falsecount="1"/>
          <line num="155" count="1" type="stmt"/>
          <line num="156" count="2" type="cond" truecount="2" falsecount="0"/>
          <line num="160" count="1" type="stmt"/>
          <line num="164" count="2" type="stmt"/>
        </file>
        <file name="DayButton.jsx" path="/Users/sky/src/chamel/src/DatePicker/DayButton.jsx">
          <metrics statements="17" coveredstatements="15" conditionals="14" coveredconditionals="7" methods="5" coveredmethods="4"/>
          <line num="16" count="1" type="stmt"/>
          <line num="18" count="1" type="stmt"/>
          <line num="23" count="1" type="cond" truecount="1" falsecount="1"/>
          <line num="38" count="0" type="cond" truecount="0" falsecount="2"/>
          <line num="42" count="1" type="stmt"/>
          <line num="45" count="1" type="cond" truecount="1" falsecount="1"/>
          <line num="48" count="1" type="cond" truecount="1" falsecount="1"/>
          <line num="49" count="0" type="stmt"/>
          <line num="51" count="1" type="stmt"/>
          <line num="55" count="1" type="cond" truecount="1" falsecount="1"/>
          <line num="58" count="1" type="stmt"/>
          <line num="62" count="1" type="stmt"/>
          <line num="64" count="1" type="cond" truecount="1" falsecount="1"/>
          <line num="65" count="1" type="stmt"/>
          <line num="66" count="3" type="cond" truecount="2" falsecount="0"/>
          <line num="70" count="1" type="stmt"/>
          <line num="74" count="5" type="stmt"/>
        </file>
        <file name="index.js" path="/Users/sky/src/chamel/src/DatePicker/index.js">
          <metrics statements="0" coveredstatements="0" conditionals="0" coveredconditionals="0" methods="0" coveredmethods="0"/>
        </file>
      </package>
      <package name="src.Dialog">
        <metrics statements="88" coveredstatements="18" conditionals="72" coveredconditionals="12" methods="17" coveredmethods="3"/>
        <file name="Dialog.js" path="/Users/sky/src/chamel/src/Dialog/Dialog.js">
          <metrics statements="88" coveredstatements="18" conditionals="72" coveredconditionals="12" methods="17" coveredmethods="3"/>
          <line num="104" count="1" type="stmt"/>
          <line num="106" count="1" type="stmt"/>
          <line num="112" count="0" type="stmt"/>
          <line num="117" count="0" type="cond" truecount="0" falsecount="2"/>
          <line num="118" count="0" type="stmt"/>
          <line num="119" count="0" type="stmt"/>
          <line num="120" count="0" type="stmt"/>
          <line num="125" count="0" type="stmt"/>
          <line num="126" count="0" type="stmt"/>
          <line num="131" count="1" type="cond" truecount="2" falsecount="2"/>
          <line num="135" count="1" type="stmt"/>
          <line num="136" count="1" type="cond" truecount="1" falsecount="1"/>
          <line num="137" count="0" type="stmt"/>
          <line num="139" count="1" type="cond" truecount="1" falsecount="1"/>
          <line num="140" count="0" type="stmt"/>
          <line num="144" count="1" type="stmt"/>
          <line num="145" count="1" type="cond" truecount="1" falsecount="1"/>
          <line num="146" count="0" type="stmt"/>
          <line num="148" count="1" type="cond" truecount="1" falsecount="1"/>
          <line num="149" count="0" type="stmt"/>
          <line num="153" count="1" type="stmt"/>
          <line num="154" count="1" type="cond" truecount="1" falsecount="1"/>
          <line num="155" count="0" type="stmt"/>
          <line num="160" count="1" type="cond" truecount="1" falsecount="1"/>
          <line num="163" count="1" type="cond" truecount="1" falsecount="1"/>
          <line num="169" count="1" type="stmt"/>
          <line num="171" count="1" type="stmt"/>
          <line num="195" count="0" type="stmt"/>
          <line num="199" count="0" type="stmt"/>
          <line num="200" count="0" type="stmt"/>
          <line num="201" count="0" type="stmt"/>
          <line num="205" count="0" type="stmt"/>
          <line num="206" count="0" type="stmt"/>
          <line num="208" count="0" type="stmt"/>
          <line num="209" count="0" type="stmt"/>
          <line num="216" count="0" type="stmt"/>
          <line num="220" count="0" type="stmt"/>
          <line num="221" count="0" type="cond" truecount="0" falsecount="2"/>
          <line num="223" count="0" type="stmt"/>
          <line num="227" count="0" type="stmt"/>
          <line num="233" count="0" type="cond" truecount="0" falsecount="2"/>
          <line num="234" count="0" type="stmt"/>
          <line num="235" count="0" type="stmt"/>
          <line num="238" count="0" type="stmt"/>
          <line num="247" count="1" type="stmt"/>
          <line num="249" count="1" type="cond" truecount="1" falsecount="1"/>
          <line num="250" count="0" type="stmt"/>
          <line num="251" count="0" type="stmt"/>
          <line num="254" count="0" type="cond" truecount="0" falsecount="2"/>
          <line num="255" count="0" type="stmt"/>
          <line num="258" count="0" type="stmt"/>
          <line num="259" count="0" type="stmt"/>
          <line num="262" count="0" type="stmt"/>
          <line num="269" count="1" type="stmt"/>
          <line num="274" count="0" type="cond" truecount="0" falsecount="2"/>
          <line num="275" count="0" type="stmt"/>
          <line num="276" count="0" type="stmt"/>
          <line num="277" count="0" type="stmt"/>
          <line num="278" count="0" type="stmt"/>
          <line num="281" count="0" type="cond" truecount="0" falsecount="4"/>
          <line num="282" count="0" type="stmt"/>
          <line num="286" count="0" type="stmt"/>
          <line num="287" count="0" type="stmt"/>
          <line num="289" count="0" type="stmt"/>
          <line num="290" count="0" type="stmt"/>
          <line num="293" count="0" type="cond" truecount="0" falsecount="4"/>
          <line num="294" count="0" type="stmt"/>
          <line num="295" count="0" type="cond" truecount="0" falsecount="2"/>
          <line num="296" count="0" type="stmt"/>
          <line num="301" count="0" type="cond" truecount="0" falsecount="4"/>
          <line num="302" count="0" type="stmt"/>
          <line num="306" count="0" type="cond" truecount="0" falsecount="4"/>
          <line num="307" count="0" type="stmt"/>
          <line num="309" count="0" type="cond" truecount="0" falsecount="2"/>
          <line num="310" count="0" type="stmt"/>
          <line num="313" count="0" type="cond" truecount="0" falsecount="2"/>
          <line num="314" count="0" type="stmt"/>
          <line num="317" count="0" type="stmt"/>
          <line num="323" count="0" type="cond" truecount="0" falsecount="2"/>
          <line num="324" count="0" type="cond" truecount="0" falsecount="2"/>
          <line num="325" count="0" type="stmt"/>
          <line num="331" count="0" type="cond" truecount="0" falsecount="2"/>
          <line num="335" count="0" type="cond" truecount="0" falsecount="2"/>
          <line num="339" count="0" type="cond" truecount="0" falsecount="2"/>
          <line num="340" count="0" type="stmt"/>
          <line num="341" count="0" type="cond" truecount="0" falsecount="2"/>
          <line num="346" count="0" type="cond" truecount="0" falsecount="4"/>
          <line num="347" count="0" type="stmt"/>
        </file>
        <file name="index.js" path="/Users/sky/src/chamel/src/Dialog/index.js">
          <metrics statements="0" coveredstatements="0" conditionals="0" coveredconditionals="0" methods="0" coveredmethods="0"/>
        </file>
      </package>
      <package name="src.Drawer">
        <metrics statements="42" coveredstatements="11" conditionals="45" coveredconditionals="9" methods="10" coveredmethods="2"/>
        <file name="Drawer.js" path="/Users/sky/src/chamel/src/Drawer/Drawer.js">
          <metrics statements="42" coveredstatements="11" conditionals="45" coveredconditionals="9" methods="10" coveredmethods="2"/>
          <line num="80" count="1" type="stmt"/>
          <line num="82" count="1" type="stmt"/>
          <line num="94" count="0" type="cond" truecount="0" falsecount="2"/>
          <line num="95" count="0" type="stmt"/>
          <line num="96" count="0" type="cond" truecount="0" falsecount="2"/>
          <line num="97" count="0" type="stmt"/>
          <line num="103" count="0" type="stmt"/>
          <line num="109" count="0" type="cond" truecount="0" falsecount="2"/>
          <line num="110" count="0" type="stmt"/>
          <line num="115" count="0" type="cond" truecount="0" falsecount="2"/>
          <line num="116" count="0" type="stmt"/>
          <line num="122" count="1" type="cond" truecount="2" falsecount="2"/>
          <line num="126" count="1" type="stmt"/>
          <line num="136" count="1" type="cond" truecount="1" falsecount="1"/>
          <line num="137" count="1" type="cond" truecount="1" falsecount="1"/>
          <line num="140" count="1" type="cond" truecount="1" falsecount="1"/>
          <line num="143" count="1" type="stmt"/>
          <line num="144" count="1" type="cond" truecount="2" falsecount="2"/>
          <line num="145" count="0" type="stmt"/>
          <line num="149" count="1" type="cond" truecount="1" falsecount="1"/>
          <line num="150" count="0" type="stmt"/>
          <line num="153" count="1" type="stmt"/>
          <line num="169" count="0" type="cond" truecount="0" falsecount="2"/>
          <line num="170" count="0" type="stmt"/>
          <line num="174" count="0" type="cond" truecount="0" falsecount="5"/>
          <line num="177" count="0" type="stmt"/>
          <line num="192" count="0" type="cond" truecount="0" falsecount="2"/>
          <line num="193" count="0" type="stmt"/>
          <line num="197" count="0" type="stmt"/>
          <line num="199" count="0" type="stmt"/>
          <line num="202" count="0" type="cond" truecount="0" falsecount="2"/>
          <line num="203" count="0" type="stmt"/>
          <line num="204" count="0" type="stmt"/>
          <line num="213" count="0" type="stmt"/>
          <line num="214" count="0" type="cond" truecount="0" falsecount="2"/>
          <line num="215" count="0" type="stmt"/>
          <line num="219" count="0" type="cond" truecount="0" falsecount="4"/>
          <line num="220" count="0" type="stmt"/>
          <line num="224" count="0" type="cond" truecount="0" falsecount="2"/>
          <line num="227" count="0" type="stmt"/>
          <line num="230" count="0" type="stmt"/>
          <line num="244" count="0" type="stmt"/>
        </file>
        <file name="index.js" path="/Users/sky/src/chamel/src/Drawer/index.js">
          <metrics statements="0" coveredstatements="0" conditionals="0" coveredconditionals="0" methods="0" coveredmethods="0"/>
        </file>
      </package>
      <package name="src.Editor">
        <metrics statements="52" coveredstatements="21" conditionals="24" coveredconditionals="4" methods="20" coveredmethods="6"/>
        <file name="ContentHtml.js" path="/Users/sky/src/chamel/src/Editor/ContentHtml.js">
          <metrics statements="20" coveredstatements="6" conditionals="14" coveredconditionals="2" methods="8" coveredmethods="2"/>
          <line num="21" count="1" type="stmt"/>
          <line num="23" count="1" type="stmt"/>
          <line num="37" count="0" type="cond" truecount="0" falsecount="2"/>
          <line num="38" count="0" type="stmt"/>
          <line num="41" count="0" type="stmt"/>
          <line num="45" count="0" type="cond" truecount="0" falsecount="2"/>
          <line num="46" count="0" type="stmt"/>
          <line num="49" count="0" type="stmt"/>
          <line num="63" count="0" type="cond" truecount="0" falsecount="2"/>
          <line num="64" count="0" type="stmt"/>
          <line num="77" count="0" type="cond" truecount="0" falsecount="2"/>
          <line num="78" count="0" type="stmt"/>
          <line num="92" count="0" type="stmt"/>
          <line num="93" count="0" type="stmt"/>
          <line num="106" count="0" type="cond" truecount="0" falsecount="2"/>
          <line num="107" count="0" type="stmt"/>
          <line num="114" count="1" type="cond" truecount="2" falsecount="2"/>
          <line num="117" count="1" type="stmt"/>
          <line num="143" count="1" type="stmt"/>
          <line num="176" count="1" type="stmt"/>
        </file>
        <file name="ContentSource.js" path="/Users/sky/src/chamel/src/Editor/ContentSource.js">
          <metrics statements="10" coveredstatements="5" conditionals="8" coveredconditionals="2" methods="4" coveredmethods="2"/>
          <line num="64" count="1" type="stmt"/>
          <line num="66" count="1" type="stmt"/>
          <line num="78" count="0" type="cond" truecount="0" falsecount="2"/>
          <line num="79" count="0" type="stmt"/>
          <line num="82" count="0" type="stmt"/>
          <line num="92" count="0" type="cond" truecount="0" falsecount="2"/>
          <line num="93" count="0" type="stmt"/>
          <line num="100" count="1" type="cond" truecount="2" falsecount="2"/>
          <line num="103" count="1" type="stmt"/>
          <line num="107" count="1" type="stmt"/>
        </file>
        <file name="EditorToolbar.js" path="/Users/sky/src/chamel/src/Editor/EditorToolbar.js">
          <metrics statements="22" coveredstatements="10" conditionals="2" coveredconditionals="0" methods="8" coveredmethods="2"/>
          <line num="17" count="3" type="stmt"/>
          <line num="29" count="3" type="stmt"/>
          <line num="36" count="3" type="stmt"/>
          <line num="37" count="3" type="stmt"/>
          <line num="76" count="1" type="stmt"/>
          <line num="81" count="1" type="stmt"/>
          <line num="82" count="1" type="stmt"/>
          <line num="83" count="1" type="stmt"/>
          <line num="85" count="1" type="cond" truecount="0" falsecount="2"/>
          <line num="89" count="0" type="stmt"/>
          <line num="91" count="0" type="stmt"/>
          <line num="92" count="0" type="stmt"/>
          <line num="101" count="0" type="stmt"/>
          <line num="103" count="0" type="stmt"/>
          <line num="104" count="0" type="stmt"/>
          <line num="112" count="0" type="stmt"/>
          <line num="113" count="0" type="stmt"/>
          <line num="117" count="0" type="stmt"/>
          <line num="120" count="0" type="stmt"/>
          <line num="121" count="0" type="stmt"/>
          <line num="125" count="0" type="stmt"/>
          <line num="128" count="1" type="stmt"/>
        </file>
      </package>
      <package name="src.EnhancedTextarea">
        <metrics statements="43" coveredstatements="24" conditionals="28" coveredconditionals="9" methods="10" coveredmethods="5"/>
        <file name="EnhancedTextarea.jsx" path="/Users/sky/src/chamel/src/EnhancedTextarea/EnhancedTextarea.jsx">
          <metrics statements="43" coveredstatements="24" conditionals="28" coveredconditionals="9" methods="10" coveredmethods="5"/>
          <line num="15" count="1" type="stmt"/>
          <line num="17" count="1" type="stmt"/>
          <line num="23" count="0" type="stmt"/>
          <line num="36" count="1" type="stmt"/>
          <line num="38" count="1" type="stmt"/>
          <line num="39" count="1" type="stmt"/>
          <line num="40" count="1" type="stmt"/>
          <line num="44" count="1" type="cond" truecount="1" falsecount="1"/>
          <line num="45" count="1" type="stmt"/>
          <line num="48" count="1" type="cond" truecount="1" falsecount="1"/>
          <line num="54" count="0" type="stmt"/>
          <line num="57" count="0" type="stmt"/>
          <line num="58" count="1" type="cond" truecount="1" falsecount="1"/>
          <line num="61" count="0" type="stmt"/>
          <line num="69" count="1" type="stmt"/>
          <line num="89" count="0" type="stmt"/>
          <line num="93" count="0" type="stmt"/>
          <line num="94" count="0" type="stmt"/>
          <line num="97" count="0" type="cond" truecount="0" falsecount="2"/>
          <line num="98" count="0" type="stmt"/>
          <line num="100" count="0" type="cond" truecount="0" falsecount="2"/>
          <line num="101" count="0" type="stmt"/>
          <line num="102" count="0" type="cond" truecount="0" falsecount="2"/>
          <line num="107" count="0" type="stmt"/>
          <line num="109" count="0" type="cond" truecount="0" falsecount="2"/>
          <line num="110" count="0" type="stmt"/>
          <line num="113" count="0" type="cond" truecount="0" falsecount="2"/>
          <line num="117" count="0" type="cond" truecount="0" falsecount="2"/>
          <line num="118" count="0" type="stmt"/>
          <line num="124" count="1" type="stmt"/>
          <line num="127" count="1" type="cond" truecount="1" falsecount="1"/>
          <line num="130" count="1" type="cond" truecount="1" falsecount="1"/>
          <line num="131" count="0" type="stmt"/>
          <line num="133" count="1" type="stmt"/>
          <line num="137" count="1" type="cond" truecount="1" falsecount="1"/>
          <line num="140" count="1" type="stmt"/>
          <line num="144" count="1" type="stmt"/>
          <line num="146" count="1" type="cond" truecount="1" falsecount="1"/>
          <line num="147" count="1" type="stmt"/>
          <line num="148" count="2" type="cond" truecount="2" falsecount="0"/>
          <line num="152" count="1" type="stmt"/>
          <line num="156" count="1" type="stmt"/>
          <line num="163" count="1" type="stmt"/>
        </file>
        <file name="index.js" path="/Users/sky/src/chamel/src/EnhancedTextarea/index.js">
          <metrics statements="0" coveredstatements="0" conditionals="0" coveredconditionals="0" methods="0" coveredmethods="0"/>
        </file>
      </package>
      <package name="src.FontIcon">
        <metrics statements="15" coveredstatements="13" conditionals="6" coveredconditionals="3" methods="1" coveredmethods="1"/>
        <file name="FontIcon.js" path="/Users/sky/src/chamel/src/FontIcon/FontIcon.js">
          <metrics statements="15" coveredstatements="13" conditionals="6" coveredconditionals="3" methods="1" coveredmethods="1"/>
          <line num="14" count="108" type="stmt"/>
          <line num="15" count="1" type="stmt"/>
          <line num="16" count="1" type="stmt"/>
          <line num="19" count="1" type="cond" truecount="2" falsecount="2"/>
          <line num="20" count="0" type="stmt"/>
          <line num="21" count="0" type="stmt"/>
          <line num="23" count="1" type="stmt"/>
          <line num="24" count="1" type="stmt"/>
          <line num="30" count="1" type="stmt"/>
          <line num="32" count="1" type="stmt"/>
          <line num="39" count="1" type="cond" truecount="1" falsecount="1"/>
          <line num="41" count="1" type="stmt"/>
          <line num="49" count="108" type="stmt"/>
          <line num="57" count="108" type="stmt"/>
          <line num="65" count="108" type="stmt"/>
        </file>
        <file name="index.js" path="/Users/sky/src/chamel/src/FontIcon/index.js">
          <metrics statements="0" coveredstatements="0" conditionals="0" coveredconditionals="0" methods="0" coveredmethods="0"/>
        </file>
      </package>
      <package name="src.Grid">
        <metrics statements="17" coveredstatements="17" conditionals="14" coveredconditionals="7" methods="3" coveredmethods="3"/>
        <file name="Column.js" path="/Users/sky/src/chamel/src/Grid/Column.js">
          <metrics statements="6" coveredstatements="6" conditionals="4" coveredconditionals="2" methods="1" coveredmethods="1"/>
          <line num="14" count="1" type="stmt"/>
          <line num="15" count="1" type="cond" truecount="2" falsecount="2"/>
          <line num="18" count="1" type="stmt"/>
          <line num="26" count="1" type="stmt"/>
          <line num="36" count="1" type="stmt"/>
          <line num="49" count="1" type="stmt"/>
        </file>
        <file name="Container.js" path="/Users/sky/src/chamel/src/Grid/Container.js">
          <metrics statements="6" coveredstatements="6" conditionals="6" coveredconditionals="3" methods="1" coveredmethods="1"/>
          <line num="13" count="1" type="stmt"/>
          <line num="14" count="1" type="cond" truecount="2" falsecount="2"/>
          <line num="17" count="1" type="cond" truecount="1" falsecount="1"/>
          <line num="19" count="1" type="stmt"/>
          <line num="29" count="1" type="stmt"/>
          <line num="36" count="1" type="stmt"/>
        </file>
        <file name="Row.js" path="/Users/sky/src/chamel/src/Grid/Row.js">
          <metrics statements="5" coveredstatements="5" conditionals="4" coveredconditionals="2" methods="1" coveredmethods="1"/>
          <line num="13" count="1" type="stmt"/>
          <line num="14" count="1" type="cond" truecount="2" falsecount="2"/>
          <line num="17" count="1" type="stmt"/>
          <line num="27" count="1" type="stmt"/>
          <line num="34" count="1" type="stmt"/>
        </file>
      </package>
      <package name="src.Input">
        <metrics statements="230" coveredstatements="36" conditionals="198" coveredconditionals="27" methods="38" coveredmethods="4"/>
        <file name="RichText.js" path="/Users/sky/src/chamel/src/Input/RichText.js">
          <metrics statements="54" coveredstatements="15" conditionals="30" coveredconditionals="6" methods="11" coveredmethods="2"/>
          <line num="10" count="2" type="stmt"/>
          <line num="85" count="1" type="stmt"/>
          <line num="87" count="1" type="stmt"/>
          <line num="90" count="1" type="cond" truecount="1" falsecount="1"/>
          <line num="92" count="0" type="stmt"/>
          <line num="95" count="1" type="stmt"/>
          <line num="107" count="0" type="stmt"/>
          <line num="109" count="0" type="cond" truecount="0" falsecount="2"/>
          <line num="110" count="0" type="stmt"/>
          <line num="111" count="0" type="stmt"/>
          <line num="121" count="0" type="stmt"/>
          <line num="123" count="0" type="cond" truecount="0" falsecount="2"/>
          <line num="124" count="0" type="stmt"/>
          <line num="125" count="0" type="stmt"/>
          <line num="135" count="0" type="cond" truecount="0" falsecount="2"/>
          <line num="136" count="0" type="stmt"/>
          <line num="137" count="0" type="stmt"/>
          <line num="149" count="0" type="stmt"/>
          <line num="150" count="0" type="stmt"/>
          <line num="152" count="0" type="cond" truecount="0" falsecount="2"/>
          <line num="153" count="0" type="stmt"/>
          <line num="154" count="0" type="stmt"/>
          <line num="157" count="0" type="stmt"/>
          <line num="168" count="0" type="stmt"/>
          <line num="169" count="0" type="stmt"/>
          <line num="180" count="0" type="stmt"/>
          <line num="182" count="0" type="cond" truecount="0" falsecount="2"/>
          <line num="183" count="0" type="stmt"/>
          <line num="184" count="0" type="stmt"/>
          <line num="187" count="0" type="stmt"/>
          <line num="197" count="0" type="stmt"/>
          <line num="199" count="0" type="cond" truecount="0" falsecount="2"/>
          <line num="200" count="0" type="stmt"/>
          <line num="201" count="0" type="stmt"/>
          <line num="204" count="0" type="stmt"/>
          <line num="217" count="0" type="cond" truecount="0" falsecount="2"/>
          <line num="219" count="0" type="stmt"/>
          <line num="221" count="0" type="stmt"/>
          <line num="229" count="0" type="cond" truecount="0" falsecount="2"/>
          <line num="230" count="0" type="stmt"/>
          <line num="231" count="0" type="cond" truecount="0" falsecount="2"/>
          <line num="232" count="0" type="stmt"/>
          <line num="237" count="1" type="stmt"/>
          <line num="240" count="1" type="cond" truecount="2" falsecount="2"/>
          <line num="244" count="1" type="stmt"/>
          <line num="247" count="1" type="stmt"/>
          <line num="248" count="1" type="cond" truecount="1" falsecount="1"/>
          <line num="249" count="1" type="cond" truecount="1" falsecount="1"/>
          <line num="250" count="0" type="stmt"/>
          <line num="255" count="1" type="cond" truecount="1" falsecount="1"/>
          <line num="256" count="0" type="stmt"/>
          <line num="259" count="1" type="stmt"/>
          <line num="260" count="1" type="stmt"/>
          <line num="262" count="1" type="stmt"/>
        </file>
        <file name="TextField.js" path="/Users/sky/src/chamel/src/Input/TextField.js">
          <metrics statements="176" coveredstatements="21" conditionals="168" coveredconditionals="21" methods="27" coveredmethods="2"/>
          <line num="159" count="1" type="stmt"/>
          <line num="161" count="1" type="stmt"/>
          <line num="179" count="0" type="stmt"/>
          <line num="180" count="0" type="stmt"/>
          <line num="181" count="0" type="stmt"/>
          <line num="182" count="0" type="stmt"/>
          <line num="183" count="0" type="stmt"/>
          <line num="184" count="0" type="stmt"/>
          <line num="186" count="0" type="cond" truecount="0" falsecount="2"/>
          <line num="187" count="0" type="stmt"/>
          <line num="188" count="0" type="cond" truecount="0" falsecount="2"/>
          <line num="189" count="0" type="stmt"/>
          <line num="190" count="0" type="cond" truecount="0" falsecount="2"/>
          <line num="191" count="0" type="stmt"/>
          <line num="195" count="0" type="cond" truecount="0" falsecount="2"/>
          <line num="196" count="0" type="stmt"/>
          <line num="199" count="0" type="cond" truecount="0" falsecount="2"/>
          <line num="200" count="0" type="stmt"/>
          <line num="204" count="0" type="cond" truecount="0" falsecount="4"/>
          <line num="205" count="0" type="stmt"/>
          <line num="208" count="0" type="cond" truecount="0" falsecount="2"/>
          <line num="209" count="0" type="cond" truecount="0" falsecount="2"/>
          <line num="213" count="0" type="stmt"/>
          <line num="215" count="0" type="cond" truecount="0" falsecount="2"/>
          <line num="216" count="0" type="stmt"/>
          <line num="222" count="0" type="cond" truecount="0" falsecount="2"/>
          <line num="224" count="0" type="cond" truecount="0" falsecount="2"/>
          <line num="225" count="0" type="stmt"/>
          <line num="230" count="0" type="stmt"/>
          <line num="241" count="1" type="cond" truecount="2" falsecount="2"/>
          <line num="265" count="1" type="stmt"/>
          <line num="267" count="1" type="stmt"/>
          <line num="274" count="1" type="cond" truecount="2" falsecount="0"/>
          <line num="276" count="1" type="cond" truecount="1" falsecount="1"/>
          <line num="281" count="1" type="stmt"/>
          <line num="285" count="1" type="cond" truecount="1" falsecount="1"/>
          <line num="290" count="1" type="stmt"/>
          <line num="294" count="1" type="cond" truecount="1" falsecount="1"/>
          <line num="303" count="1" type="stmt"/>
          <line num="311" count="1" type="stmt"/>
          <line num="323" count="1" type="cond" truecount="1" falsecount="1"/>
          <line num="324" count="1" type="stmt"/>
          <line num="328" count="1" type="stmt"/>
          <line num="329" count="0" type="cond" truecount="0" falsecount="6"/>
          <line num="336" count="0" type="stmt"/>
          <line num="337" count="0" type="stmt"/>
          <line num="341" count="1" type="cond" truecount="1" falsecount="1"/>
          <line num="356" count="1" type="stmt"/>
          <line num="357" count="1" type="cond" truecount="2" falsecount="2"/>
          <line num="360" count="0" type="cond" truecount="0" falsecount="4"/>
          <line num="361" count="0" type="stmt"/>
          <line num="364" count="0" type="stmt"/>
          <line num="366" count="0" type="cond" truecount="0" falsecount="5"/>
          <line num="369" count="0" type="cond" truecount="0" falsecount="2"/>
          <line num="370" count="0" type="stmt"/>
          <line num="372" count="0" type="stmt"/>
          <line num="374" count="0" type="cond" truecount="0" falsecount="2"/>
          <line num="377" count="0" type="stmt"/>
          <line num="380" count="0" type="stmt"/>
          <line num="381" count="0" type="stmt"/>
          <line num="387" count="0" type="stmt"/>
          <line num="388" count="0" type="stmt"/>
          <line num="389" count="0" type="stmt"/>
          <line num="391" count="0" type="cond" truecount="0" falsecount="2"/>
          <line num="392" count="0" type="stmt"/>
          <line num="396" count="0" type="cond" truecount="0" falsecount="4"/>
          <line num="397" count="0" type="stmt"/>
          <line num="403" count="1" type="stmt"/>
          <line num="409" count="1" type="stmt"/>
          <line num="429" count="0" type="cond" truecount="0" falsecount="2"/>
          <line num="433" count="0" type="stmt"/>
          <line num="437" count="0" type="cond" truecount="0" falsecount="2"/>
          <line num="441" count="0" type="cond" truecount="0" falsecount="2"/>
          <line num="452" count="0" type="cond" truecount="0" falsecount="2"/>
          <line num="453" count="0" type="stmt"/>
          <line num="456" count="0" type="stmt"/>
          <line num="459" count="0" type="stmt"/>
          <line num="462" count="0" type="cond" truecount="0" falsecount="2"/>
          <line num="465" count="0" type="stmt"/>
          <line num="468" count="0" type="stmt"/>
          <line num="471" count="0" type="stmt"/>
          <line num="474" count="0" type="stmt"/>
          <line num="478" count="0" type="cond" truecount="0" falsecount="4"/>
          <line num="479" count="0" type="stmt"/>
          <line num="482" count="0" type="stmt"/>
          <line num="492" count="0" type="stmt"/>
          <line num="494" count="0" type="stmt"/>
          <line num="499" count="0" type="cond" truecount="0" falsecount="2"/>
          <line num="501" count="0" type="cond" truecount="0" falsecount="2"/>
          <line num="502" count="0" type="stmt"/>
          <line num="503" count="0" type="stmt"/>
          <line num="504" count="0" type="stmt"/>
          <line num="505" count="0" type="stmt"/>
          <line num="510" count="0" type="cond" truecount="0" falsecount="4"/>
          <line num="511" count="0" type="stmt"/>
          <line num="512" count="0" type="stmt"/>
          <line num="513" count="0" type="stmt"/>
          <line num="517" count="0" type="stmt"/>
          <line num="518" count="0" type="stmt"/>
          <line num="526" count="0" type="stmt"/>
          <line num="529" count="0" type="cond" truecount="0" falsecount="2"/>
          <line num="530" count="0" type="stmt"/>
          <line num="533" count="0" type="stmt"/>
          <line num="556" count="0" type="stmt"/>
          <line num="558" count="0" type="stmt"/>
          <line num="572" count="0" type="cond" truecount="0" falsecount="2"/>
          <line num="574" count="0" type="cond" truecount="0" falsecount="2"/>
          <line num="575" count="0" type="stmt"/>
          <line num="577" count="0" type="stmt"/>
          <line num="579" count="0" type="stmt"/>
          <line num="583" count="0" type="stmt"/>
          <line num="584" count="0" type="stmt"/>
          <line num="592" count="0" type="stmt"/>
          <line num="594" count="0" type="stmt"/>
          <line num="595" count="0" type="stmt"/>
          <line num="596" count="0" type="cond" truecount="0" falsecount="2"/>
          <line num="601" count="0" type="stmt"/>
          <line num="602" count="0" type="stmt"/>
          <line num="610" count="0" type="stmt"/>
          <line num="614" count="0" type="stmt"/>
          <line num="618" count="0" type="cond" truecount="0" falsecount="2"/>
          <line num="622" count="0" type="stmt"/>
          <line num="624" count="0" type="stmt"/>
          <line num="632" count="0" type="cond" truecount="0" falsecount="2"/>
          <line num="633" count="0" type="stmt"/>
          <line num="638" count="0" type="stmt"/>
          <line num="642" count="0" type="cond" truecount="0" falsecount="2"/>
          <line num="646" count="0" type="cond" truecount="0" falsecount="2"/>
          <line num="652" count="0" type="cond" truecount="0" falsecount="2"/>
          <line num="653" count="0" type="stmt"/>
          <line num="661" count="0" type="cond" truecount="0" falsecount="2"/>
          <line num="672" count="0" type="cond" truecount="0" falsecount="4"/>
          <line num="674" count="0" type="cond" truecount="0" falsecount="2"/>
          <line num="675" count="0" type="stmt"/>
          <line num="681" count="0" type="cond" truecount="0" falsecount="2"/>
          <line num="682" count="0" type="stmt"/>
          <line num="688" count="0" type="cond" truecount="0" falsecount="2"/>
          <line num="689" count="0" type="stmt"/>
          <line num="692" count="0" type="stmt"/>
          <line num="696" count="0" type="cond" truecount="0" falsecount="2"/>
          <line num="697" count="0" type="stmt"/>
          <line num="700" count="0" type="cond" truecount="0" falsecount="2"/>
          <line num="701" count="0" type="stmt"/>
          <line num="712" count="0" type="cond" truecount="0" falsecount="4"/>
          <line num="717" count="0" type="cond" truecount="0" falsecount="2"/>
          <line num="718" count="0" type="stmt"/>
          <line num="724" count="0" type="stmt"/>
          <line num="727" count="0" type="cond" truecount="0" falsecount="2"/>
          <line num="728" count="0" type="stmt"/>
          <line num="741" count="0" type="stmt"/>
          <line num="742" count="0" type="stmt"/>
          <line num="744" count="0" type="cond" truecount="0" falsecount="2"/>
          <line num="745" count="0" type="stmt"/>
          <line num="763" count="0" type="stmt"/>
          <line num="764" count="0" type="stmt"/>
          <line num="765" count="0" type="stmt"/>
          <line num="767" count="0" type="cond" truecount="0" falsecount="2"/>
          <line num="768" count="0" type="stmt"/>
          <line num="770" count="0" type="stmt"/>
          <line num="786" count="0" type="cond" truecount="0" falsecount="2"/>
          <line num="788" count="0" type="cond" truecount="0" falsecount="2"/>
          <line num="789" count="0" type="stmt"/>
          <line num="790" count="0" type="stmt"/>
          <line num="793" count="0" type="cond" truecount="0" falsecount="2"/>
          <line num="794" count="0" type="stmt"/>
          <line num="795" count="0" type="stmt"/>
          <line num="800" count="0" type="cond" truecount="0" falsecount="4"/>
          <line num="806" count="0" type="stmt"/>
          <line num="808" count="0" type="cond" truecount="0" falsecount="4"/>
          <line num="809" count="0" type="stmt"/>
          <line num="813" count="0" type="stmt"/>
          <line num="824" count="0" type="stmt"/>
          <line num="827" count="0" type="cond" truecount="0" falsecount="2"/>
          <line num="828" count="0" type="stmt"/>
          <line num="834" count="0" type="stmt"/>
          <line num="849" count="0" type="stmt"/>
        </file>
      </package>
      <package name="src.List">
        <metrics statements="46" coveredstatements="36" conditionals="36" coveredconditionals="14" methods="8" coveredmethods="4"/>
        <file name="List.js" path="/Users/sky/src/chamel/src/List/List.js">
          <metrics statements="13" coveredstatements="8" conditionals="8" coveredconditionals="2" methods="2" coveredmethods="1"/>
          <line num="13" count="1" type="stmt"/>
          <line num="14" count="1" type="cond" truecount="2" falsecount="2"/>
          <line num="17" count="1" type="stmt"/>
          <line num="18" count="1" type="stmt"/>
          <line num="19" count="0" type="stmt"/>
          <line num="20" count="0" type="cond" truecount="0" falsecount="4"/>
          <line num="21" count="0" type="stmt"/>
          <line num="27" count="0" type="stmt"/>
          <line num="29" count="0" type="stmt"/>
          <line num="39" count="1" type="stmt"/>
          <line num="47" count="1" type="stmt"/>
          <line num="56" count="1" type="stmt"/>
          <line num="64" count="1" type="stmt"/>
        </file>
        <file name="ListDivider.js" path="/Users/sky/src/chamel/src/List/ListDivider.js">
          <metrics statements="7" coveredstatements="7" conditionals="4" coveredconditionals="2" methods="1" coveredmethods="1"/>
          <line num="15" count="1" type="stmt"/>
          <line num="16" count="1" type="cond" truecount="2" falsecount="2"/>
          <line num="19" count="1" type="stmt"/>
          <line num="23" count="1" type="stmt"/>
          <line num="31" count="1" type="stmt"/>
          <line num="41" count="1" type="stmt"/>
          <line num="48" count="1" type="stmt"/>
        </file>
        <file name="ListItem.js" path="/Users/sky/src/chamel/src/List/ListItem.js">
          <metrics statements="14" coveredstatements="12" conditionals="16" coveredconditionals="7" methods="2" coveredmethods="1"/>
          <line num="16" count="1" type="stmt"/>
          <line num="17" count="1" type="cond" truecount="2" falsecount="2"/>
          <line num="20" count="1" type="stmt"/>
          <line num="26" count="1" type="cond" truecount="1" falsecount="1"/>
          <line num="27" count="1" type="cond" truecount="2" falsecount="0"/>
          <line num="30" count="1" type="stmt"/>
          <line num="31" count="1" type="cond" truecount="1" falsecount="1"/>
          <line num="32" count="0" type="cond" truecount="0" falsecount="4"/>
          <line num="35" count="0" type="stmt"/>
          <line num="43" count="1" type="cond" truecount="1" falsecount="1"/>
          <line num="46" count="1" type="stmt"/>
          <line num="65" count="1" type="stmt"/>
          <line num="121" count="1" type="stmt"/>
          <line num="133" count="1" type="stmt"/>
        </file>
        <file name="ListItemCheckbox.js" path="/Users/sky/src/chamel/src/List/ListItemCheckbox.js">
          <metrics statements="12" coveredstatements="9" conditionals="8" coveredconditionals="3" methods="3" coveredmethods="1"/>
          <line num="16" count="1" type="stmt"/>
          <line num="17" count="1" type="cond" truecount="2" falsecount="2"/>
          <line num="20" count="1" type="stmt"/>
          <line num="25" count="1" type="stmt"/>
          <line num="26" count="0" type="cond" truecount="0" falsecount="2"/>
          <line num="27" count="0" type="stmt"/>
          <line num="32" count="1" type="cond" truecount="1" falsecount="1"/>
          <line num="35" count="1" type="stmt"/>
          <line num="44" count="0" type="stmt"/>
          <line num="57" count="1" type="stmt"/>
          <line num="88" count="1" type="stmt"/>
          <line num="99" count="1" type="stmt"/>
        </file>
        <file name="index.js" path="/Users/sky/src/chamel/src/List/index.js">
          <metrics statements="0" coveredstatements="0" conditionals="0" coveredconditionals="0" methods="0" coveredmethods="0"/>
        </file>
      </package>
      <package name="src.Menu">
        <metrics statements="158" coveredstatements="66" conditionals="120" coveredconditionals="31" methods="44" coveredmethods="13"/>
        <file name="LinkMenuItem.jsx" path="/Users/sky/src/chamel/src/Menu/LinkMenuItem.jsx">
          <metrics statements="21" coveredstatements="19" conditionals="14" coveredconditionals="8" methods="5" coveredmethods="4"/>
          <line num="8" count="1" type="stmt"/>
          <line num="11" count="1" type="cond" truecount="1" falsecount="1"/>
          <line num="13" count="1" type="cond" truecount="1" falsecount="1"/>
          <line num="14" count="1" type="stmt"/>
          <line num="15" count="1" type="stmt"/>
          <line num="17" count="1" type="stmt"/>
          <line num="24" count="0" type="stmt"/>
          <line num="28" count="1" type="stmt"/>
          <line num="31" count="1" type="cond" truecount="1" falsecount="1"/>
          <line num="34" count="1" type="cond" truecount="1" falsecount="1"/>
          <line num="35" count="0" type="stmt"/>
          <line num="37" count="1" type="stmt"/>
          <line num="41" count="1" type="cond" truecount="1" falsecount="1"/>
          <line num="44" count="1" type="stmt"/>
          <line num="48" count="1" type="stmt"/>
          <line num="50" count="1" type="cond" truecount="1" falsecount="1"/>
          <line num="51" count="1" type="stmt"/>
          <line num="52" count="3" type="cond" truecount="2" falsecount="0"/>
          <line num="56" count="1" type="stmt"/>
          <line num="60" count="10" type="stmt"/>
          <line num="68" count="10" type="stmt"/>
        </file>
        <file name="Menu.jsx" path="/Users/sky/src/chamel/src/Menu/Menu.jsx">
          <metrics statements="71" coveredstatements="10" conditionals="48" coveredconditionals="4" methods="19" coveredmethods="2"/>
          <line num="23" count="1" type="stmt"/>
          <line num="25" count="1" type="stmt"/>
          <line num="32" count="0" type="stmt"/>
          <line num="36" count="0" type="stmt"/>
          <line num="39" count="0" type="stmt"/>
          <line num="42" count="0" type="stmt"/>
          <line num="45" count="0" type="stmt"/>
          <line num="49" count="0" type="cond" truecount="0" falsecount="2"/>
          <line num="53" count="1" type="cond" truecount="2" falsecount="2"/>
          <line num="56" count="1" type="stmt"/>
          <line num="62" count="1" type="cond" truecount="1" falsecount="1"/>
          <line num="63" count="0" type="stmt"/>
          <line num="66" count="1" type="cond" truecount="1" falsecount="1"/>
          <line num="68" count="1" type="stmt"/>
          <line num="88" count="0" type="stmt"/>
          <line num="92" count="0" type="stmt"/>
          <line num="100" count="0" type="stmt"/>
          <line num="102" count="0" type="stmt"/>
          <line num="103" count="0" type="stmt"/>
          <line num="104" count="0" type="stmt"/>
          <line num="105" count="0" type="cond" truecount="0" falsecount="2"/>
          <line num="107" count="0" type="cond" truecount="0" falsecount="2"/>
          <line num="108" count="0" type="stmt"/>
          <line num="110" count="0" type="stmt"/>
          <line num="121" count="0" type="stmt"/>
          <line num="123" count="0" type="cond" truecount="0" falsecount="4"/>
          <line num="126" count="0" type="stmt"/>
          <line num="135" count="0" type="stmt"/>
          <line num="138" count="0" type="stmt"/>
          <line num="144" count="0" type="stmt"/>
          <line num="147" count="0" type="stmt"/>
          <line num="148" count="0" type="stmt"/>
          <line num="160" count="0" type="stmt"/>
          <line num="161" count="0" type="stmt"/>
          <line num="164" count="0" type="stmt"/>
          <line num="182" count="0" type="stmt"/>
          <line num="185" count="0" type="stmt"/>
          <line num="189" count="0" type="cond" truecount="0" falsecount="2"/>
          <line num="194" count="0" type="stmt"/>
          <line num="198" count="0" type="cond" truecount="0" falsecount="2"/>
          <line num="200" count="0" type="stmt"/>
          <line num="208" count="0" type="cond" truecount="0" falsecount="2"/>
          <line num="209" count="0" type="stmt"/>
          <line num="210" count="0" type="stmt"/>
          <line num="212" count="0" type="cond" truecount="0" falsecount="2"/>
          <line num="214" count="0" type="stmt"/>
          <line num="222" count="0" type="stmt"/>
          <line num="226" count="0" type="stmt"/>
          <line num="229" count="0" type="cond" truecount="0" falsecount="2"/>
          <line num="235" count="0" type="stmt"/>
          <line num="238" count="0" type="stmt"/>
          <line num="244" count="0" type="cond" truecount="0" falsecount="2"/>
          <line num="248" count="0" type="cond" truecount="0" falsecount="2"/>
          <line num="252" count="0" type="cond" truecount="0" falsecount="2"/>
          <line num="256" count="0" type="cond" truecount="0" falsecount="2"/>
          <line num="260" count="0" type="cond" truecount="0" falsecount="2"/>
          <line num="264" count="0" type="stmt"/>
          <line num="267" count="0" type="cond" truecount="0" falsecount="2"/>
          <line num="270" count="0" type="cond" truecount="0" falsecount="2"/>
          <line num="271" count="0" type="stmt"/>
          <line num="273" count="0" type="stmt"/>
          <line num="277" count="0" type="cond" truecount="0" falsecount="2"/>
          <line num="280" count="0" type="stmt"/>
          <line num="284" count="0" type="stmt"/>
          <line num="286" count="0" type="cond" truecount="0" falsecount="2"/>
          <line num="287" count="0" type="stmt"/>
          <line num="288" count="0" type="cond" truecount="0" falsecount="2"/>
          <line num="292" count="0" type="stmt"/>
          <line num="296" count="9" type="stmt"/>
          <line num="324" count="9" type="stmt"/>
          <line num="336" count="9" type="stmt"/>
        </file>
        <file name="MenuItem.jsx" path="/Users/sky/src/chamel/src/Menu/MenuItem.jsx">
          <metrics statements="30" coveredstatements="16" conditionals="36" coveredconditionals="11" methods="4" coveredmethods="1"/>
          <line num="8" count="10" type="stmt"/>
          <line num="21" count="1" type="cond" truecount="2" falsecount="2"/>
          <line num="24" count="1" type="stmt"/>
          <line num="36" count="1" type="cond" truecount="1" falsecount="1"/>
          <line num="37" count="0" type="stmt"/>
          <line num="39" count="1" type="cond" truecount="1" falsecount="1"/>
          <line num="40" count="0" type="stmt"/>
          <line num="42" count="1" type="cond" truecount="1" falsecount="1"/>
          <line num="43" count="0" type="stmt"/>
          <line num="45" count="1" type="cond" truecount="1" falsecount="1"/>
          <line num="46" count="0" type="stmt"/>
          <line num="49" count="1" type="cond" truecount="1" falsecount="1"/>
          <line num="50" count="0" type="stmt"/>
          <line num="55" count="1" type="cond" truecount="2" falsecount="0"/>
          <line num="56" count="1" type="cond" truecount="1" falsecount="1"/>
          <line num="57" count="1" type="stmt"/>
          <line num="58" count="0" type="stmt"/>
          <line num="63" count="1" type="cond" truecount="1" falsecount="1"/>
          <line num="71" count="0" type="stmt"/>
          <line num="72" count="0" type="stmt"/>
          <line num="75" count="1" type="stmt"/>
          <line num="94" count="0" type="cond" truecount="0" falsecount="4"/>
          <line num="95" count="0" type="stmt"/>
          <line num="96" count="0" type="cond" truecount="0" falsecount="4"/>
          <line num="97" count="0" type="stmt"/>
          <line num="102" count="0" type="cond" truecount="0" falsecount="4"/>
          <line num="106" count="0" type="cond" truecount="0" falsecount="4"/>
          <line num="113" count="10" type="stmt"/>
          <line num="131" count="10" type="stmt"/>
          <line num="140" count="10" type="stmt"/>
        </file>
        <file name="NestedMenuItem.jsx" path="/Users/sky/src/chamel/src/Menu/NestedMenuItem.jsx">
          <metrics statements="32" coveredstatements="17" conditionals="18" coveredconditionals="6" methods="15" coveredmethods="5"/>
          <line num="26" count="1" type="stmt"/>
          <line num="28" count="1" type="stmt"/>
          <line num="34" count="0" type="stmt"/>
          <line num="38" count="0" type="stmt"/>
          <line num="42" count="1" type="stmt"/>
          <line num="47" count="1" type="stmt"/>
          <line num="69" count="0" type="stmt"/>
          <line num="73" count="0" type="stmt"/>
          <line num="74" count="0" type="stmt"/>
          <line num="76" count="0" type="stmt"/>
          <line num="80" count="0" type="cond" truecount="0" falsecount="2"/>
          <line num="84" count="0" type="stmt"/>
          <line num="88" count="0" type="cond" truecount="0" falsecount="2"/>
          <line num="92" count="0" type="stmt"/>
          <line num="96" count="0" type="cond" truecount="0" falsecount="2"/>
          <line num="97" count="0" type="stmt"/>
          <line num="101" count="0" type="cond" truecount="0" falsecount="2"/>
          <line num="102" count="0" type="stmt"/>
          <line num="106" count="1" type="stmt"/>
          <line num="109" count="1" type="cond" truecount="1" falsecount="1"/>
          <line num="112" count="1" type="cond" truecount="1" falsecount="1"/>
          <line num="113" count="0" type="stmt"/>
          <line num="115" count="1" type="stmt"/>
          <line num="119" count="1" type="cond" truecount="1" falsecount="1"/>
          <line num="122" count="1" type="stmt"/>
          <line num="126" count="1" type="stmt"/>
          <line num="128" count="1" type="cond" truecount="1" falsecount="1"/>
          <line num="129" count="1" type="stmt"/>
          <line num="130" count="3" type="cond" truecount="2" falsecount="0"/>
          <line num="134" count="1" type="stmt"/>
          <line num="138" count="1" type="stmt"/>
          <line num="148" count="1" type="stmt"/>
        </file>
        <file name="SubheaderMenuItem.jsx" path="/Users/sky/src/chamel/src/Menu/SubheaderMenuItem.jsx">
          <metrics statements="4" coveredstatements="4" conditionals="4" coveredconditionals="2" methods="1" coveredmethods="1"/>
          <line num="5" count="10" type="stmt"/>
          <line num="6" count="1" type="cond" truecount="2" falsecount="2"/>
[...]
          <line num="75" count="0" type="cond" truecount="0" falsecount="2"/>
          <line num="76" count="0" type="stmt"/>
          <line num="78" count="0" type="stmt"/>
          <line num="82" count="0" type="stmt"/>
          <line num="84" count="0" type="stmt"/>
          <line num="85" count="0" type="stmt"/>
          <line num="86" count="0" type="stmt"/>
          <line num="93" count="0" type="cond" truecount="0" falsecount="2"/>
          <line num="94" count="0" type="stmt"/>
          <line num="95" count="0" type="stmt"/>
          <line num="99" count="0" type="stmt"/>
          <line num="101" count="0" type="stmt"/>
          <line num="104" count="0" type="stmt"/>
          <line num="107" count="0" type="stmt"/>
        </file>
        <file name="Events.jsx" path="/Users/sky/src/chamel/src/utils/Events.jsx">
          <metrics statements="14" coveredstatements="1" conditionals="4" coveredconditionals="0" methods="5" coveredmethods="0"/>
          <line num="3" count="14" type="stmt"/>
          <line num="6" count="0" type="stmt"/>
          <line num="7" count="0" type="stmt"/>
          <line num="8" count="0" type="stmt"/>
          <line num="9" count="0" type="stmt"/>
          <line num="12" count="0" type="stmt"/>
          <line num="13" count="0" type="stmt"/>
          <line num="19" count="0" type="cond" truecount="0" falsecount="2"/>
          <line num="20" count="0" type="stmt"/>
          <line num="22" count="0" type="stmt"/>
          <line num="23" count="0" type="stmt"/>
          <line num="30" count="0" type="cond" truecount="0" falsecount="2"/>
          <line num="31" count="0" type="stmt"/>
          <line num="33" count="0" type="stmt"/>
        </file>
        <file name="KeyCode.jsx" path="/Users/sky/src/chamel/src/utils/KeyCode.jsx">
          <metrics statements="1" coveredstatements="1" conditionals="0" coveredconditionals="0" methods="0" coveredmethods="0"/>
          <line num="1" count="7" type="stmt"/>
        </file>
        <file name="KeyLine.jsx" path="/Users/sky/src/chamel/src/utils/KeyLine.jsx">
          <metrics statements="2" coveredstatements="1" conditionals="0" coveredconditionals="0" methods="1" coveredmethods="0"/>
          <line num="1" count="9" type="stmt"/>
          <line num="11" count="0" type="stmt"/>
        </file>
        <file name="UniqueId.jsx" path="/Users/sky/src/chamel/src/utils/UniqueId.jsx">
          <metrics statements="3" coveredstatements="3" conditionals="0" coveredconditionals="0" methods="1" coveredmethods="1"/>
          <line num="1" count="3" type="stmt"/>
          <line num="3" count="3" type="stmt"/>
          <line num="5" count="1" type="stmt"/>
        </file>
        <file name="device.js" path="/Users/sky/src/chamel/src/utils/device.js">
          <metrics statements="5" coveredstatements="4" conditionals="2" coveredconditionals="1" methods="0" coveredmethods="0"/>
          <line num="6" count="2" type="stmt"/>
          <line num="11" count="2" type="cond" truecount="1" falsecount="1"/>
          <line num="12" count="2" type="stmt"/>
          <line num="15" count="0" type="stmt"/>
          <line num="21" count="2" type="stmt"/>
        </file>
        <file name="modernizr.custom.js" path="/Users/sky/src/chamel/src/utils/modernizr.custom.js">
          <metrics statements="266" coveredstatements="143" conditionals="151" coveredconditionals="58" methods="37" coveredmethods="20"/>
          <line num="26" count="2" type="stmt"/>
          <line num="28" count="2" type="stmt"/>
          <line num="38" count="2" type="stmt"/>
          <line num="48" count="2" type="stmt"/>
          <line num="51" count="2" type="stmt"/>
          <line num="62" count="2" type="stmt"/>
          <line num="86" count="0" type="stmt"/>
          <line num="87" count="0" type="stmt"/>
          <line num="88" count="0" type="stmt"/>
          <line num="93" count="22" type="stmt"/>
          <line num="97" count="0" type="stmt"/>
          <line num="104" count="2" type="stmt"/>
          <line num="105" count="2" type="stmt"/>
          <line num="109" count="2" type="stmt"/>
          <line num="124" count="2" type="stmt"/>
          <line num="125" count="2" type="cond" truecount="2" falsecount="0"/>
          <line num="127" count="2" type="cond" truecount="1" falsecount="1"/>
          <line num="128" count="0" type="stmt"/>
          <line num="133" count="2" type="cond" truecount="1" falsecount="1"/>
          <line num="134" count="2" type="stmt"/>
          <line num="135" count="2" type="stmt"/>
          <line num="138" count="2" type="cond" truecount="1" falsecount="1"/>
          <line num="140" count="2" type="stmt"/>
          <line num="141" count="2" type="cond" truecount="1" falsecount="1"/>
          <line num="170" count="2" type="cond" truecount="2" falsecount="0"/>
          <line num="199" count="2" type="cond" truecount="1" falsecount="1"/>
          <line num="234" count="2" type="cond" truecount="1" falsecount="1"/>
          <line num="237" count="2" type="stmt"/>
          <line num="252" count="72" type="stmt"/>
          <line num="271" count="2" type="stmt"/>
          <line num="272" count="22" type="cond" truecount="1" falsecount="1"/>
          <line num="273" count="22" type="stmt"/>
          <line num="274" count="22" type="stmt"/>
          <line num="282" count="22" type="cond" truecount="1" falsecount="1"/>
          <line num="283" count="22" type="stmt"/>
          <line num="285" count="22" type="cond" truecount="2" falsecount="3"/>
          <line num="287" count="0" type="stmt"/>
          <line num="288" count="0" type="stmt"/>
          <line num="294" count="22" type="cond" truecount="2" falsecount="0"/>
          <line num="298" count="22" type="stmt"/>
          <line num="299" count="22" type="stmt"/>
          <line num="306" count="22" type="stmt"/>
          <line num="308" count="22" type="cond" truecount="1" falsecount="1"/>
          <line num="309" count="22" type="stmt"/>
          <line num="313" count="0" type="cond" truecount="0" falsecount="4"/>
          <line num="314" count="0" type="stmt"/>
          <line num="317" count="0" type="stmt"/>
          <line num="320" count="22" type="cond" truecount="2" falsecount="0"/>
          <line num="343" count="2" type="stmt"/>
          <line num="364" count="2" type="cond" truecount="1" falsecount="1"/>
          <line num="365" count="2" type="stmt"/>
          <line num="379" count="0" type="stmt"/>
          <line num="380" count="0" type="stmt"/>
          <line num="397" count="10" type="cond" truecount="1" falsecount="1"/>
          <line num="400" count="0" type="stmt"/>
          <line num="401" count="10" type="cond" truecount="1" falsecount="1"/>
          <line num="402" count="0" type="stmt"/>
          <line num="404" count="10" type="stmt"/>
          <line num="446" count="2" type="stmt"/>
          <line num="448" count="2" type="stmt"/>
          <line num="449" count="2" type="stmt"/>
          <line num="452" count="2" type="stmt"/>
          <line num="453" count="2" type="cond" truecount="1" falsecount="1"/>
          <line num="454" count="2" type="stmt"/>
          <line num="455" count="2" type="stmt"/>
          <line num="458" count="2" type="stmt"/>
          <line num="460" count="2" type="stmt"/>
          <line num="462" count="2" type="stmt"/>
          <line num="464" count="2" type="stmt"/>
          <line num="468" count="2" type="stmt"/>
          <line num="487" count="2" type="stmt"/>
          <line num="502" count="2" type="stmt"/>
          <line num="503" count="2" type="stmt"/>
          <line num="504" count="2" type="stmt"/>
          <line num="509" count="2" type="stmt"/>
          <line num="521" count="2" type="stmt"/>
          <line num="572" count="2" type="stmt"/>
          <line num="573" count="2" type="stmt"/>
          <line num="575" count="2" type="stmt"/>
          <line num="576" count="2" type="stmt"/>
          <line num="577" count="2" type="stmt"/>
          <line num="582" count="2" type="stmt"/>
          <line num="584" count="26" type="stmt"/>
          <line num="585" count="26" type="cond" truecount="2" falsecount="0"/>
          <line num="590" count="26" type="cond" truecount="1" falsecount="1"/>
          <line num="592" count="26" type="stmt"/>
          <line num="593" count="26" type="stmt"/>
          <line num="595" count="26" type="cond" truecount="3" falsecount="1"/>
          <line num="597" count="0" type="stmt"/>
          <line num="598" count="0" type="stmt"/>
          <line num="601" count="0" type="cond" truecount="0" falsecount="3"/>
          <line num="607" count="0" type="stmt"/>
          <line num="609" count="26" type="cond" truecount="2" falsecount="0"/>
          <line num="616" count="22" type="cond" truecount="2" falsecount="0"/>
          <line num="618" count="6" type="cond" truecount="1" falsecount="1"/>
          <line num="622" count="16" type="stmt"/>
          <line num="626" count="26" type="stmt"/>
          <line num="628" count="2" type="stmt"/>
          <line num="651" count="2" type="cond" truecount="1" falsecount="1"/>
          <line num="652" count="2" type="stmt"/>
          <line num="653" count="2" type="cond" truecount="2" falsecount="0"/>
          <line num="656" count="2" type="cond" truecount="1" falsecount="1"/>
          <line num="657" count="2" type="stmt"/>
          <line num="687" count="2" type="stmt"/>
          <line num="688" count="0" type="stmt"/>
          <line num="689" count="0" type="stmt"/>
          <line num="692" count="0" type="cond" truecount="0" falsecount="2"/>
          <line num="693" count="0" type="stmt"/>
          <line num="696" count="0" type="cond" truecount="0" falsecount="2"/>
          <line num="697" count="0" type="stmt"/>
          <line num="701" count="0" type="stmt"/>
          <line num="704" count="0" type="stmt"/>
          <line num="706" count="0" type="cond" truecount="0" falsecount="2"/>
          <line num="707" count="0" type="stmt"/>
          <line num="710" count="0" type="stmt"/>
          <line num="712" count="0" type="stmt"/>
          <line num="713" count="0" type="stmt"/>
          <line num="715" count="0" type="cond" truecount="0" falsecount="2"/>
          <line num="716" count="0" type="stmt"/>
          <line num="720" count="0" type="stmt"/>
          <line num="723" count="2" type="stmt"/>
          <line num="739" count="34" type="stmt"/>
          <line num="756" count="0" type="stmt"/>
          <line num="758" count="0" type="cond" truecount="0" falsecount="2"/>
          <line num="760" count="0" type="cond" truecount="0" falsecount="2"/>
          <line num="761" count="0" type="stmt"/>
          <line num="764" count="0" type="stmt"/>
          <line num="782" count="0" type="stmt"/>
          <line num="787" count="0" type="stmt"/>
          <line num="788" count="0" type="stmt"/>
          <line num="790" count="0" type="cond" truecount="0" falsecount="2"/>
          <line num="793" count="0" type="stmt"/>
          <line num="794" count="0" type="stmt"/>
          <line num="795" count="0" type="cond" truecount="0" falsecount="2"/>
          <line num="796" count="0" type="stmt"/>
          <line num="800" count="0" type="stmt"/>
          <line num="801" count="0" type="stmt"/>
          <line num="802" count="0" type="stmt"/>
          <line num="806" count="0" type="cond" truecount="0" falsecount="2"/>
          <line num="807" count="0" type="stmt"/>
          <line num="809" count="0" type="cond" truecount="0" falsecount="2"/>
          <line num="810" count="0" type="stmt"/>
          <line num="812" count="0" type="stmt"/>
          <line num="814" count="0" type="stmt"/>
          <line num="816" count="0" type="cond" truecount="0" falsecount="2"/>
          <line num="818" count="0" type="stmt"/>
          <line num="820" count="0" type="stmt"/>
          <line num="821" count="0" type="stmt"/>
          <line num="822" count="0" type="stmt"/>
          <line num="823" count="0" type="stmt"/>
          <line num="826" count="0" type="stmt"/>
          <line num="828" count="0" type="cond" truecount="0" falsecount="2"/>
          <line num="829" count="0" type="stmt"/>
          <line num="830" count="0" type="stmt"/>
          <line num="832" count="0" type="stmt"/>
          <line num="834" count="0" type="stmt"/>
          <line num="837" count="0" type="stmt"/>
          <line num="900" count="2" type="stmt"/>
          <line num="914" count="0" type="stmt"/>
          <line num="915" count="0" type="stmt"/>
          <line num="928" count="0" type="stmt"/>
          <line num="929" count="0" type="cond" truecount="0" falsecount="2"/>
          <line num="932" count="0" type="cond" truecount="0" falsecount="2"/>
          <line num="933" count="0" type="stmt"/>
          <line num="936" count="0" type="stmt"/>
          <line num="939" count="0" type="cond" truecount="0" falsecount="2"/>
          <line num="941" count="0" type="cond" truecount="0" falsecount="2"/>
          <line num="945" count="0" type="stmt"/>
          <line num="948" count="0" type="stmt"/>
          <line num="959" count="2" type="stmt"/>
          <line num="964" count="2" type="stmt"/>
          <line num="965" count="2" type="stmt"/>
          <line num="970" count="2" type="stmt"/>
          <line num="976" count="2" type="stmt"/>
          <line num="977" count="2" type="stmt"/>
          <line num="993" count="0" type="stmt"/>
          <line num="994" count="0" type="stmt"/>
          <line num="1013" count="10" type="stmt"/>
          <line num="1015" count="10" type="cond" truecount="2" falsecount="2"/>
          <line num="1017" count="0" type="stmt"/>
          <line num="1018" count="0" type="cond" truecount="0" falsecount="2"/>
          <line num="1019" count="0" type="stmt"/>
          <line num="1022" count="0" type="stmt"/>
          <line num="1025" count="10" type="cond" truecount="1" falsecount="1"/>
          <line num="1027" count="0" type="stmt"/>
          <line num="1028" count="0" type="stmt"/>
          <line num="1029" count="0" type="stmt"/>
          <line num="1031" count="0" type="stmt"/>
          <line num="1032" count="0" type="stmt"/>
          <line num="1033" count="0" type="stmt"/>
          <line num="1036" count="10" type="stmt"/>
          <line num="1054" count="10" type="cond" truecount="1" falsecount="1"/>
          <line num="1057" count="10" type="cond" truecount="1" falsecount="1"/>
          <line num="1058" count="10" type="stmt"/>
          <line num="1059" count="10" type="cond" truecount="1" falsecount="1"/>
          <line num="1060" count="0" type="stmt"/>
          <line num="1073" count="10" type="stmt"/>
          <line num="1074" count="10" type="stmt"/>
          <line num="1075" count="0" type="stmt"/>
          <line num="1076" count="0" type="stmt"/>
          <line num="1077" count="0" type="stmt"/>
          <line num="1082" count="10" type="cond" truecount="1" falsecount="1"/>
          <line num="1083" count="0" type="stmt"/>
          <line num="1084" count="0" type="stmt"/>
          <line num="1088" count="10" type="stmt"/>
          <line num="1089" count="10" type="stmt"/>
          <line num="1090" count="34" type="stmt"/>
          <line num="1091" count="34" type="stmt"/>
          <line num="1093" count="34" type="cond" truecount="1" falsecount="1"/>
          <line num="1094" count="0" type="stmt"/>
          <line num="1097" count="34" type="cond" truecount="2" falsecount="0"/>
          <line num="1102" count="4" type="cond" truecount="2" falsecount="2"/>
          <line num="1106" count="0" type="stmt"/>
          <line num="1107" count="0" type="stmt"/>
          <line num="1114" count="0" type="cond" truecount="0" falsecount="2"/>
          <line num="1115" count="0" type="stmt"/>
          <line num="1116" count="0" type="cond" truecount="0" falsecount="2"/>
          <line num="1122" count="4" type="stmt"/>
          <line num="1123" count="4" type="cond" truecount="1" falsecount="1"/>
          <line num="1127" count="6" type="stmt"/>
          <line num="1128" count="6" type="stmt"/>
          <line num="1167" count="2" type="stmt"/>
          <line num="1168" count="0" type="stmt"/>
          <line num="1180" count="10" type="stmt"/>
          <line num="1181" count="10" type="stmt"/>
          <line num="1184" count="10" type="cond" truecount="3" falsecount="1"/>
          <line num="1185" count="10" type="stmt"/>
          <line num="1189" count="0" type="stmt"/>
          <line num="1190" count="0" type="stmt"/>
          <line num="1199" count="2" type="stmt"/>
          <line num="1267" count="2" type="stmt"/>
          <line num="1268" count="0" type="cond" truecount="0" falsecount="2"/>
          <line num="1269" count="0" type="stmt"/>
          <line num="1272" count="0" type="cond" truecount="0" falsecount="2"/>
          <line num="1274" count="0" type="stmt"/>
          <line num="1276" count="0" type="cond" truecount="0" falsecount="2"/>
          <line num="1277" count="0" type="stmt"/>
          <line num="1280" count="0" type="stmt"/>
          <line num="1324" count="10" type="stmt"/>
          <line num="1326" count="2" type="stmt"/>
          <line num="1341" count="2" type="stmt"/>
          <line num="1355" count="2" type="stmt"/>
          <line num="1356" count="2" type="stmt"/>
          <line num="1357" count="2" type="stmt"/>
          <line num="1363" count="2" type="cond" truecount="2" falsecount="3"/>
          <line num="1365" count="0" type="stmt"/>
          <line num="1367" count="0" type="cond" truecount="0" falsecount="2"/>
          <line num="1368" count="0" type="stmt"/>
          <line num="1372" count="0" type="stmt"/>
          <line num="1373" count="0" type="cond" truecount="0" falsecount="2"/>
          <line num="1374" count="0" type="stmt"/>
          <line num="1378" count="0" type="stmt"/>
          <line num="1380" count="0" type="stmt"/>
          <line num="1381" count="0" type="cond" truecount="0" falsecount="2"/>
          <line num="1385" count="2" type="stmt"/>
          <line num="1402" count="2" type="stmt"/>
          <line num="1413" count="2" type="stmt"/>
          <line num="1416" count="2" type="cond" truecount="2" falsecount="0"/>
          <line num="1429" count="2" type="stmt"/>
          <line num="1433" count="2" type="stmt"/>
          <line num="1436" count="2" type="stmt"/>
          <line num="1438" count="2" type="stmt"/>
          <line num="1439" count="2" type="stmt"/>
          <line num="1442" count="2" type="stmt"/>
          <line num="1443" count="4" type="stmt"/>
          <line num="1447" count="2" type="stmt"/>
        </file>
        <file name="prefixer.js" path="/Users/sky/src/chamel/src/utils/prefixer.js">
          <metrics statements="17" coveredstatements="3" conditionals="3" coveredconditionals="0" methods="5" coveredmethods="0"/>
          <line num="1" count="3" type="stmt"/>
          <line num="2" count="3" type="stmt"/>
          <line num="4" count="3" type="stmt"/>
          <line num="9" count="0" type="stmt"/>
          <line num="13" count="0" type="stmt"/>
          <line num="14" count="0" type="stmt"/>
          <line num="15" count="0" type="stmt"/>
          <line num="20" count="0" type="stmt"/>
          <line num="21" count="0" type="stmt"/>
          <line num="22" count="0" type="stmt"/>
          <line num="25" count="0" type="stmt"/>
          <line num="29" count="0" type="stmt"/>
          <line num="30" count="0" type="stmt"/>
          <line num="31" count="0" type="stmt"/>
          <line num="32" count="0" type="cond" truecount="0" falsecount="2"/>
          <line num="33" count="0" type="stmt"/>
          <line num="37" count="0" type="stmt"/>
        </file>
      </package>
    </metrics>
  </project>
</coverage>
