{"C:\\Users\\Sky\\src\\chamel\\src\\DropDownIcon.jsx": {"path":"C:\\Users\\Sky\\src\\chamel\\src\\DropDownIcon.jsx","statementMap":{"0":{"start":{"line":26,"column":4},"end":{"line":26,"column":17}},"1":{"start":{"line":28,"column":4},"end":{"line":32,"column":6}},"2":{"start":{"line":40,"column":16},"end":{"line":40,"column":54}},"3":{"start":{"line":42,"column":18},"end":{"line":42,"column":48}},"4":{"start":{"line":43,"column":4},"end":{"line":45,"column":5}},"5":{"start":{"line":44,"column":6},"end":{"line":44,"column":44}},"6":{"start":{"line":48,"column":4},"end":{"line":50,"column":5}},"7":{"start":{"line":49,"column":6},"end":{"line":49,"column":64}},"8":{"start":{"line":52,"column":4},"end":{"line":72,"column":6}},"9":{"start":{"line":76,"column":4},"end":{"line":76,"column":23}},"10":{"start":{"line":78,"column":4},"end":{"line":81,"column":7}},"11":{"start":{"line":85,"column":4},"end":{"line":85,"column":66}},"12":{"start":{"line":85,"column":29},"end":{"line":85,"column":66}},"13":{"start":{"line":87,"column":4},"end":{"line":89,"column":5}},"14":{"start":{"line":88,"column":6},"end":{"line":88,"column":35}},"15":{"start":{"line":93,"column":4},"end":{"line":95,"column":7}},"16":{"start":{"line":103,"column":0},"end":{"line":110,"column":2}},"17":{"start":{"line":115,"column":0},"end":{"line":119,"column":2}}},"fnMap":{"0":{"name":"(anonymous_0)","decl":{"start":{"line":25,"column":2},"end":{"line":25,"column":3}},"loc":{"start":{"line":25,"column":21},"end":{"line":33,"column":3}},"line":25},"1":{"name":"(anonymous_1)","decl":{"start":{"line":38,"column":2},"end":{"line":38,"column":3}},"loc":{"start":{"line":38,"column":11},"end":{"line":73,"column":3}},"line":38},"2":{"name":"(anonymous_2)","decl":{"start":{"line":75,"column":20},"end":{"line":75,"column":21}},"loc":{"start":{"line":75,"column":27},"end":{"line":82,"column":3}},"line":75},"3":{"name":"(anonymous_3)","decl":{"start":{"line":84,"column":21},"end":{"line":84,"column":22}},"loc":{"start":{"line":84,"column":42},"end":{"line":90,"column":3}},"line":84},"4":{"name":"(anonymous_4)","decl":{"start":{"line":92,"column":24},"end":{"line":92,"column":25}},"loc":{"start":{"line":92,"column":31},"end":{"line":96,"column":3}},"line":92}},"branchMap":{"0":{"loc":{"start":{"line":31,"column":21},"end":{"line":31,"column":45}},"type":"binary-expr","locations":[{"start":{"line":31,"column":21},"end":{"line":31,"column":40}},{"start":{"line":31,"column":44},"end":{"line":31,"column":45}}],"line":31},"1":{"loc":{"start":{"line":43,"column":4},"end":{"line":45,"column":5}},"type":"if","locations":[{"start":{"line":43,"column":4},"end":{"line":45,"column":5}},{"start":{"line":43,"column":4},"end":{"line":45,"column":5}}],"line":43},"2":{"loc":{"start":{"line":48,"column":4},"end":{"line":50,"column":5}},"type":"if","locations":[{"start":{"line":48,"column":4},"end":{"line":50,"column":5}},{"start":{"line":48,"column":4},"end":{"line":50,"column":5}}],"line":48},"3":{"loc":{"start":{"line":79,"column":12},"end":{"line":79,"column":42}},"type":"cond-expr","locations":[{"start":{"line":79,"column":30},"end":{"line":79,"column":35}},{"start":{"line":79,"column":38},"end":{"line":79,"column":42}}],"line":79},"4":{"loc":{"start":{"line":85,"column":4},"end":{"line":85,"column":66}},"type":"if","locations":[{"start":{"line":85,"column":4},"end":{"line":85,"column":66}},{"start":{"line":85,"column":4},"end":{"line":85,"column":66}}],"line":85},"5":{"loc":{"start":{"line":87,"column":4},"end":{"line":89,"column":5}},"type":"if","locations":[{"start":{"line":87,"column":4},"end":{"line":89,"column":5}},{"start":{"line":87,"column":4},"end":{"line":89,"column":5}}],"line":87}},"s":{"0":1,"1":1,"2":1,"3":1,"4":1,"5":0,"6":1,"7":0,"8":1,"9":0,"10":0,"11":0,"12":0,"13":0,"14":0,"15":0,"16":1,"17":1},"f":{"0":1,"1":1,"2":0,"3":0,"4":0},"b":{"0":[1,0],"1":[0,1],"2":[0,1],"3":[0,0],"4":[0,0],"5":[0,0]},"_coverageSchema":"332fd63041d2c1bcb487cc26dd0d5f7d97098a6c","hash":"a997f28aced0d208a5192b79bd283249b680051e"}
,"C:\\Users\\Sky\\src\\chamel\\src\\AppBar\\AppBar.js": {"path":"C:\\Users\\Sky\\src\\chamel\\src\\AppBar\\AppBar.js","statementMap":{"0":{"start":{"line":53,"column":4},"end":{"line":53,"column":17}},"1":{"start":{"line":55,"column":4},"end":{"line":59,"column":5}},"2":{"start":{"line":64,"column":4},"end":{"line":68,"column":5}},"3":{"start":{"line":65,"column":6},"end":{"line":67,"column":7}},"4":{"start":{"line":71,"column":4},"end":{"line":81,"column":5}},"5":{"start":{"line":72,"column":19},"end":{"line":72,"column":77}},"6":{"start":{"line":73,"column":6},"end":{"line":77,"column":9}},"7":{"start":{"line":80,"column":6},"end":{"line":80,"column":56}},"8":{"start":{"line":86,"column":4},"end":{"line":88,"column":5}},"9":{"start":{"line":87,"column":6},"end":{"line":87,"column":57}},"10":{"start":{"line":93,"column":16},"end":{"line":94,"column":74}},"11":{"start":{"line":96,"column":18},"end":{"line":96,"column":35}},"12":{"start":{"line":98,"column":4},"end":{"line":100,"column":5}},"13":{"start":{"line":99,"column":6},"end":{"line":99,"column":44}},"14":{"start":{"line":103,"column":4},"end":{"line":115,"column":5}},"15":{"start":{"line":105,"column":28},"end":{"line":105,"column":54}},"16":{"start":{"line":110,"column":6},"end":{"line":114,"column":8}},"17":{"start":{"line":118,"column":24},"end":{"line":118,"column":90}},"18":{"start":{"line":121,"column":4},"end":{"line":130,"column":5}},"19":{"start":{"line":127,"column":6},"end":{"line":129,"column":7}},"20":{"start":{"line":133,"column":4},"end":{"line":143,"column":5}},"21":{"start":{"line":136,"column":6},"end":{"line":138,"column":25}},"22":{"start":{"line":139,"column":11},"end":{"line":143,"column":5}},"23":{"start":{"line":140,"column":6},"end":{"line":142,"column":8}},"24":{"start":{"line":146,"column":17},"end":{"line":146,"column":34}},"25":{"start":{"line":149,"column":24},"end":{"line":149,"column":28}},"26":{"start":{"line":150,"column":24},"end":{"line":150,"column":28}},"27":{"start":{"line":151,"column":4},"end":{"line":169,"column":5}},"28":{"start":{"line":152,"column":6},"end":{"line":157,"column":8}},"29":{"start":{"line":163,"column":6},"end":{"line":163,"column":61}},"30":{"start":{"line":171,"column":4},"end":{"line":181,"column":6}},"31":{"start":{"line":195,"column":4},"end":{"line":197,"column":5}},"32":{"start":{"line":196,"column":6},"end":{"line":196,"column":13}},"33":{"start":{"line":200,"column":23},"end":{"line":200,"column":41}},"34":{"start":{"line":208,"column":17},"end":{"line":208,"column":61}},"35":{"start":{"line":209,"column":4},"end":{"line":211,"column":5}},"36":{"start":{"line":210,"column":6},"end":{"line":210,"column":17}},"37":{"start":{"line":214,"column":4},"end":{"line":216,"column":5}},"38":{"start":{"line":215,"column":6},"end":{"line":215,"column":18}},"39":{"start":{"line":219,"column":4},"end":{"line":219,"column":41}},"40":{"start":{"line":232,"column":4},"end":{"line":265,"column":5}},"41":{"start":{"line":233,"column":6},"end":{"line":238,"column":7}},"42":{"start":{"line":235,"column":8},"end":{"line":237,"column":10}},"43":{"start":{"line":239,"column":6},"end":{"line":239,"column":21}},"44":{"start":{"line":242,"column":6},"end":{"line":244,"column":7}},"45":{"start":{"line":243,"column":8},"end":{"line":243,"column":23}},"46":{"start":{"line":247,"column":22},"end":{"line":247,"column":78}},"47":{"start":{"line":253,"column":6},"end":{"line":264,"column":7}},"48":{"start":{"line":256,"column":10},"end":{"line":258,"column":13}},"49":{"start":{"line":261,"column":10},"end":{"line":263,"column":12}}},"fnMap":{"0":{"name":"(anonymous_0)","decl":{"start":{"line":51,"column":2},"end":{"line":51,"column":3}},"loc":{"start":{"line":51,"column":21},"end":{"line":60,"column":3}},"line":51},"1":{"name":"(anonymous_1)","decl":{"start":{"line":62,"column":2},"end":{"line":62,"column":3}},"loc":{"start":{"line":62,"column":22},"end":{"line":82,"column":3}},"line":62},"2":{"name":"(anonymous_2)","decl":{"start":{"line":84,"column":2},"end":{"line":84,"column":3}},"loc":{"start":{"line":84,"column":25},"end":{"line":89,"column":3}},"line":84},"3":{"name":"(anonymous_3)","decl":{"start":{"line":91,"column":2},"end":{"line":91,"column":3}},"loc":{"start":{"line":91,"column":11},"end":{"line":182,"column":3}},"line":91},"4":{"name":"(anonymous_4)","decl":{"start":{"line":192,"column":20},"end":{"line":192,"column":21}},"loc":{"start":{"line":192,"column":27},"end":{"line":220,"column":3}},"line":192},"5":{"name":"(anonymous_5)","decl":{"start":{"line":230,"column":30},"end":{"line":230,"column":31}},"loc":{"start":{"line":230,"column":50},"end":{"line":266,"column":3}},"line":230}},"branchMap":{"0":{"loc":{"start":{"line":64,"column":4},"end":{"line":68,"column":5}},"type":"if","locations":[{"start":{"line":64,"column":4},"end":{"line":68,"column":5}},{"start":{"line":64,"column":4},"end":{"line":68,"column":5}}],"line":64},"1":{"loc":{"start":{"line":64,"column":8},"end":{"line":64,"column":72}},"type":"binary-expr","locations":[{"start":{"line":64,"column":8},"end":{"line":64,"column":37}},{"start":{"line":64,"column":41},"end":{"line":64,"column":72}}],"line":64},"2":{"loc":{"start":{"line":65,"column":6},"end":{"line":67,"column":7}},"type":"if","locations":[{"start":{"line":65,"column":6},"end":{"line":67,"column":7}},{"start":{"line":65,"column":6},"end":{"line":67,"column":7}}],"line":65},"3":{"loc":{"start":{"line":71,"column":4},"end":{"line":81,"column":5}},"type":"if","locations":[{"start":{"line":71,"column":4},"end":{"line":81,"column":5}},{"start":{"line":71,"column":4},"end":{"line":81,"column":5}}],"line":71},"4":{"loc":{"start":{"line":86,"column":4},"end":{"line":88,"column":5}},"type":"if","locations":[{"start":{"line":86,"column":4},"end":{"line":88,"column":5}},{"start":{"line":86,"column":4},"end":{"line":88,"column":5}}],"line":86},"5":{"loc":{"start":{"line":93,"column":16},"end":{"line":94,"column":74}},"type":"cond-expr","locations":[{"start":{"line":94,"column":8},"end":{"line":94,"column":39}},{"start":{"line":94,"column":42},"end":{"line":94,"column":74}}],"line":93},"6":{"loc":{"start":{"line":93,"column":17},"end":{"line":93,"column":76}},"type":"binary-expr","locations":[{"start":{"line":93,"column":17},"end":{"line":93,"column":41}},{"start":{"line":93,"column":45},"end":{"line":93,"column":76}}],"line":93},"7":{"loc":{"start":{"line":98,"column":4},"end":{"line":100,"column":5}},"type":"if","locations":[{"start":{"line":98,"column":4},"end":{"line":100,"column":5}},{"start":{"line":98,"column":4},"end":{"line":100,"column":5}}],"line":98},"8":{"loc":{"start":{"line":103,"column":4},"end":{"line":115,"column":5}},"type":"if","locations":[{"start":{"line":103,"column":4},"end":{"line":115,"column":5}},{"start":{"line":103,"column":4},"end":{"line":115,"column":5}}],"line":103},"9":{"loc":{"start":{"line":118,"column":24},"end":{"line":118,"column":90}},"type":"cond-expr","locations":[{"start":{"line":118,"column":56},"end":{"line":118,"column":83}},{"start":{"line":118,"column":86},"end":{"line":118,"column":90}}],"line":118},"10":{"loc":{"start":{"line":121,"column":4},"end":{"line":130,"column":5}},"type":"if","locations":[{"start":{"line":121,"column":4},"end":{"line":130,"column":5}},{"start":{"line":121,"column":4},"end":{"line":130,"column":5}}],"line":121},"11":{"loc":{"start":{"line":133,"column":4},"end":{"line":143,"column":5}},"type":"if","locations":[{"start":{"line":133,"column":4},"end":{"line":143,"column":5}},{"start":{"line":133,"column":4},"end":{"line":143,"column":5}}],"line":133},"12":{"loc":{"start":{"line":136,"column":22},"end":{"line":138,"column":24}},"type":"cond-expr","locations":[{"start":{"line":137,"column":8},"end":{"line":137,"column":66}},{"start":{"line":138,"column":8},"end":{"line":138,"column":24}}],"line":136},"13":{"loc":{"start":{"line":139,"column":11},"end":{"line":143,"column":5}},"type":"if","locations":[{"start":{"line":139,"column":11},"end":{"line":143,"column":5}},{"start":{"line":139,"column":11},"end":{"line":143,"column":5}}],"line":139},"14":{"loc":{"start":{"line":151,"column":4},"end":{"line":169,"column":5}},"type":"if","locations":[{"start":{"line":151,"column":4},"end":{"line":169,"column":5}},{"start":{"line":151,"column":4},"end":{"line":169,"column":5}}],"line":151},"15":{"loc":{"start":{"line":151,"column":8},"end":{"line":151,"column":58}},"type":"binary-expr","locations":[{"start":{"line":151,"column":8},"end":{"line":151,"column":24}},{"start":{"line":151,"column":28},"end":{"line":151,"column":58}}],"line":151},"16":{"loc":{"start":{"line":195,"column":4},"end":{"line":197,"column":5}},"type":"if","locations":[{"start":{"line":195,"column":4},"end":{"line":197,"column":5}},{"start":{"line":195,"column":4},"end":{"line":197,"column":5}}],"line":195},"17":{"loc":{"start":{"line":209,"column":4},"end":{"line":211,"column":5}},"type":"if","locations":[{"start":{"line":209,"column":4},"end":{"line":211,"column":5}},{"start":{"line":209,"column":4},"end":{"line":211,"column":5}}],"line":209},"18":{"loc":{"start":{"line":214,"column":4},"end":{"line":216,"column":5}},"type":"if","locations":[{"start":{"line":214,"column":4},"end":{"line":216,"column":5}},{"start":{"line":214,"column":4},"end":{"line":216,"column":5}}],"line":214},"19":{"loc":{"start":{"line":232,"column":4},"end":{"line":265,"column":5}},"type":"if","locations":[{"start":{"line":232,"column":4},"end":{"line":265,"column":5}},{"start":{"line":232,"column":4},"end":{"line":265,"column":5}}],"line":232},"20":{"loc":{"start":{"line":242,"column":6},"end":{"line":244,"column":7}},"type":"if","locations":[{"start":{"line":242,"column":6},"end":{"line":244,"column":7}},{"start":{"line":242,"column":6},"end":{"line":244,"column":7}}],"line":242},"21":{"loc":{"start":{"line":247,"column":22},"end":{"line":247,"column":78}},"type":"cond-expr","locations":[{"start":{"line":247,"column":50},"end":{"line":247,"column":73}},{"start":{"line":247,"column":76},"end":{"line":247,"column":78}}],"line":247},"22":{"loc":{"start":{"line":253,"column":6},"end":{"line":264,"column":7}},"type":"switch","locations":[{"start":{"line":254,"column":8},"end":{"line":254,"column":26}},{"start":{"line":255,"column":8},"end":{"line":258,"column":13}},{"start":{"line":259,"column":8},"end":{"line":259,"column":22}},{"start":{"line":260,"column":8},"end":{"line":263,"column":12}}],"line":253}},"s":{"0":1,"1":1,"2":0,"3":0,"4":0,"5":0,"6":0,"7":0,"8":0,"9":0,"10":1,"11":1,"12":1,"13":0,"14":1,"15":0,"16":0,"17":1,"18":1,"19":0,"20":1,"21":1,"22":0,"23":0,"24":1,"25":1,"26":1,"27":1,"28":0,"29":0,"30":1,"31":0,"32":0,"33":0,"34":0,"35":0,"36":0,"37":0,"38":0,"39":0,"40":0,"41":0,"42":0,"43":0,"44":0,"45":0,"46":0,"47":0,"48":0,"49":0},"f":{"0":1,"1":0,"2":0,"3":1,"4":0,"5":0},"b":{"0":[0,0],"1":[0,0],"2":[0,0],"3":[0,0],"4":[0,0],"5":[0,1],"6":[1,0],"7":[0,1],"8":[0,1],"9":[0,1],"10":[0,1],"11":[1,0],"12":[0,1],"13":[0,0],"14":[0,1],"15":[1,1],"16":[0,0],"17":[0,0],"18":[0,0],"19":[0,0],"20":[0,0],"21":[0,0],"22":[0,0,0,0]},"_coverageSchema":"332fd63041d2c1bcb487cc26dd0d5f7d97098a6c","hash":"386ff24f67667c7085e956e1933744a01e98a8a3"}
,"C:\\Users\\Sky\\src\\chamel\\src\\AppBar\\AppBarRightToolbar.js": {"path":"C:\\Users\\Sky\\src\\chamel\\src\\AppBar\\AppBarRightToolbar.js","statementMap":{"0":{"start":{"line":13,"column":27},"end":{"line":20,"column":1}},"1":{"start":{"line":14,"column":14},"end":{"line":15,"column":67}},"2":{"start":{"line":17,"column":2},"end":{"line":19,"column":4}},"3":{"start":{"line":25,"column":0},"end":{"line":35,"column":2}},"4":{"start":{"line":40,"column":0},"end":{"line":42,"column":2}},"5":{"start":{"line":47,"column":0},"end":{"line":49,"column":2}}},"fnMap":{"0":{"name":"(anonymous_0)","decl":{"start":{"line":13,"column":27},"end":{"line":13,"column":28}},"loc":{"start":{"line":13,"column":47},"end":{"line":20,"column":1}},"line":13}},"branchMap":{"0":{"loc":{"start":{"line":14,"column":14},"end":{"line":15,"column":67}},"type":"cond-expr","locations":[{"start":{"line":15,"column":6},"end":{"line":15,"column":32}},{"start":{"line":15,"column":35},"end":{"line":15,"column":67}}],"line":14},"1":{"loc":{"start":{"line":14,"column":15},"end":{"line":14,"column":64}},"type":"binary-expr","locations":[{"start":{"line":14,"column":15},"end":{"line":14,"column":34}},{"start":{"line":14,"column":38},"end":{"line":14,"column":64}}],"line":14}},"s":{"0":1,"1":1,"2":1,"3":1,"4":1,"5":1},"f":{"0":1},"b":{"0":[0,1],"1":[1,0]},"_coverageSchema":"332fd63041d2c1bcb487cc26dd0d5f7d97098a6c","hash":"694e2c0f07a0c620e892269d18744b8a53a76081"}
,"C:\\Users\\Sky\\src\\chamel\\src\\AppBar\\index.js": {"path":"C:\\Users\\Sky\\src\\chamel\\src\\AppBar\\index.js","statementMap":{},"fnMap":{},"branchMap":{},"s":{},"f":{},"b":{},"_coverageSchema":"332fd63041d2c1bcb487cc26dd0d5f7d97098a6c","hash":"2de0e6b91d7b5115e3d82882d5965a3e9a09506d"}
,"C:\\Users\\Sky\\src\\chamel\\src\\AutoComplete\\AutoComplete.js": {"path":"C:\\Users\\Sky\\src\\chamel\\src\\AutoComplete\\AutoComplete.js","statementMap":{"0":{"start":{"line":114,"column":4},"end":{"line":114,"column":17}},"1":{"start":{"line":116,"column":23},"end":{"line":116,"column":46}},"2":{"start":{"line":117,"column":25},"end":{"line":117,"column":89}},"3":{"start":{"line":119,"column":4},"end":{"line":123,"column":5}},"4":{"start":{"line":127,"column":25},"end":{"line":127,"column":98}},"5":{"start":{"line":133,"column":4},"end":{"line":145,"column":5}},"6":{"start":{"line":135,"column":21},"end":{"line":135,"column":25}},"7":{"start":{"line":138,"column":6},"end":{"line":140,"column":7}},"8":{"start":{"line":139,"column":8},"end":{"line":139,"column":25}},"9":{"start":{"line":142,"column":6},"end":{"line":144,"column":8}},"10":{"start":{"line":147,"column":4},"end":{"line":150,"column":7}},"11":{"start":{"line":152,"column":4},"end":{"line":154,"column":5}},"12":{"start":{"line":153,"column":6},"end":{"line":153,"column":59}},"13":{"start":{"line":164,"column":16},"end":{"line":165,"column":72}},"14":{"start":{"line":167,"column":4},"end":{"line":184,"column":6}},"15":{"start":{"line":174,"column":12},"end":{"line":174,"column":45}},"16":{"start":{"line":194,"column":4},"end":{"line":230,"column":5}},"17":{"start":{"line":196,"column":8},"end":{"line":196,"column":60}},"18":{"start":{"line":197,"column":8},"end":{"line":197,"column":14}},"19":{"start":{"line":200,"column":8},"end":{"line":204,"column":11}},"20":{"start":{"line":205,"column":8},"end":{"line":205,"column":14}},"21":{"start":{"line":208,"column":8},"end":{"line":212,"column":9}},"22":{"start":{"line":209,"column":10},"end":{"line":211,"column":12}},"23":{"start":{"line":213,"column":8},"end":{"line":213,"column":14}},"24":{"start":{"line":217,"column":8},"end":{"line":221,"column":9}},"25":{"start":{"line":218,"column":10},"end":{"line":220,"column":12}},"26":{"start":{"line":222,"column":8},"end":{"line":222,"column":14}},"27":{"start":{"line":228,"column":8},"end":{"line":228,"column":34}},"28":{"start":{"line":229,"column":8},"end":{"line":229,"column":14}},"29":{"start":{"line":242,"column":4},"end":{"line":242,"column":36}},"30":{"start":{"line":243,"column":4},"end":{"line":243,"column":38}},"31":{"start":{"line":254,"column":25},"end":{"line":254,"column":65}},"32":{"start":{"line":255,"column":24},"end":{"line":255,"column":28}},"33":{"start":{"line":257,"column":4},"end":{"line":259,"column":5}},"34":{"start":{"line":258,"column":6},"end":{"line":258,"column":57}},"35":{"start":{"line":261,"column":4},"end":{"line":263,"column":5}},"36":{"start":{"line":262,"column":6},"end":{"line":262,"column":40}},"37":{"start":{"line":265,"column":25},"end":{"line":265,"column":48}},"38":{"start":{"line":267,"column":4},"end":{"line":279,"column":5}},"39":{"start":{"line":274,"column":6},"end":{"line":276,"column":7}},"40":{"start":{"line":275,"column":8},"end":{"line":275,"column":35}},"41":{"start":{"line":278,"column":6},"end":{"line":278,"column":33}},"42":{"start":{"line":282,"column":19},"end":{"line":282,"column":73}},"43":{"start":{"line":283,"column":4},"end":{"line":283,"column":30}},"44":{"start":{"line":284,"column":4},"end":{"line":284,"column":67}},"45":{"start":{"line":286,"column":24},"end":{"line":286,"column":39}},"46":{"start":{"line":289,"column":4},"end":{"line":289,"column":92}},"47":{"start":{"line":291,"column":4},"end":{"line":295,"column":7}},"48":{"start":{"line":297,"column":4},"end":{"line":299,"column":5}},"49":{"start":{"line":298,"column":6},"end":{"line":298,"column":62}},"50":{"start":{"line":313,"column":4},"end":{"line":315,"column":5}},"51":{"start":{"line":314,"column":6},"end":{"line":314,"column":49}},"52":{"start":{"line":317,"column":25},"end":{"line":317,"column":27}},"53":{"start":{"line":320,"column":4},"end":{"line":352,"column":5}},"54":{"start":{"line":327,"column":25},"end":{"line":327,"column":99}},"55":{"start":{"line":328,"column":6},"end":{"line":330,"column":7}},"56":{"start":{"line":329,"column":8},"end":{"line":329,"column":30}},"57":{"start":{"line":333,"column":6},"end":{"line":350,"column":7}},"58":{"start":{"line":336,"column":8},"end":{"line":347,"column":11}},"59":{"start":{"line":339,"column":26},"end":{"line":339,"column":66}},"60":{"start":{"line":341,"column":21},"end":{"line":341,"column":46}},"61":{"start":{"line":344,"column":10},"end":{"line":346,"column":11}},"62":{"start":{"line":345,"column":12},"end":{"line":345,"column":44}},"63":{"start":{"line":349,"column":8},"end":{"line":349,"column":40}},"64":{"start":{"line":354,"column":4},"end":{"line":354,"column":26}}},"fnMap":{"0":{"name":"(anonymous_0)","decl":{"start":{"line":112,"column":2},"end":{"line":112,"column":3}},"loc":{"start":{"line":112,"column":21},"end":{"line":124,"column":3}},"line":112},"1":{"name":"(anonymous_1)","decl":{"start":{"line":126,"column":2},"end":{"line":126,"column":3}},"loc":{"start":{"line":126,"column":39},"end":{"line":155,"column":3}},"line":126},"2":{"name":"(anonymous_2)","decl":{"start":{"line":162,"column":2},"end":{"line":162,"column":3}},"loc":{"start":{"line":162,"column":11},"end":{"line":185,"column":3}},"line":162},"3":{"name":"(anonymous_3)","decl":{"start":{"line":173,"column":26},"end":{"line":173,"column":27}},"loc":{"start":{"line":173,"column":32},"end":{"line":175,"column":11}},"line":173},"4":{"name":"(anonymous_4)","decl":{"start":{"line":193,"column":25},"end":{"line":193,"column":26}},"loc":{"start":{"line":193,"column":38},"end":{"line":231,"column":3}},"line":193},"5":{"name":"(anonymous_5)","decl":{"start":{"line":241,"column":21},"end":{"line":241,"column":22}},"loc":{"start":{"line":241,"column":43},"end":{"line":244,"column":3}},"line":241},"6":{"name":"(anonymous_6)","decl":{"start":{"line":252,"column":2},"end":{"line":252,"column":3}},"loc":{"start":{"line":252,"column":39},"end":{"line":300,"column":3}},"line":252},"7":{"name":"(anonymous_7)","decl":{"start":{"line":312,"column":2},"end":{"line":312,"column":3}},"loc":{"start":{"line":312,"column":51},"end":{"line":355,"column":3}},"line":312},"8":{"name":"(anonymous_8)","decl":{"start":{"line":336,"column":27},"end":{"line":336,"column":28}},"loc":{"start":{"line":336,"column":49},"end":{"line":347,"column":9}},"line":336}},"branchMap":{"0":{"loc":{"start":{"line":133,"column":4},"end":{"line":145,"column":5}},"type":"if","locations":[{"start":{"line":133,"column":4},"end":{"line":145,"column":5}},{"start":{"line":133,"column":4},"end":{"line":145,"column":5}}],"line":133},"1":{"loc":{"start":{"line":138,"column":6},"end":{"line":140,"column":7}},"type":"if","locations":[{"start":{"line":138,"column":6},"end":{"line":140,"column":7}},{"start":{"line":138,"column":6},"end":{"line":140,"column":7}}],"line":138},"2":{"loc":{"start":{"line":152,"column":4},"end":{"line":154,"column":5}},"type":"if","locations":[{"start":{"line":152,"column":4},"end":{"line":154,"column":5}},{"start":{"line":152,"column":4},"end":{"line":154,"column":5}}],"line":152},"3":{"loc":{"start":{"line":164,"column":16},"end":{"line":165,"column":72}},"type":"cond-expr","locations":[{"start":{"line":165,"column":8},"end":{"line":165,"column":38}},{"start":{"line":165,"column":41},"end":{"line":165,"column":72}}],"line":164},"4":{"loc":{"start":{"line":164,"column":17},"end":{"line":164,"column":75}},"type":"binary-expr","locations":[{"start":{"line":164,"column":17},"end":{"line":164,"column":41}},{"start":{"line":164,"column":45},"end":{"line":164,"column":75}}],"line":164},"5":{"loc":{"start":{"line":194,"column":4},"end":{"line":230,"column":5}},"type":"switch","locations":[{"start":{"line":195,"column":6},"end":{"line":197,"column":14}},{"start":{"line":199,"column":6},"end":{"line":205,"column":14}},{"start":{"line":207,"column":6},"end":{"line":213,"column":14}},{"start":{"line":215,"column":6},"end":{"line":222,"column":14}},{"start":{"line":224,"column":6},"end":{"line":224,"column":24}},{"start":{"line":225,"column":6},"end":{"line":225,"column":25}},{"start":{"line":226,"column":6},"end":{"line":226,"column":26}},{"start":{"line":227,"column":6},"end":{"line":229,"column":14}}],"line":194},"6":{"loc":{"start":{"line":208,"column":8},"end":{"line":212,"column":9}},"type":"if","locations":[{"start":{"line":208,"column":8},"end":{"line":212,"column":9}},{"start":{"line":208,"column":8},"end":{"line":212,"column":9}}],"line":208},"7":{"loc":{"start":{"line":217,"column":8},"end":{"line":221,"column":9}},"type":"if","locations":[{"start":{"line":217,"column":8},"end":{"line":221,"column":9}},{"start":{"line":217,"column":8},"end":{"line":221,"column":9}}],"line":217},"8":{"loc":{"start":{"line":257,"column":4},"end":{"line":259,"column":5}},"type":"if","locations":[{"start":{"line":257,"column":4},"end":{"line":259,"column":5}},{"start":{"line":257,"column":4},"end":{"line":259,"column":5}}],"line":257},"9":{"loc":{"start":{"line":261,"column":4},"end":{"line":263,"column":5}},"type":"if","locations":[{"start":{"line":261,"column":4},"end":{"line":263,"column":5}},{"start":{"line":261,"column":4},"end":{"line":263,"column":5}}],"line":261},"10":{"loc":{"start":{"line":267,"column":4},"end":{"line":279,"column":5}},"type":"if","locations":[{"start":{"line":267,"column":4},"end":{"line":279,"column":5}},{"start":{"line":267,"column":4},"end":{"line":279,"column":5}}],"line":267},"11":{"loc":{"start":{"line":274,"column":6},"end":{"line":276,"column":7}},"type":"if","locations":[{"start":{"line":274,"column":6},"end":{"line":276,"column":7}},{"start":{"line":274,"column":6},"end":{"line":276,"column":7}}],"line":274},"12":{"loc":{"start":{"line":284,"column":16},"end":{"line":284,"column":66}},"type":"cond-expr","locations":[{"start":{"line":284,"column":41},"end":{"line":284,"column":61}},{"start":{"line":284,"column":64},"end":{"line":284,"column":66}}],"line":284},"13":{"loc":{"start":{"line":297,"column":4},"end":{"line":299,"column":5}},"type":"if","locations":[{"start":{"line":297,"column":4},"end":{"line":299,"column":5}},{"start":{"line":297,"column":4},"end":{"line":299,"column":5}}],"line":297},"14":{"loc":{"start":{"line":313,"column":4},"end":{"line":315,"column":5}},"type":"if","locations":[{"start":{"line":313,"column":4},"end":{"line":315,"column":5}},{"start":{"line":313,"column":4},"end":{"line":315,"column":5}}],"line":313},"15":{"loc":{"start":{"line":320,"column":4},"end":{"line":352,"column":5}},"type":"if","locations":[{"start":{"line":320,"column":4},"end":{"line":352,"column":5}},{"start":{"line":320,"column":4},"end":{"line":352,"column":5}}],"line":320},"16":{"loc":{"start":{"line":320,"column":8},"end":{"line":320,"column":68}},"type":"binary-expr","locations":[{"start":{"line":320,"column":8},"end":{"line":320,"column":22}},{"start":{"line":320,"column":26},"end":{"line":320,"column":38}},{"start":{"line":320,"column":42},"end":{"line":320,"column":68}}],"line":320},"17":{"loc":{"start":{"line":328,"column":6},"end":{"line":330,"column":7}},"type":"if","locations":[{"start":{"line":328,"column":6},"end":{"line":330,"column":7}},{"start":{"line":328,"column":6},"end":{"line":330,"column":7}}],"line":328},"18":{"loc":{"start":{"line":333,"column":6},"end":{"line":350,"column":7}},"type":"if","locations":[{"start":{"line":333,"column":6},"end":{"line":350,"column":7}},{"start":{"line":333,"column":6},"end":{"line":350,"column":7}}],"line":333},"19":{"loc":{"start":{"line":344,"column":10},"end":{"line":346,"column":11}},"type":"if","locations":[{"start":{"line":344,"column":10},"end":{"line":346,"column":11}},{"start":{"line":344,"column":10},"end":{"line":346,"column":11}}],"line":344}},"s":{"0":1,"1":1,"2":1,"3":1,"4":0,"5":0,"6":0,"7":0,"8":0,"9":0,"10":0,"11":0,"12":0,"13":1,"14":1,"15":0,"16":0,"17":0,"18":0,"19":0,"20":0,"21":0,"22":0,"23":0,"24":0,"25":0,"26":0,"27":0,"28":0,"29":0,"30":0,"31":0,"32":0,"33":0,"34":0,"35":0,"36":0,"37":0,"38":0,"39":0,"40":0,"41":0,"42":0,"43":0,"44":0,"45":0,"46":0,"47":0,"48":0,"49":0,"50":1,"51":1,"52":1,"53":1,"54":0,"55":0,"56":0,"57":0,"58":0,"59":0,"60":0,"61":0,"62":0,"63":0,"64":1},"f":{"0":1,"1":0,"2":1,"3":0,"4":0,"5":0,"6":0,"7":1,"8":0},"b":{"0":[0,0],"1":[0,0],"2":[0,0],"3":[0,1],"4":[1,0],"5":[0,0,0,0,0,0,0,0],"6":[0,0],"7":[0,0],"8":[0,0],"9":[0,0],"10":[0,0],"11":[0,0],"12":[0,0],"13":[0,0],"14":[1,0],"15":[0,1],"16":[1,0,0],"17":[0,0],"18":[0,0],"19":[0,0]},"_coverageSchema":"332fd63041d2c1bcb487cc26dd0d5f7d97098a6c","hash":"fc97dd6a66a0e35a15e896b63aa71a64291e8b98"}
,"C:\\Users\\Sky\\src\\chamel\\src\\AutoComplete\\index.js": {"path":"C:\\Users\\Sky\\src\\chamel\\src\\AutoComplete\\index.js","statementMap":{},"fnMap":{},"branchMap":{},"s":{},"f":{},"b":{},"_coverageSchema":"332fd63041d2c1bcb487cc26dd0d5f7d97098a6c","hash":"9bf53c8d8b827723fe47471bc2ca7284a57c46f2"}
,"C:\\Users\\Sky\\src\\chamel\\src\\Button\\Button.js": {"path":"C:\\Users\\Sky\\src\\chamel\\src\\Button\\Button.js","statementMap":{"0":{"start":{"line":16,"column":15},"end":{"line":53,"column":1}},"1":{"start":{"line":17,"column":14},"end":{"line":18,"column":67}},"2":{"start":{"line":21,"column":20},"end":{"line":21,"column":43}},"3":{"start":{"line":22,"column":15},"end":{"line":22,"column":25}},"4":{"start":{"line":23,"column":18},"end":{"line":29,"column":15}},"5":{"start":{"line":32,"column":22},"end":{"line":32,"column":58}},"6":{"start":{"line":33,"column":16},"end":{"line":33,"column":60}},"7":{"start":{"line":35,"column":25},"end":{"line":35,"column":53}},"8":{"start":{"line":37,"column":2},"end":{"line":52,"column":3}},"9":{"start":{"line":38,"column":4},"end":{"line":47,"column":6}},"10":{"start":{"line":49,"column":4},"end":{"line":51,"column":6}},"11":{"start":{"line":58,"column":0},"end":{"line":142,"column":2}},"12":{"start":{"line":147,"column":0},"end":{"line":157,"column":2}},"13":{"start":{"line":162,"column":0},"end":{"line":164,"column":2}}},"fnMap":{"0":{"name":"(anonymous_0)","decl":{"start":{"line":16,"column":15},"end":{"line":16,"column":16}},"loc":{"start":{"line":16,"column":35},"end":{"line":53,"column":1}},"line":16}},"branchMap":{"0":{"loc":{"start":{"line":17,"column":14},"end":{"line":18,"column":67}},"type":"cond-expr","locations":[{"start":{"line":18,"column":6},"end":{"line":18,"column":32}},{"start":{"line":18,"column":35},"end":{"line":18,"column":67}}],"line":17},"1":{"loc":{"start":{"line":17,"column":15},"end":{"line":17,"column":64}},"type":"binary-expr","locations":[{"start":{"line":17,"column":15},"end":{"line":17,"column":34}},{"start":{"line":17,"column":38},"end":{"line":17,"column":64}}],"line":17},"2":{"loc":{"start":{"line":21,"column":20},"end":{"line":21,"column":43}},"type":"binary-expr","locations":[{"start":{"line":21,"column":20},"end":{"line":21,"column":35}},{"start":{"line":21,"column":39},"end":{"line":21,"column":43}}],"line":21},"3":{"loc":{"start":{"line":32,"column":22},"end":{"line":32,"column":58}},"type":"binary-expr","locations":[{"start":{"line":32,"column":22},"end":{"line":32,"column":40}},{"start":{"line":32,"column":44},"end":{"line":32,"column":58}}],"line":32},"4":{"loc":{"start":{"line":33,"column":16},"end":{"line":33,"column":60}},"type":"cond-expr","locations":[{"start":{"line":33,"column":32},"end":{"line":33,"column":43}},{"start":{"line":33,"column":46},"end":{"line":33,"column":60}}],"line":33},"5":{"loc":{"start":{"line":35,"column":25},"end":{"line":35,"column":53}},"type":"binary-expr","locations":[{"start":{"line":35,"column":25},"end":{"line":35,"column":36}},{"start":{"line":35,"column":40},"end":{"line":35,"column":53}}],"line":35},"6":{"loc":{"start":{"line":37,"column":2},"end":{"line":52,"column":3}},"type":"if","locations":[{"start":{"line":37,"column":2},"end":{"line":52,"column":3}},{"start":{"line":37,"column":2},"end":{"line":52,"column":3}}],"line":37},"7":{"loc":{"start":{"line":37,"column":6},"end":{"line":37,"column":39}},"type":"binary-expr","locations":[{"start":{"line":37,"column":6},"end":{"line":37,"column":20}},{"start":{"line":37,"column":24},"end":{"line":37,"column":39}}],"line":37}},"s":{"0":19,"1":5,"2":5,"3":5,"4":5,"5":5,"6":5,"7":5,"8":5,"9":0,"10":5,"11":19,"12":19,"13":19},"f":{"0":5},"b":{"0":[0,5],"1":[5,0],"2":[5,5],"3":[5,5],"4":[5,0],"5":[5,5],"6":[0,5],"7":[5,0]},"_coverageSchema":"332fd63041d2c1bcb487cc26dd0d5f7d97098a6c","hash":"72447f30101ba488cfe1c948f8920e332295a72f"}
,"C:\\Users\\Sky\\src\\chamel\\src\\Button\\FlatButton.js": {"path":"C:\\Users\\Sky\\src\\chamel\\src\\Button\\FlatButton.js","statementMap":{"0":{"start":{"line":13,"column":19},"end":{"line":17,"column":1}},"1":{"start":{"line":14,"column":2},"end":{"line":16,"column":4}},"2":{"start":{"line":22,"column":0},"end":{"line":40,"column":2}},"3":{"start":{"line":45,"column":0},"end":{"line":47,"column":2}},"4":{"start":{"line":52,"column":0},"end":{"line":54,"column":2}}},"fnMap":{"0":{"name":"(anonymous_0)","decl":{"start":{"line":13,"column":19},"end":{"line":13,"column":20}},"loc":{"start":{"line":13,"column":39},"end":{"line":17,"column":1}},"line":13}},"branchMap":{},"s":{"0":12,"1":0,"2":12,"3":12,"4":12},"f":{"0":0},"b":{},"_coverageSchema":"332fd63041d2c1bcb487cc26dd0d5f7d97098a6c","hash":"d18ba84dc5491e2432c0b24aff11daf396dd19fd"}
,"C:\\Users\\Sky\\src\\chamel\\src\\Button\\FloatingButton.js": {"path":"C:\\Users\\Sky\\src\\chamel\\src\\Button\\FloatingButton.js","statementMap":{"0":{"start":{"line":13,"column":23},"end":{"line":17,"column":1}},"1":{"start":{"line":14,"column":2},"end":{"line":16,"column":4}},"2":{"start":{"line":22,"column":0},"end":{"line":36,"column":2}},"3":{"start":{"line":41,"column":0},"end":{"line":43,"column":2}},"4":{"start":{"line":48,"column":0},"end":{"line":50,"column":2}}},"fnMap":{"0":{"name":"(anonymous_0)","decl":{"start":{"line":13,"column":23},"end":{"line":13,"column":24}},"loc":{"start":{"line":13,"column":43},"end":{"line":17,"column":1}},"line":13}},"branchMap":{},"s":{"0":10,"1":0,"2":10,"3":10,"4":10},"f":{"0":0},"b":{},"_coverageSchema":"332fd63041d2c1bcb487cc26dd0d5f7d97098a6c","hash":"4a4ce466f18ea4703ada43b4007568e7f4d8ed3f"}
,"C:\\Users\\Sky\\src\\chamel\\src\\Button\\IconButton.js": {"path":"C:\\Users\\Sky\\src\\chamel\\src\\Button\\IconButton.js","statementMap":{"0":{"start":{"line":14,"column":19},"end":{"line":23,"column":1}},"1":{"start":{"line":16,"column":19},"end":{"line":18,"column":20}},"2":{"start":{"line":20,"column":2},"end":{"line":22,"column":4}},"3":{"start":{"line":28,"column":0},"end":{"line":43,"column":2}},"4":{"start":{"line":48,"column":0},"end":{"line":50,"column":2}},"5":{"start":{"line":55,"column":0},"end":{"line":57,"column":2}}},"fnMap":{"0":{"name":"(anonymous_0)","decl":{"start":{"line":14,"column":19},"end":{"line":14,"column":20}},"loc":{"start":{"line":14,"column":39},"end":{"line":23,"column":1}},"line":14}},"branchMap":{"0":{"loc":{"start":{"line":16,"column":19},"end":{"line":18,"column":20}},"type":"cond-expr","locations":[{"start":{"line":17,"column":4},"end":{"line":17,"column":47}},{"start":{"line":18,"column":6},"end":{"line":18,"column":20}}],"line":16},"1":{"loc":{"start":{"line":16,"column":20},"end":{"line":16,"column":58}},"type":"binary-expr","locations":[{"start":{"line":16,"column":20},"end":{"line":16,"column":39}},{"start":{"line":16,"column":43},"end":{"line":16,"column":58}}],"line":16}},"s":{"0":17,"1":0,"2":0,"3":17,"4":17,"5":17},"f":{"0":0},"b":{"0":[0,0],"1":[0,0]},"_coverageSchema":"332fd63041d2c1bcb487cc26dd0d5f7d97098a6c","hash":"75c9e51ff414d4036f87fc7eb3bb340bf20578fe"}
,"C:\\Users\\Sky\\src\\chamel\\src\\Button\\RaisedButton.js": {"path":"C:\\Users\\Sky\\src\\chamel\\src\\Button\\RaisedButton.js","statementMap":{"0":{"start":{"line":13,"column":21},"end":{"line":17,"column":1}},"1":{"start":{"line":14,"column":2},"end":{"line":16,"column":4}},"2":{"start":{"line":22,"column":0},"end":{"line":36,"column":2}},"3":{"start":{"line":41,"column":0},"end":{"line":43,"column":2}},"4":{"start":{"line":48,"column":0},"end":{"line":50,"column":2}}},"fnMap":{"0":{"name":"(anonymous_0)","decl":{"start":{"line":13,"column":21},"end":{"line":13,"column":22}},"loc":{"start":{"line":13,"column":41},"end":{"line":17,"column":1}},"line":13}},"branchMap":{},"s":{"0":10,"1":0,"2":10,"3":10,"4":10},"f":{"0":0},"b":{},"_coverageSchema":"332fd63041d2c1bcb487cc26dd0d5f7d97098a6c","hash":"1ed5c75196e654d48dbbff5fc34c9f3b462bc2a9"}
,"C:\\Users\\Sky\\src\\chamel\\src\\Button\\index.js": {"path":"C:\\Users\\Sky\\src\\chamel\\src\\Button\\index.js","statementMap":{},"fnMap":{},"branchMap":{},"s":{},"f":{},"b":{},"_coverageSchema":"332fd63041d2c1bcb487cc26dd0d5f7d97098a6c","hash":"217f584dcd3524ec4f8d2f31179de305775612df"}
,"C:\\Users\\Sky\\src\\chamel\\src\\ColorPicker\\ColorPicker.jsx": {"path":"C:\\Users\\Sky\\src\\chamel\\src\\ColorPicker\\ColorPicker.jsx","statementMap":{"0":{"start":{"line":9,"column":20},"end":{"line":61,"column":1}},"1":{"start":{"line":12,"column":1},"end":{"line":22,"column":3}},"2":{"start":{"line":29,"column":2},"end":{"line":31,"column":4}},"3":{"start":{"line":30,"column":19},"end":{"line":30,"column":95}},"4":{"start":{"line":38,"column":1},"end":{"line":40,"column":3}},"5":{"start":{"line":39,"column":18},"end":{"line":39,"column":93}},"6":{"start":{"line":47,"column":1},"end":{"line":49,"column":3}},"7":{"start":{"line":48,"column":2},"end":{"line":48,"column":21}},"8":{"start":{"line":57,"column":1},"end":{"line":60,"column":3}},"9":{"start":{"line":58,"column":2},"end":{"line":58,"column":22}},"10":{"start":{"line":59,"column":2},"end":{"line":59,"column":48}},"11":{"start":{"line":59,"column":24},"end":{"line":59,"column":48}},"12":{"start":{"line":63,"column":0},"end":{"line":68,"column":2}},"13":{"start":{"line":70,"column":0},"end":{"line":74,"column":2}}},"fnMap":{"0":{"name":"(anonymous_0)","decl":{"start":{"line":9,"column":20},"end":{"line":9,"column":21}},"loc":{"start":{"line":9,"column":31},"end":{"line":61,"column":1}},"line":9},"1":{"name":"(anonymous_1)","decl":{"start":{"line":29,"column":9},"end":{"line":29,"column":10}},"loc":{"start":{"line":29,"column":15},"end":{"line":31,"column":3}},"line":29},"2":{"name":"(anonymous_2)","decl":{"start":{"line":38,"column":9},"end":{"line":38,"column":10}},"loc":{"start":{"line":38,"column":15},"end":{"line":40,"column":2}},"line":38},"3":{"name":"(anonymous_3)","decl":{"start":{"line":47,"column":12},"end":{"line":47,"column":13}},"loc":{"start":{"line":47,"column":18},"end":{"line":49,"column":2}},"line":47},"4":{"name":"(anonymous_4)","decl":{"start":{"line":57,"column":20},"end":{"line":57,"column":21}},"loc":{"start":{"line":57,"column":31},"end":{"line":60,"column":2}},"line":57}},"branchMap":{"0":{"loc":{"start":{"line":59,"column":2},"end":{"line":59,"column":48}},"type":"if","locations":[{"start":{"line":59,"column":2},"end":{"line":59,"column":48}},{"start":{"line":59,"column":2},"end":{"line":59,"column":48}}],"line":59}},"s":{"0":1,"1":1,"2":0,"3":0,"4":0,"5":0,"6":0,"7":0,"8":0,"9":0,"10":0,"11":0,"12":1,"13":1},"f":{"0":1,"1":0,"2":0,"3":0,"4":0},"b":{"0":[0,0]},"_coverageSchema":"332fd63041d2c1bcb487cc26dd0d5f7d97098a6c","hash":"b40e3c8427ee5bc9e7f1b9ed5002ce87479b7204"}
,"C:\\Users\\Sky\\src\\chamel\\src\\ColorPicker\\index.js": {"path":"C:\\Users\\Sky\\src\\chamel\\src\\ColorPicker\\index.js","statementMap":{},"fnMap":{},"branchMap":{},"s":{},"f":{},"b":{},"_coverageSchema":"332fd63041d2c1bcb487cc26dd0d5f7d97098a6c","hash":"3fe89ea34070ad7b41ca47bdf4b0bc9ee0ba6dc2"}
,"C:\\Users\\Sky\\src\\chamel\\src\\DatePicker\\Calendar.jsx": {"path":"C:\\Users\\Sky\\src\\chamel\\src\\DatePicker\\Calendar.jsx","statementMap":{"0":{"start":{"line":21,"column":4},"end":{"line":21,"column":17}},"1":{"start":{"line":23,"column":4},"end":{"line":27,"column":6}},"2":{"start":{"line":35,"column":4},"end":{"line":41,"column":5}},"3":{"start":{"line":36,"column":16},"end":{"line":36,"column":51}},"4":{"start":{"line":37,"column":6},"end":{"line":40,"column":9}},"5":{"start":{"line":45,"column":4},"end":{"line":45,"column":60}},"6":{"start":{"line":49,"column":4},"end":{"line":49,"column":61}},"7":{"start":{"line":58,"column":22},"end":{"line":58,"column":74}},"8":{"start":{"line":59,"column":20},"end":{"line":63,"column":6}},"9":{"start":{"line":65,"column":4},"end":{"line":102,"column":6}},"10":{"start":{"line":106,"column":4},"end":{"line":106,"column":35}},"11":{"start":{"line":110,"column":25},"end":{"line":110,"column":63}},"12":{"start":{"line":111,"column":4},"end":{"line":111,"column":59}},"13":{"start":{"line":112,"column":4},"end":{"line":112,"column":41}},"14":{"start":{"line":116,"column":4},"end":{"line":116,"column":75}},"15":{"start":{"line":120,"column":4},"end":{"line":120,"column":79}},"16":{"start":{"line":124,"column":27},"end":{"line":124,"column":57}},"17":{"start":{"line":125,"column":22},"end":{"line":125,"column":80}},"18":{"start":{"line":127,"column":4},"end":{"line":133,"column":5}},"19":{"start":{"line":128,"column":6},"end":{"line":132,"column":9}},"20":{"start":{"line":137,"column":27},"end":{"line":137,"column":57}},"21":{"start":{"line":139,"column":4},"end":{"line":145,"column":5}},"22":{"start":{"line":140,"column":6},"end":{"line":140,"column":46}},"23":{"start":{"line":142,"column":6},"end":{"line":144,"column":9}},"24":{"start":{"line":146,"column":4},"end":{"line":146,"column":64}},"25":{"start":{"line":146,"column":35},"end":{"line":146,"column":64}},"26":{"start":{"line":150,"column":4},"end":{"line":150,"column":32}},"27":{"start":{"line":154,"column":4},"end":{"line":154,"column":29}},"28":{"start":{"line":158,"column":4},"end":{"line":158,"column":28}},"29":{"start":{"line":163,"column":4},"end":{"line":199,"column":5}},"30":{"start":{"line":165,"column":6},"end":{"line":198,"column":7}},"31":{"start":{"line":168,"column":10},"end":{"line":172,"column":11}},"32":{"start":{"line":169,"column":12},"end":{"line":169,"column":40}},"33":{"start":{"line":171,"column":12},"end":{"line":171,"column":38}},"34":{"start":{"line":173,"column":10},"end":{"line":173,"column":16}},"35":{"start":{"line":176,"column":10},"end":{"line":180,"column":11}},"36":{"start":{"line":177,"column":12},"end":{"line":177,"column":39}},"37":{"start":{"line":179,"column":12},"end":{"line":179,"column":37}},"38":{"start":{"line":181,"column":10},"end":{"line":181,"column":16}},"39":{"start":{"line":184,"column":10},"end":{"line":188,"column":11}},"40":{"start":{"line":185,"column":12},"end":{"line":185,"column":39}},"41":{"start":{"line":187,"column":12},"end":{"line":187,"column":37}},"42":{"start":{"line":189,"column":10},"end":{"line":189,"column":16}},"43":{"start":{"line":192,"column":10},"end":{"line":196,"column":11}},"44":{"start":{"line":193,"column":12},"end":{"line":193,"column":40}},"45":{"start":{"line":195,"column":12},"end":{"line":195,"column":38}},"46":{"start":{"line":197,"column":10},"end":{"line":197,"column":16}},"47":{"start":{"line":203,"column":22},"end":{"line":203,"column":24}},"48":{"start":{"line":206,"column":4},"end":{"line":206,"column":72}},"49":{"start":{"line":206,"column":30},"end":{"line":206,"column":72}},"50":{"start":{"line":209,"column":4},"end":{"line":213,"column":5}},"51":{"start":{"line":210,"column":6},"end":{"line":210,"column":54}},"52":{"start":{"line":212,"column":6},"end":{"line":212,"column":42}},"53":{"start":{"line":216,"column":4},"end":{"line":216,"column":80}},"54":{"start":{"line":216,"column":28},"end":{"line":216,"column":80}},"55":{"start":{"line":219,"column":4},"end":{"line":219,"column":53}},"56":{"start":{"line":223,"column":19},"end":{"line":223,"column":21}},"57":{"start":{"line":225,"column":4},"end":{"line":229,"column":5}},"58":{"start":{"line":226,"column":6},"end":{"line":228,"column":9}},"59":{"start":{"line":227,"column":8},"end":{"line":227,"column":50}},"60":{"start":{"line":227,"column":23},"end":{"line":227,"column":50}},"61":{"start":{"line":231,"column":4},"end":{"line":231,"column":20}},"62":{"start":{"line":238,"column":0},"end":{"line":242,"column":2}},"63":{"start":{"line":244,"column":0},"end":{"line":250,"column":2}}},"fnMap":{"0":{"name":"(anonymous_0)","decl":{"start":{"line":19,"column":2},"end":{"line":19,"column":3}},"loc":{"start":{"line":19,"column":21},"end":{"line":28,"column":3}},"line":19},"1":{"name":"(anonymous_1)","decl":{"start":{"line":33,"column":2},"end":{"line":33,"column":3}},"loc":{"start":{"line":33,"column":39},"end":{"line":42,"column":3}},"line":33},"2":{"name":"(anonymous_2)","decl":{"start":{"line":44,"column":2},"end":{"line":44,"column":3}},"loc":{"start":{"line":44,"column":22},"end":{"line":46,"column":3}},"line":44},"3":{"name":"(anonymous_3)","decl":{"start":{"line":48,"column":2},"end":{"line":48,"column":3}},"loc":{"start":{"line":48,"column":25},"end":{"line":50,"column":3}},"line":48},"4":{"name":"(anonymous_4)","decl":{"start":{"line":57,"column":2},"end":{"line":57,"column":3}},"loc":{"start":{"line":57,"column":11},"end":{"line":103,"column":3}},"line":57},"5":{"name":"(anonymous_5)","decl":{"start":{"line":105,"column":20},"end":{"line":105,"column":21}},"loc":{"start":{"line":105,"column":26},"end":{"line":107,"column":3}},"line":105},"6":{"name":"(anonymous_6)","decl":{"start":{"line":109,"column":20},"end":{"line":109,"column":21}},"loc":{"start":{"line":109,"column":27},"end":{"line":113,"column":3}},"line":109},"7":{"name":"(anonymous_7)","decl":{"start":{"line":115,"column":21},"end":{"line":115,"column":22}},"loc":{"start":{"line":115,"column":31},"end":{"line":117,"column":3}},"line":115},"8":{"name":"(anonymous_8)","decl":{"start":{"line":119,"column":23},"end":{"line":119,"column":24}},"loc":{"start":{"line":119,"column":35},"end":{"line":121,"column":3}},"line":119},"9":{"name":"(anonymous_9)","decl":{"start":{"line":123,"column":20},"end":{"line":123,"column":21}},"loc":{"start":{"line":123,"column":44},"end":{"line":134,"column":3}},"line":123},"10":{"name":"(anonymous_10)","decl":{"start":{"line":136,"column":21},"end":{"line":136,"column":22}},"loc":{"start":{"line":136,"column":28},"end":{"line":147,"column":3}},"line":136},"11":{"name":"(anonymous_11)","decl":{"start":{"line":149,"column":23},"end":{"line":149,"column":24}},"loc":{"start":{"line":149,"column":36},"end":{"line":151,"column":3}},"line":149},"12":{"name":"(anonymous_12)","decl":{"start":{"line":153,"column":24},"end":{"line":153,"column":25}},"loc":{"start":{"line":153,"column":30},"end":{"line":155,"column":3}},"line":153},"13":{"name":"(anonymous_13)","decl":{"start":{"line":157,"column":25},"end":{"line":157,"column":26}},"loc":{"start":{"line":157,"column":31},"end":{"line":159,"column":3}},"line":157},"14":{"name":"(anonymous_14)","decl":{"start":{"line":161,"column":25},"end":{"line":161,"column":26}},"loc":{"start":{"line":161,"column":32},"end":{"line":200,"column":3}},"line":161},"15":{"name":"(anonymous_15)","decl":{"start":{"line":202,"column":15},"end":{"line":202,"column":16}},"loc":{"start":{"line":202,"column":55},"end":{"line":220,"column":3}},"line":202},"16":{"name":"(anonymous_16)","decl":{"start":{"line":222,"column":16},"end":{"line":222,"column":17}},"loc":{"start":{"line":222,"column":33},"end":{"line":232,"column":3}},"line":222},"17":{"name":"(anonymous_17)","decl":{"start":{"line":226,"column":37},"end":{"line":226,"column":38}},"loc":{"start":{"line":226,"column":58},"end":{"line":228,"column":7}},"line":226}},"branchMap":{"0":{"loc":{"start":{"line":35,"column":4},"end":{"line":41,"column":5}},"type":"if","locations":[{"start":{"line":35,"column":4},"end":{"line":41,"column":5}},{"start":{"line":35,"column":4},"end":{"line":41,"column":5}}],"line":35},"1":{"loc":{"start":{"line":36,"column":16},"end":{"line":36,"column":51}},"type":"binary-expr","locations":[{"start":{"line":36,"column":16},"end":{"line":36,"column":37}},{"start":{"line":36,"column":41},"end":{"line":36,"column":51}}],"line":36},"2":{"loc":{"start":{"line":125,"column":22},"end":{"line":125,"column":80}},"type":"cond-expr","locations":[{"start":{"line":125,"column":64},"end":{"line":125,"column":70}},{"start":{"line":125,"column":73},"end":{"line":125,"column":80}}],"line":125},"3":{"loc":{"start":{"line":127,"column":4},"end":{"line":133,"column":5}},"type":"if","locations":[{"start":{"line":127,"column":4},"end":{"line":133,"column":5}},{"start":{"line":127,"column":4},"end":{"line":133,"column":5}}],"line":127},"4":{"loc":{"start":{"line":131,"column":22},"end":{"line":131,"column":64}},"type":"binary-expr","locations":[{"start":{"line":131,"column":22},"end":{"line":131,"column":37}},{"start":{"line":131,"column":41},"end":{"line":131,"column":64}}],"line":131},"5":{"loc":{"start":{"line":139,"column":4},"end":{"line":145,"column":5}},"type":"if","locations":[{"start":{"line":139,"column":4},"end":{"line":145,"column":5}},{"start":{"line":139,"column":4},"end":{"line":145,"column":5}}],"line":139},"6":{"loc":{"start":{"line":146,"column":4},"end":{"line":146,"column":64}},"type":"if","locations":[{"start":{"line":146,"column":4},"end":{"line":146,"column":64}},{"start":{"line":146,"column":4},"end":{"line":146,"column":64}}],"line":146},"7":{"loc":{"start":{"line":163,"column":4},"end":{"line":199,"column":5}},"type":"if","locations":[{"start":{"line":163,"column":4},"end":{"line":199,"column":5}},{"start":{"line":163,"column":4},"end":{"line":199,"column":5}}],"line":163},"8":{"loc":{"start":{"line":165,"column":6},"end":{"line":198,"column":7}},"type":"switch","locations":[{"start":{"line":167,"column":8},"end":{"line":173,"column":16}},{"start":{"line":175,"column":8},"end":{"line":181,"column":16}},{"start":{"line":183,"column":8},"end":{"line":189,"column":16}},{"start":{"line":191,"column":8},"end":{"line":197,"column":16}}],"line":165},"9":{"loc":{"start":{"line":168,"column":10},"end":{"line":172,"column":11}},"type":"if","locations":[{"start":{"line":168,"column":10},"end":{"line":172,"column":11}},{"start":{"line":168,"column":10},"end":{"line":172,"column":11}}],"line":168},"10":{"loc":{"start":{"line":176,"column":10},"end":{"line":180,"column":11}},"type":"if","locations":[{"start":{"line":176,"column":10},"end":{"line":180,"column":11}},{"start":{"line":176,"column":10},"end":{"line":180,"column":11}}],"line":176},"11":{"loc":{"start":{"line":184,"column":10},"end":{"line":188,"column":11}},"type":"if","locations":[{"start":{"line":184,"column":10},"end":{"line":188,"column":11}},{"start":{"line":184,"column":10},"end":{"line":188,"column":11}}],"line":184},"12":{"loc":{"start":{"line":192,"column":10},"end":{"line":196,"column":11}},"type":"if","locations":[{"start":{"line":192,"column":10},"end":{"line":196,"column":11}},{"start":{"line":192,"column":10},"end":{"line":196,"column":11}}],"line":192},"13":{"loc":{"start":{"line":206,"column":4},"end":{"line":206,"column":72}},"type":"if","locations":[{"start":{"line":206,"column":4},"end":{"line":206,"column":72}},{"start":{"line":206,"column":4},"end":{"line":206,"column":72}}],"line":206},"14":{"loc":{"start":{"line":209,"column":4},"end":{"line":213,"column":5}},"type":"if","locations":[{"start":{"line":209,"column":4},"end":{"line":213,"column":5}},{"start":{"line":209,"column":4},"end":{"line":213,"column":5}}],"line":209},"15":{"loc":{"start":{"line":216,"column":4},"end":{"line":216,"column":80}},"type":"if","locations":[{"start":{"line":216,"column":4},"end":{"line":216,"column":80}},{"start":{"line":216,"column":4},"end":{"line":216,"column":80}}],"line":216},"16":{"loc":{"start":{"line":225,"column":4},"end":{"line":229,"column":5}},"type":"if","locations":[{"start":{"line":225,"column":4},"end":{"line":229,"column":5}},{"start":{"line":225,"column":4},"end":{"line":229,"column":5}}],"line":225},"17":{"loc":{"start":{"line":227,"column":8},"end":{"line":227,"column":50}},"type":"if","locations":[{"start":{"line":227,"column":8},"end":{"line":227,"column":50}},{"start":{"line":227,"column":8},"end":{"line":227,"column":50}}],"line":227}},"s":{"0":1,"1":1,"2":0,"3":0,"4":0,"5":0,"6":0,"7":1,"8":1,"9":1,"10":0,"11":0,"12":0,"13":0,"14":0,"15":0,"16":0,"17":0,"18":0,"19":0,"20":0,"21":0,"22":0,"23":0,"24":0,"25":0,"26":0,"27":0,"28":0,"29":0,"30":0,"31":0,"32":0,"33":0,"34":0,"35":0,"36":0,"37":0,"38":0,"39":0,"40":0,"41":0,"42":0,"43":0,"44":0,"45":0,"46":0,"47":1,"48":1,"49":0,"50":1,"51":0,"52":1,"53":1,"54":1,"55":1,"56":1,"57":1,"58":1,"59":3,"60":2,"61":1,"62":3,"63":3},"f":{"0":1,"1":0,"2":0,"3":0,"4":1,"5":0,"6":0,"7":0,"8":0,"9":0,"10":0,"11":0,"12":0,"13":0,"14":0,"15":1,"16":1,"17":3},"b":{"0":[0,0],"1":[0,0],"2":[0,0],"3":[0,0],"4":[0,0],"5":[0,0],"6":[0,0],"7":[0,0],"8":[0,0,0,0],"9":[0,0],"10":[0,0],"11":[0,0],"12":[0,0],"13":[0,1],"14":[0,1],"15":[1,0],"16":[1,0],"17":[2,1]},"_coverageSchema":"332fd63041d2c1bcb487cc26dd0d5f7d97098a6c","hash":"a9af7b723b3128241b04a06a947972f25b64700d"}
,"C:\\Users\\Sky\\src\\chamel\\src\\DatePicker\\CalendarMonth.jsx": {"path":"C:\\Users\\Sky\\src\\chamel\\src\\DatePicker\\CalendarMonth.jsx","statementMap":{"0":{"start":{"line":10,"column":20},"end":{"line":10,"column":77}},"1":{"start":{"line":12,"column":22},"end":{"line":12,"column":67}},"2":{"start":{"line":13,"column":30},"end":{"line":13,"column":32}},"3":{"start":{"line":15,"column":4},"end":{"line":23,"column":7}},"4":{"start":{"line":16,"column":6},"end":{"line":22,"column":8}},"5":{"start":{"line":25,"column":4},"end":{"line":29,"column":6}},"6":{"start":{"line":33,"column":29},"end":{"line":33,"column":31}},"7":{"start":{"line":34,"column":4},"end":{"line":60,"column":7}},"8":{"start":{"line":35,"column":23},"end":{"line":35,"column":73}},"9":{"start":{"line":37,"column":6},"end":{"line":59,"column":8}},"10":{"start":{"line":42,"column":26},"end":{"line":42,"column":44}},"11":{"start":{"line":43,"column":26},"end":{"line":43,"column":44}},"12":{"start":{"line":45,"column":10},"end":{"line":47,"column":11}},"13":{"start":{"line":46,"column":12},"end":{"line":46,"column":24}},"14":{"start":{"line":49,"column":10},"end":{"line":51,"column":11}},"15":{"start":{"line":50,"column":12},"end":{"line":50,"column":24}},"16":{"start":{"line":53,"column":10},"end":{"line":53,"column":23}},"17":{"start":{"line":56,"column":10},"end":{"line":56,"column":74}},"18":{"start":{"line":56,"column":40},"end":{"line":56,"column":74}},"19":{"start":{"line":62,"column":4},"end":{"line":62,"column":30}},"20":{"start":{"line":66,"column":22},"end":{"line":66,"column":24}},"21":{"start":{"line":69,"column":4},"end":{"line":69,"column":72}},"22":{"start":{"line":69,"column":30},"end":{"line":69,"column":72}},"23":{"start":{"line":72,"column":4},"end":{"line":76,"column":5}},"24":{"start":{"line":73,"column":6},"end":{"line":73,"column":54}},"25":{"start":{"line":75,"column":6},"end":{"line":75,"column":42}},"26":{"start":{"line":79,"column":4},"end":{"line":79,"column":80}},"27":{"start":{"line":79,"column":28},"end":{"line":79,"column":80}},"28":{"start":{"line":82,"column":4},"end":{"line":82,"column":53}},"29":{"start":{"line":86,"column":19},"end":{"line":86,"column":21}},"30":{"start":{"line":88,"column":4},"end":{"line":92,"column":5}},"31":{"start":{"line":89,"column":6},"end":{"line":91,"column":9}},"32":{"start":{"line":90,"column":8},"end":{"line":90,"column":50}},"33":{"start":{"line":90,"column":23},"end":{"line":90,"column":50}},"34":{"start":{"line":94,"column":4},"end":{"line":94,"column":20}},"35":{"start":{"line":98,"column":0},"end":{"line":105,"column":2}}},"fnMap":{"0":{"name":"(anonymous_0)","decl":{"start":{"line":9,"column":2},"end":{"line":9,"column":3}},"loc":{"start":{"line":9,"column":11},"end":{"line":30,"column":3}},"line":9},"1":{"name":"(anonymous_1)","decl":{"start":{"line":15,"column":22},"end":{"line":15,"column":23}},"loc":{"start":{"line":15,"column":35},"end":{"line":23,"column":5}},"line":15},"2":{"name":"(anonymous_2)","decl":{"start":{"line":32,"column":20},"end":{"line":32,"column":21}},"loc":{"start":{"line":32,"column":30},"end":{"line":63,"column":3}},"line":32},"3":{"name":"(anonymous_3)","decl":{"start":{"line":34,"column":17},"end":{"line":34,"column":18}},"loc":{"start":{"line":34,"column":29},"end":{"line":60,"column":5}},"line":34},"4":{"name":"(anonymous_4)","decl":{"start":{"line":41,"column":20},"end":{"line":41,"column":21}},"loc":{"start":{"line":41,"column":29},"end":{"line":54,"column":9}},"line":41},"5":{"name":"(anonymous_5)","decl":{"start":{"line":55,"column":19},"end":{"line":55,"column":20}},"loc":{"start":{"line":55,"column":32},"end":{"line":57,"column":9}},"line":55},"6":{"name":"(anonymous_6)","decl":{"start":{"line":65,"column":15},"end":{"line":65,"column":16}},"loc":{"start":{"line":65,"column":55},"end":{"line":83,"column":3}},"line":65},"7":{"name":"(anonymous_7)","decl":{"start":{"line":85,"column":16},"end":{"line":85,"column":17}},"loc":{"start":{"line":85,"column":33},"end":{"line":95,"column":3}},"line":85},"8":{"name":"(anonymous_8)","decl":{"start":{"line":89,"column":37},"end":{"line":89,"column":38}},"loc":{"start":{"line":89,"column":58},"end":{"line":91,"column":7}},"line":89}},"branchMap":{"0":{"loc":{"start":{"line":45,"column":10},"end":{"line":47,"column":11}},"type":"if","locations":[{"start":{"line":45,"column":10},"end":{"line":47,"column":11}},{"start":{"line":45,"column":10},"end":{"line":47,"column":11}}],"line":45},"1":{"loc":{"start":{"line":45,"column":14},"end":{"line":45,"column":46}},"type":"binary-expr","locations":[{"start":{"line":45,"column":14},"end":{"line":45,"column":29}},{"start":{"line":45,"column":33},"end":{"line":45,"column":46}}],"line":45},"2":{"loc":{"start":{"line":49,"column":10},"end":{"line":51,"column":11}},"type":"if","locations":[{"start":{"line":49,"column":10},"end":{"line":51,"column":11}},{"start":{"line":49,"column":10},"end":{"line":51,"column":11}}],"line":49},"3":{"loc":{"start":{"line":49,"column":14},"end":{"line":49,"column":46}},"type":"binary-expr","locations":[{"start":{"line":49,"column":14},"end":{"line":49,"column":29}},{"start":{"line":49,"column":33},"end":{"line":49,"column":46}}],"line":49},"4":{"loc":{"start":{"line":56,"column":10},"end":{"line":56,"column":74}},"type":"if","locations":[{"start":{"line":56,"column":10},"end":{"line":56,"column":74}},{"start":{"line":56,"column":10},"end":{"line":56,"column":74}}],"line":56},"5":{"loc":{"start":{"line":69,"column":4},"end":{"line":69,"column":72}},"type":"if","locations":[{"start":{"line":69,"column":4},"end":{"line":69,"column":72}},{"start":{"line":69,"column":4},"end":{"line":69,"column":72}}],"line":69},"6":{"loc":{"start":{"line":72,"column":4},"end":{"line":76,"column":5}},"type":"if","locations":[{"start":{"line":72,"column":4},"end":{"line":76,"column":5}},{"start":{"line":72,"column":4},"end":{"line":76,"column":5}}],"line":72},"7":{"loc":{"start":{"line":79,"column":4},"end":{"line":79,"column":80}},"type":"if","locations":[{"start":{"line":79,"column":4},"end":{"line":79,"column":80}},{"start":{"line":79,"column":4},"end":{"line":79,"column":80}}],"line":79},"8":{"loc":{"start":{"line":88,"column":4},"end":{"line":92,"column":5}},"type":"if","locations":[{"start":{"line":88,"column":4},"end":{"line":92,"column":5}},{"start":{"line":88,"column":4},"end":{"line":92,"column":5}}],"line":88},"9":{"loc":{"start":{"line":90,"column":8},"end":{"line":90,"column":50}},"type":"if","locations":[{"start":{"line":90,"column":8},"end":{"line":90,"column":50}},{"start":{"line":90,"column":8},"end":{"line":90,"column":50}}],"line":90}},"s":{"0":1,"1":1,"2":1,"3":1,"4":5,"5":1,"6":5,"7":5,"8":31,"9":31,"10":0,"11":0,"12":0,"13":0,"14":0,"15":0,"16":0,"17":0,"18":0,"19":5,"20":1,"21":1,"22":0,"23":1,"24":0,"25":1,"26":1,"27":0,"28":1,"29":1,"30":1,"31":1,"32":2,"33":1,"34":1,"35":4},"f":{"0":1,"1":5,"2":5,"3":31,"4":0,"5":0,"6":1,"7":1,"8":2},"b":{"0":[0,0],"1":[0,0],"2":[0,0],"3":[0,0],"4":[0,0],"5":[0,1],"6":[0,1],"7":[0,1],"8":[1,0],"9":[1,1]},"_coverageSchema":"332fd63041d2c1bcb487cc26dd0d5f7d97098a6c","hash":"a1380484f2bbde56b5e19c8ab4672fc3322e3fa7"}
,"C:\\Users\\Sky\\src\\chamel\\src\\DatePicker\\CalendarToolbar.jsx": {"path":"C:\\Users\\Sky\\src\\chamel\\src\\DatePicker\\CalendarToolbar.jsx","statementMap":{"0":{"start":{"line":18,"column":4},"end":{"line":18,"column":17}},"1":{"start":{"line":20,"column":4},"end":{"line":22,"column":6}},"2":{"start":{"line":28,"column":4},"end":{"line":33,"column":5}},"3":{"start":{"line":29,"column":6},"end":{"line":29,"column":81}},"4":{"start":{"line":30,"column":6},"end":{"line":32,"column":9}},"5":{"start":{"line":38,"column":17},"end":{"line":38,"column":39}},"6":{"start":{"line":39,"column":20},"end":{"line":39,"column":38}},"7":{"start":{"line":40,"column":20},"end":{"line":40,"column":38}},"8":{"start":{"line":42,"column":4},"end":{"line":52,"column":5}},"9":{"start":{"line":43,"column":6},"end":{"line":43,"column":66}},"10":{"start":{"line":43,"column":54},"end":{"line":43,"column":66}},"11":{"start":{"line":44,"column":6},"end":{"line":46,"column":7}},"12":{"start":{"line":45,"column":8},"end":{"line":45,"column":53}},"13":{"start":{"line":47,"column":11},"end":{"line":52,"column":5}},"14":{"start":{"line":48,"column":6},"end":{"line":48,"column":66}},"15":{"start":{"line":48,"column":54},"end":{"line":48,"column":66}},"16":{"start":{"line":49,"column":6},"end":{"line":51,"column":7}},"17":{"start":{"line":50,"column":8},"end":{"line":50,"column":53}},"18":{"start":{"line":54,"column":4},"end":{"line":54,"column":17}},"19":{"start":{"line":58,"column":18},"end":{"line":58,"column":63}},"20":{"start":{"line":59,"column":17},"end":{"line":59,"column":53}},"21":{"start":{"line":61,"column":24},"end":{"line":61,"column":48}},"22":{"start":{"line":62,"column":25},"end":{"line":62,"column":50}},"23":{"start":{"line":64,"column":4},"end":{"line":88,"column":6}},"24":{"start":{"line":93,"column":0},"end":{"line":99,"column":2}},"25":{"start":{"line":101,"column":0},"end":{"line":104,"column":2}}},"fnMap":{"0":{"name":"(anonymous_0)","decl":{"start":{"line":16,"column":2},"end":{"line":16,"column":3}},"loc":{"start":{"line":16,"column":21},"end":{"line":23,"column":3}},"line":16},"1":{"name":"(anonymous_1)","decl":{"start":{"line":25,"column":2},"end":{"line":25,"column":3}},"loc":{"start":{"line":25,"column":39},"end":{"line":34,"column":3}},"line":25},"2":{"name":"(anonymous_2)","decl":{"start":{"line":36,"column":16},"end":{"line":36,"column":17}},"loc":{"start":{"line":36,"column":31},"end":{"line":55,"column":3}},"line":36},"3":{"name":"(anonymous_3)","decl":{"start":{"line":57,"column":2},"end":{"line":57,"column":3}},"loc":{"start":{"line":57,"column":11},"end":{"line":89,"column":3}},"line":57}},"branchMap":{"0":{"loc":{"start":{"line":28,"column":4},"end":{"line":33,"column":5}},"type":"if","locations":[{"start":{"line":28,"column":4},"end":{"line":33,"column":5}},{"start":{"line":28,"column":4},"end":{"line":33,"column":5}}],"line":28},"1":{"loc":{"start":{"line":29,"column":18},"end":{"line":29,"column":80}},"type":"cond-expr","locations":[{"start":{"line":29,"column":67},"end":{"line":29,"column":71}},{"start":{"line":29,"column":74},"end":{"line":29,"column":80}}],"line":29},"2":{"loc":{"start":{"line":42,"column":4},"end":{"line":52,"column":5}},"type":"if","locations":[{"start":{"line":42,"column":4},"end":{"line":52,"column":5}},{"start":{"line":42,"column":4},"end":{"line":52,"column":5}}],"line":42},"3":{"loc":{"start":{"line":42,"column":8},"end":{"line":42,"column":38}},"type":"binary-expr","locations":[{"start":{"line":42,"column":8},"end":{"line":42,"column":27}},{"start":{"line":42,"column":31},"end":{"line":42,"column":38}}],"line":42},"4":{"loc":{"start":{"line":43,"column":6},"end":{"line":43,"column":66}},"type":"if","locations":[{"start":{"line":43,"column":6},"end":{"line":43,"column":66}},{"start":{"line":43,"column":6},"end":{"line":43,"column":66}}],"line":43},"5":{"loc":{"start":{"line":44,"column":6},"end":{"line":46,"column":7}},"type":"if","locations":[{"start":{"line":44,"column":6},"end":{"line":46,"column":7}},{"start":{"line":44,"column":6},"end":{"line":46,"column":7}}],"line":44},"6":{"loc":{"start":{"line":47,"column":11},"end":{"line":52,"column":5}},"type":"if","locations":[{"start":{"line":47,"column":11},"end":{"line":52,"column":5}},{"start":{"line":47,"column":11},"end":{"line":52,"column":5}}],"line":47},"7":{"loc":{"start":{"line":47,"column":15},"end":{"line":47,"column":46}},"type":"binary-expr","locations":[{"start":{"line":47,"column":15},"end":{"line":47,"column":35}},{"start":{"line":47,"column":39},"end":{"line":47,"column":46}}],"line":47},"8":{"loc":{"start":{"line":48,"column":6},"end":{"line":48,"column":66}},"type":"if","locations":[{"start":{"line":48,"column":6},"end":{"line":48,"column":66}},{"start":{"line":48,"column":6},"end":{"line":48,"column":66}}],"line":48},"9":{"loc":{"start":{"line":49,"column":6},"end":{"line":51,"column":7}},"type":"if","locations":[{"start":{"line":49,"column":6},"end":{"line":51,"column":7}},{"start":{"line":49,"column":6},"end":{"line":51,"column":7}}],"line":49}},"s":{"0":1,"1":1,"2":0,"3":0,"4":0,"5":2,"6":2,"7":2,"8":2,"9":0,"10":0,"11":0,"12":0,"13":2,"14":0,"15":0,"16":0,"17":0,"18":2,"19":1,"20":1,"21":1,"22":1,"23":1,"24":4,"25":4},"f":{"0":1,"1":0,"2":2,"3":1},"b":{"0":[0,0],"1":[0,0],"2":[0,2],"3":[2,1],"4":[0,0],"5":[0,0],"6":[0,2],"7":[2,1],"8":[0,0],"9":[0,0]},"_coverageSchema":"332fd63041d2c1bcb487cc26dd0d5f7d97098a6c","hash":"adffca14087e3f679461a0b6be8390ffe8d0f9f4"}
,"C:\\Users\\Sky\\src\\chamel\\src\\DatePicker\\DateDisplay.jsx": {"path":"C:\\Users\\Sky\\src\\chamel\\src\\DatePicker\\DateDisplay.jsx","statementMap":{"0":{"start":{"line":16,"column":4},"end":{"line":16,"column":17}},"1":{"start":{"line":18,"column":4},"end":{"line":20,"column":5}},"2":{"start":{"line":26,"column":4},"end":{"line":31,"column":5}},"3":{"start":{"line":27,"column":6},"end":{"line":27,"column":83}},"4":{"start":{"line":28,"column":6},"end":{"line":30,"column":9}},"5":{"start":{"line":38,"column":10},"end":{"line":38,"column":20}},"6":{"start":{"line":40,"column":20},"end":{"line":40,"column":70}},"7":{"start":{"line":41,"column":22},"end":{"line":41,"column":68}},"8":{"start":{"line":42,"column":18},"end":{"line":42,"column":65}},"9":{"start":{"line":43,"column":16},"end":{"line":43,"column":49}},"10":{"start":{"line":44,"column":17},"end":{"line":44,"column":54}},"11":{"start":{"line":46,"column":4},"end":{"line":78,"column":6}},"12":{"start":{"line":82,"column":22},"end":{"line":82,"column":24}},"13":{"start":{"line":85,"column":4},"end":{"line":85,"column":72}},"14":{"start":{"line":85,"column":30},"end":{"line":85,"column":72}},"15":{"start":{"line":88,"column":4},"end":{"line":92,"column":5}},"16":{"start":{"line":89,"column":6},"end":{"line":89,"column":54}},"17":{"start":{"line":91,"column":6},"end":{"line":91,"column":42}},"18":{"start":{"line":95,"column":4},"end":{"line":95,"column":80}},"19":{"start":{"line":95,"column":28},"end":{"line":95,"column":80}},"20":{"start":{"line":98,"column":4},"end":{"line":98,"column":53}},"21":{"start":{"line":102,"column":19},"end":{"line":102,"column":21}},"22":{"start":{"line":104,"column":4},"end":{"line":108,"column":5}},"23":{"start":{"line":105,"column":6},"end":{"line":107,"column":9}},"24":{"start":{"line":106,"column":8},"end":{"line":106,"column":50}},"25":{"start":{"line":106,"column":23},"end":{"line":106,"column":50}},"26":{"start":{"line":110,"column":4},"end":{"line":110,"column":20}},"27":{"start":{"line":114,"column":0},"end":{"line":116,"column":2}},"28":{"start":{"line":118,"column":0},"end":{"line":118,"column":29}}},"fnMap":{"0":{"name":"(anonymous_0)","decl":{"start":{"line":14,"column":2},"end":{"line":14,"column":3}},"loc":{"start":{"line":14,"column":21},"end":{"line":21,"column":3}},"line":14},"1":{"name":"(anonymous_1)","decl":{"start":{"line":23,"column":2},"end":{"line":23,"column":3}},"loc":{"start":{"line":23,"column":39},"end":{"line":32,"column":3}},"line":23},"2":{"name":"(anonymous_2)","decl":{"start":{"line":34,"column":2},"end":{"line":34,"column":3}},"loc":{"start":{"line":34,"column":11},"end":{"line":79,"column":3}},"line":34},"3":{"name":"(anonymous_3)","decl":{"start":{"line":81,"column":15},"end":{"line":81,"column":16}},"loc":{"start":{"line":81,"column":55},"end":{"line":99,"column":3}},"line":81},"4":{"name":"(anonymous_4)","decl":{"start":{"line":101,"column":16},"end":{"line":101,"column":17}},"loc":{"start":{"line":101,"column":33},"end":{"line":111,"column":3}},"line":101},"5":{"name":"(anonymous_5)","decl":{"start":{"line":105,"column":37},"end":{"line":105,"column":38}},"loc":{"start":{"line":105,"column":58},"end":{"line":107,"column":7}},"line":105}},"branchMap":{"0":{"loc":{"start":{"line":26,"column":4},"end":{"line":31,"column":5}},"type":"if","locations":[{"start":{"line":26,"column":4},"end":{"line":31,"column":5}},{"start":{"line":26,"column":4},"end":{"line":31,"column":5}}],"line":26},"1":{"loc":{"start":{"line":27,"column":18},"end":{"line":27,"column":82}},"type":"cond-expr","locations":[{"start":{"line":27,"column":69},"end":{"line":27,"column":73}},{"start":{"line":27,"column":76},"end":{"line":27,"column":82}}],"line":27},"2":{"loc":{"start":{"line":85,"column":4},"end":{"line":85,"column":72}},"type":"if","locations":[{"start":{"line":85,"column":4},"end":{"line":85,"column":72}},{"start":{"line":85,"column":4},"end":{"line":85,"column":72}}],"line":85},"3":{"loc":{"start":{"line":88,"column":4},"end":{"line":92,"column":5}},"type":"if","locations":[{"start":{"line":88,"column":4},"end":{"line":92,"column":5}},{"start":{"line":88,"column":4},"end":{"line":92,"column":5}}],"line":88},"4":{"loc":{"start":{"line":95,"column":4},"end":{"line":95,"column":80}},"type":"if","locations":[{"start":{"line":95,"column":4},"end":{"line":95,"column":80}},{"start":{"line":95,"column":4},"end":{"line":95,"column":80}}],"line":95},"5":{"loc":{"start":{"line":104,"column":4},"end":{"line":108,"column":5}},"type":"if","locations":[{"start":{"line":104,"column":4},"end":{"line":108,"column":5}},{"start":{"line":104,"column":4},"end":{"line":108,"column":5}}],"line":104},"6":{"loc":{"start":{"line":106,"column":8},"end":{"line":106,"column":50}},"type":"if","locations":[{"start":{"line":106,"column":8},"end":{"line":106,"column":50}},{"start":{"line":106,"column":8},"end":{"line":106,"column":50}}],"line":106}},"s":{"0":1,"1":1,"2":0,"3":0,"4":0,"5":1,"6":1,"7":1,"8":1,"9":1,"10":1,"11":1,"12":1,"13":1,"14":0,"15":1,"16":0,"17":1,"18":1,"19":0,"20":1,"21":1,"22":1,"23":1,"24":2,"25":1,"26":1,"27":4,"28":4},"f":{"0":1,"1":0,"2":1,"3":1,"4":1,"5":2},"b":{"0":[0,0],"1":[0,0],"2":[0,1],"3":[0,1],"4":[0,1],"5":[1,0],"6":[1,1]},"_coverageSchema":"332fd63041d2c1bcb487cc26dd0d5f7d97098a6c","hash":"92e12c6baa00fb037d5ea7d2b1c0e4addeee20a4"}
,"C:\\Users\\Sky\\src\\chamel\\src\\DatePicker\\DatePicker.jsx": {"path":"C:\\Users\\Sky\\src\\chamel\\src\\DatePicker\\DatePicker.jsx","statementMap":{"0":{"start":{"line":20,"column":4},"end":{"line":20,"column":17}},"1":{"start":{"line":22,"column":4},"end":{"line":25,"column":6}},"2":{"start":{"line":29,"column":4},"end":{"line":29,"column":56}},"3":{"start":{"line":33,"column":4},"end":{"line":33,"column":57}},"4":{"start":{"line":49,"column":10},"end":{"line":49,"column":20}},"5":{"start":{"line":50,"column":20},"end":{"line":53,"column":6}},"6":{"start":{"line":56,"column":4},"end":{"line":58,"column":5}},"7":{"start":{"line":57,"column":6},"end":{"line":57,"column":72}},"8":{"start":{"line":60,"column":22},"end":{"line":60,"column":65}},"9":{"start":{"line":63,"column":29},"end":{"line":63,"column":84}},"10":{"start":{"line":66,"column":4},"end":{"line":68,"column":5}},"11":{"start":{"line":67,"column":6},"end":{"line":67,"column":32}},"12":{"start":{"line":70,"column":4},"end":{"line":91,"column":6}},"13":{"start":{"line":95,"column":4},"end":{"line":95,"column":27}},"14":{"start":{"line":99,"column":4},"end":{"line":101,"column":7}},"15":{"start":{"line":102,"column":4},"end":{"line":102,"column":55}},"16":{"start":{"line":106,"column":4},"end":{"line":106,"column":20}},"17":{"start":{"line":107,"column":4},"end":{"line":107,"column":58}},"18":{"start":{"line":107,"column":29},"end":{"line":107,"column":58}},"19":{"start":{"line":114,"column":21},"end":{"line":114,"column":35}},"20":{"start":{"line":115,"column":12},"end":{"line":115,"column":16}},"21":{"start":{"line":124,"column":4},"end":{"line":130,"column":5}},"22":{"start":{"line":125,"column":20},"end":{"line":125,"column":41}},"23":{"start":{"line":129,"column":6},"end":{"line":129,"column":53}},"24":{"start":{"line":132,"column":4},"end":{"line":132,"column":58}},"25":{"start":{"line":132,"column":29},"end":{"line":132,"column":58}},"26":{"start":{"line":136,"column":4},"end":{"line":136,"column":20}},"27":{"start":{"line":137,"column":4},"end":{"line":137,"column":50}},"28":{"start":{"line":137,"column":28},"end":{"line":137,"column":50}},"29":{"start":{"line":141,"column":4},"end":{"line":143,"column":7}},"30":{"start":{"line":150,"column":4},"end":{"line":152,"column":5}},"31":{"start":{"line":151,"column":6},"end":{"line":151,"column":36}},"32":{"start":{"line":154,"column":4},"end":{"line":154,"column":50}},"33":{"start":{"line":154,"column":28},"end":{"line":154,"column":50}},"34":{"start":{"line":162,"column":22},"end":{"line":162,"column":24}},"35":{"start":{"line":165,"column":4},"end":{"line":165,"column":72}},"36":{"start":{"line":165,"column":30},"end":{"line":165,"column":72}},"37":{"start":{"line":168,"column":4},"end":{"line":172,"column":5}},"38":{"start":{"line":169,"column":6},"end":{"line":169,"column":54}},"39":{"start":{"line":171,"column":6},"end":{"line":171,"column":42}},"40":{"start":{"line":175,"column":4},"end":{"line":175,"column":80}},"41":{"start":{"line":175,"column":28},"end":{"line":175,"column":80}},"42":{"start":{"line":178,"column":4},"end":{"line":178,"column":53}},"43":{"start":{"line":182,"column":19},"end":{"line":182,"column":21}},"44":{"start":{"line":184,"column":4},"end":{"line":188,"column":5}},"45":{"start":{"line":185,"column":6},"end":{"line":187,"column":9}},"46":{"start":{"line":186,"column":8},"end":{"line":186,"column":50}},"47":{"start":{"line":186,"column":23},"end":{"line":186,"column":50}},"48":{"start":{"line":190,"column":4},"end":{"line":190,"column":20}},"49":{"start":{"line":194,"column":0},"end":{"line":207,"column":2}},"50":{"start":{"line":209,"column":0},"end":{"line":215,"column":2}}},"fnMap":{"0":{"name":"(anonymous_0)","decl":{"start":{"line":18,"column":2},"end":{"line":18,"column":3}},"loc":{"start":{"line":18,"column":21},"end":{"line":26,"column":3}},"line":18},"1":{"name":"(anonymous_1)","decl":{"start":{"line":28,"column":2},"end":{"line":28,"column":3}},"loc":{"start":{"line":28,"column":22},"end":{"line":30,"column":3}},"line":28},"2":{"name":"(anonymous_2)","decl":{"start":{"line":32,"column":2},"end":{"line":32,"column":3}},"loc":{"start":{"line":32,"column":25},"end":{"line":34,"column":3}},"line":32},"3":{"name":"(anonymous_3)","decl":{"start":{"line":36,"column":2},"end":{"line":36,"column":3}},"loc":{"start":{"line":36,"column":11},"end":{"line":92,"column":3}},"line":36},"4":{"name":"(anonymous_4)","decl":{"start":{"line":94,"column":12},"end":{"line":94,"column":13}},"loc":{"start":{"line":94,"column":18},"end":{"line":96,"column":3}},"line":94},"5":{"name":"(anonymous_5)","decl":{"start":{"line":98,"column":12},"end":{"line":98,"column":13}},"loc":{"start":{"line":98,"column":19},"end":{"line":103,"column":3}},"line":98},"6":{"name":"(anonymous_6)","decl":{"start":{"line":105,"column":24},"end":{"line":105,"column":25}},"loc":{"start":{"line":105,"column":31},"end":{"line":108,"column":3}},"line":105},"7":{"name":"(anonymous_7)","decl":{"start":{"line":113,"column":23},"end":{"line":113,"column":24}},"loc":{"start":{"line":113,"column":30},"end":{"line":133,"column":3}},"line":113},"8":{"name":"(anonymous_8)","decl":{"start":{"line":135,"column":22},"end":{"line":135,"column":23}},"loc":{"start":{"line":135,"column":29},"end":{"line":138,"column":3}},"line":135},"9":{"name":"(anonymous_9)","decl":{"start":{"line":140,"column":25},"end":{"line":140,"column":26}},"loc":{"start":{"line":140,"column":32},"end":{"line":155,"column":3}},"line":140},"10":{"name":"(anonymous_10)","decl":{"start":{"line":157,"column":23},"end":{"line":157,"column":24}},"loc":{"start":{"line":157,"column":30},"end":{"line":159,"column":3}},"line":157},"11":{"name":"(anonymous_11)","decl":{"start":{"line":161,"column":15},"end":{"line":161,"column":16}},"loc":{"start":{"line":161,"column":55},"end":{"line":179,"column":3}},"line":161},"12":{"name":"(anonymous_12)","decl":{"start":{"line":181,"column":16},"end":{"line":181,"column":17}},"loc":{"start":{"line":181,"column":33},"end":{"line":191,"column":3}},"line":181},"13":{"name":"(anonymous_13)","decl":{"start":{"line":185,"column":37},"end":{"line":185,"column":38}},"loc":{"start":{"line":185,"column":58},"end":{"line":187,"column":7}},"line":185}},"branchMap":{"0":{"loc":{"start":{"line":56,"column":4},"end":{"line":58,"column":5}},"type":"if","locations":[{"start":{"line":56,"column":4},"end":{"line":58,"column":5}},{"start":{"line":56,"column":4},"end":{"line":58,"column":5}}],"line":56},"1":{"loc":{"start":{"line":60,"column":22},"end":{"line":60,"column":65}},"type":"cond-expr","locations":[{"start":{"line":60,"column":50},"end":{"line":60,"column":56}},{"start":{"line":60,"column":59},"end":{"line":60,"column":65}}],"line":60},"2":{"loc":{"start":{"line":63,"column":29},"end":{"line":63,"column":84}},"type":"cond-expr","locations":[{"start":{"line":63,"column":54},"end":{"line":63,"column":77}},{"start":{"line":63,"column":80},"end":{"line":63,"column":84}}],"line":63},"3":{"loc":{"start":{"line":66,"column":4},"end":{"line":68,"column":5}},"type":"if","locations":[{"start":{"line":66,"column":4},"end":{"line":68,"column":5}},{"start":{"line":66,"column":4},"end":{"line":68,"column":5}}],"line":66},"4":{"loc":{"start":{"line":107,"column":4},"end":{"line":107,"column":58}},"type":"if","locations":[{"start":{"line":107,"column":4},"end":{"line":107,"column":58}},{"start":{"line":107,"column":4},"end":{"line":107,"column":58}}],"line":107},"5":{"loc":{"start":{"line":124,"column":4},"end":{"line":130,"column":5}},"type":"if","locations":[{"start":{"line":124,"column":4},"end":{"line":130,"column":5}},{"start":{"line":124,"column":4},"end":{"line":130,"column":5}}],"line":124},"6":{"loc":{"start":{"line":132,"column":4},"end":{"line":132,"column":58}},"type":"if","locations":[{"start":{"line":132,"column":4},"end":{"line":132,"column":58}},{"start":{"line":132,"column":4},"end":{"line":132,"column":58}}],"line":132},"7":{"loc":{"start":{"line":137,"column":4},"end":{"line":137,"column":50}},"type":"if","locations":[{"start":{"line":137,"column":4},"end":{"line":137,"column":50}},{"start":{"line":137,"column":4},"end":{"line":137,"column":50}}],"line":137
[...]
:[{"start":{"line":401,"column":11},"end":{"line":405,"column":5}},{"start":{"line":401,"column":11},"end":{"line":405,"column":5}}],"line":401},"20":{"loc":{"start":{"line":453,"column":6},"end":{"line":465,"column":7}},"type":"if","locations":[{"start":{"line":453,"column":6},"end":{"line":465,"column":7}},{"start":{"line":453,"column":6},"end":{"line":465,"column":7}}],"line":453},"21":{"loc":{"start":{"line":585,"column":13},"end":{"line":585,"column":62}},"type":"binary-expr","locations":[{"start":{"line":585,"column":13},"end":{"line":585,"column":38}},{"start":{"line":585,"column":42},"end":{"line":585,"column":62}}],"line":585},"22":{"loc":{"start":{"line":590,"column":6},"end":{"line":624,"column":7}},"type":"if","locations":[{"start":{"line":590,"column":6},"end":{"line":624,"column":7}},{"start":{"line":590,"column":6},"end":{"line":624,"column":7}}],"line":590},"23":{"loc":{"start":{"line":595,"column":8},"end":{"line":623,"column":9}},"type":"if","locations":[{"start":{"line":595,"column":8},"end":{"line":623,"column":9}},{"start":{"line":595,"column":8},"end":{"line":623,"column":9}}],"line":595},"24":{"loc":{"start":{"line":595,"column":12},"end":{"line":595,"column":91}},"type":"binary-expr","locations":[{"start":{"line":595,"column":12},"end":{"line":595,"column":41}},{"start":{"line":595,"column":45},"end":{"line":595,"column":91}}],"line":595},"25":{"loc":{"start":{"line":601,"column":18},"end":{"line":605,"column":42}},"type":"binary-expr","locations":[{"start":{"line":601,"column":18},"end":{"line":601,"column":46}},{"start":{"line":602,"column":12},"end":{"line":602,"column":90}},{"start":{"line":605,"column":13},"end":{"line":605,"column":41}}],"line":601},"26":{"loc":{"start":{"line":609,"column":15},"end":{"line":623,"column":9}},"type":"if","locations":[{"start":{"line":609,"column":15},"end":{"line":623,"column":9}},{"start":{"line":609,"column":15},"end":{"line":623,"column":9}}],"line":609},"27":{"loc":{"start":{"line":616,"column":15},"end":{"line":623,"column":9}},"type":"if","locations":[{"start":{"line":616,"column":15},"end":{"line":623,"column":9}},{"start":{"line":616,"column":15},"end":{"line":623,"column":9}}],"line":616},"28":{"loc":{"start":{"line":618,"column":17},"end":{"line":618,"column":79}},"type":"binary-expr","locations":[{"start":{"line":618,"column":17},"end":{"line":618,"column":40}},{"start":{"line":618,"column":44},"end":{"line":618,"column":79}}],"line":618},"29":{"loc":{"start":{"line":651,"column":18},"end":{"line":651,"column":61}},"type":"binary-expr","locations":[{"start":{"line":651,"column":18},"end":{"line":651,"column":33}},{"start":{"line":651,"column":37},"end":{"line":651,"column":61}}],"line":651},"30":{"loc":{"start":{"line":653,"column":32},"end":{"line":653,"column":54}},"type":"binary-expr","locations":[{"start":{"line":653,"column":32},"end":{"line":653,"column":41}},{"start":{"line":653,"column":45},"end":{"line":653,"column":54}}],"line":653},"31":{"loc":{"start":{"line":656,"column":23},"end":{"line":656,"column":86}},"type":"cond-expr","locations":[{"start":{"line":656,"column":60},"end":{"line":656,"column":81}},{"start":{"line":656,"column":84},"end":{"line":656,"column":86}}],"line":656},"32":{"loc":{"start":{"line":692,"column":4},"end":{"line":694,"column":5}},"type":"if","locations":[{"start":{"line":692,"column":4},"end":{"line":694,"column":5}},{"start":{"line":692,"column":4},"end":{"line":694,"column":5}}],"line":692},"33":{"loc":{"start":{"line":696,"column":4},"end":{"line":698,"column":5}},"type":"if","locations":[{"start":{"line":696,"column":4},"end":{"line":698,"column":5}},{"start":{"line":696,"column":4},"end":{"line":698,"column":5}}],"line":696},"34":{"loc":{"start":{"line":706,"column":4},"end":{"line":708,"column":5}},"type":"if","locations":[{"start":{"line":706,"column":4},"end":{"line":708,"column":5}},{"start":{"line":706,"column":4},"end":{"line":708,"column":5}}],"line":706},"35":{"loc":{"start":{"line":715,"column":6},"end":{"line":717,"column":7}},"type":"if","locations":[{"start":{"line":715,"column":6},"end":{"line":717,"column":7}},{"start":{"line":715,"column":6},"end":{"line":717,"column":7}}],"line":715},"36":{"loc":{"start":{"line":758,"column":4},"end":{"line":762,"column":5}},"type":"if","locations":[{"start":{"line":758,"column":4},"end":{"line":762,"column":5}},{"start":{"line":758,"column":4},"end":{"line":762,"column":5}}],"line":758},"37":{"loc":{"start":{"line":760,"column":27},"end":{"line":760,"column":49}},"type":"cond-expr","locations":[{"start":{"line":760,"column":35},"end":{"line":760,"column":40}},{"start":{"line":760,"column":43},"end":{"line":760,"column":49}}],"line":760},"38":{"loc":{"start":{"line":790,"column":4},"end":{"line":798,"column":5}},"type":"if","locations":[{"start":{"line":790,"column":4},"end":{"line":798,"column":5}},{"start":{"line":790,"column":4},"end":{"line":798,"column":5}}],"line":790},"39":{"loc":{"start":{"line":795,"column":18},"end":{"line":795,"column":66}},"type":"cond-expr","locations":[{"start":{"line":795,"column":30},"end":{"line":795,"column":46}},{"start":{"line":795,"column":49},"end":{"line":795,"column":66}}],"line":795},"40":{"loc":{"start":{"line":806,"column":5},"end":{"line":806,"column":28}},"type":"cond-expr","locations":[{"start":{"line":806,"column":18},"end":{"line":806,"column":21}},{"start":{"line":806,"column":24},"end":{"line":806,"column":28}}],"line":806},"41":{"loc":{"start":{"line":809,"column":4},"end":{"line":813,"column":5}},"type":"if","locations":[{"start":{"line":809,"column":4},"end":{"line":813,"column":5}},{"start":{"line":809,"column":4},"end":{"line":813,"column":5}}],"line":809},"42":{"loc":{"start":{"line":816,"column":4},"end":{"line":824,"column":5}},"type":"if","locations":[{"start":{"line":816,"column":4},"end":{"line":824,"column":5}},{"start":{"line":816,"column":4},"end":{"line":824,"column":5}}],"line":816},"43":{"loc":{"start":{"line":828,"column":4},"end":{"line":835,"column":5}},"type":"if","locations":[{"start":{"line":828,"column":4},"end":{"line":835,"column":5}},{"start":{"line":828,"column":4},"end":{"line":835,"column":5}}],"line":828},"44":{"loc":{"start":{"line":929,"column":6},"end":{"line":946,"column":7}},"type":"if","locations":[{"start":{"line":929,"column":6},"end":{"line":946,"column":7}},{"start":{"line":929,"column":6},"end":{"line":946,"column":7}}],"line":929},"45":{"loc":{"start":{"line":932,"column":8},"end":{"line":934,"column":9}},"type":"if","locations":[{"start":{"line":932,"column":8},"end":{"line":934,"column":9}},{"start":{"line":932,"column":8},"end":{"line":934,"column":9}}],"line":932},"46":{"loc":{"start":{"line":939,"column":8},"end":{"line":942,"column":9}},"type":"if","locations":[{"start":{"line":939,"column":8},"end":{"line":942,"column":9}},{"start":{"line":939,"column":8},"end":{"line":942,"column":9}}],"line":939},"47":{"loc":{"start":{"line":941,"column":30},"end":{"line":941,"column":41}},"type":"binary-expr","locations":[{"start":{"line":941,"column":30},"end":{"line":941,"column":34}},{"start":{"line":941,"column":38},"end":{"line":941,"column":41}}],"line":941},"48":{"loc":{"start":{"line":1015,"column":4},"end":{"line":1035,"column":5}},"type":"if","locations":[{"start":{"line":1015,"column":4},"end":{"line":1035,"column":5}},{"start":{"line":1015,"column":4},"end":{"line":1035,"column":5}}],"line":1015},"49":{"loc":{"start":{"line":1015,"column":8},"end":{"line":1015,"column":51}},"type":"binary-expr","locations":[{"start":{"line":1015,"column":8},"end":{"line":1015,"column":23}},{"start":{"line":1015,"column":27},"end":{"line":1015,"column":51}}],"line":1015},"50":{"loc":{"start":{"line":1018,"column":8},"end":{"line":1020,"column":9}},"type":"if","locations":[{"start":{"line":1018,"column":8},"end":{"line":1020,"column":9}},{"start":{"line":1018,"column":8},"end":{"line":1020,"column":9}}],"line":1018},"51":{"loc":{"start":{"line":1025,"column":9},"end":{"line":1035,"column":5}},"type":"if","locations":[{"start":{"line":1025,"column":9},"end":{"line":1035,"column":5}},{"start":{"line":1025,"column":9},"end":{"line":1035,"column":5}}],"line":1025},"52":{"loc":{"start":{"line":1054,"column":20},"end":{"line":1054,"column":74}},"type":"cond-expr","locations":[{"start":{"line":1054,"column":53},"end":{"line":1054,"column":58}},{"start":{"line":1054,"column":61},"end":{"line":1054,"column":74}}],"line":1054},"53":{"loc":{"start":{"line":1057,"column":4},"end":{"line":1062,"column":5}},"type":"if","locations":[{"start":{"line":1057,"column":4},"end":{"line":1062,"column":5}},{"start":{"line":1057,"column":4},"end":{"line":1062,"column":5}}],"line":1057},"54":{"loc":{"start":{"line":1059,"column":6},"end":{"line":1061,"column":7}},"type":"if","locations":[{"start":{"line":1059,"column":6},"end":{"line":1061,"column":7}},{"start":{"line":1059,"column":6},"end":{"line":1061,"column":7}}],"line":1059},"55":{"loc":{"start":{"line":1082,"column":6},"end":{"line":1085,"column":7}},"type":"if","locations":[{"start":{"line":1082,"column":6},"end":{"line":1085,"column":7}},{"start":{"line":1082,"column":6},"end":{"line":1085,"column":7}}],"line":1082},"56":{"loc":{"start":{"line":1093,"column":6},"end":{"line":1095,"column":7}},"type":"if","locations":[{"start":{"line":1093,"column":6},"end":{"line":1095,"column":7}},{"start":{"line":1093,"column":6},"end":{"line":1095,"column":7}}],"line":1093},"57":{"loc":{"start":{"line":1097,"column":6},"end":{"line":1125,"column":7}},"type":"if","locations":[{"start":{"line":1097,"column":6},"end":{"line":1125,"column":7}},{"start":{"line":1097,"column":6},"end":{"line":1125,"column":7}}],"line":1097},"58":{"loc":{"start":{"line":1102,"column":8},"end":{"line":1124,"column":9}},"type":"if","locations":[{"start":{"line":1102,"column":8},"end":{"line":1124,"column":9}},{"start":{"line":1102,"column":8},"end":{"line":1124,"column":9}}],"line":1102},"59":{"loc":{"start":{"line":1102,"column":12},"end":{"line":1102,"column":53}},"type":"binary-expr","locations":[{"start":{"line":1102,"column":12},"end":{"line":1102,"column":26}},{"start":{"line":1102,"column":30},"end":{"line":1102,"column":53}}],"line":1102},"60":{"loc":{"start":{"line":1114,"column":10},"end":{"line":1117,"column":11}},"type":"if","locations":[{"start":{"line":1114,"column":10},"end":{"line":1117,"column":11}},{"start":{"line":1114,"column":10},"end":{"line":1117,"column":11}}],"line":1114},"61":{"loc":{"start":{"line":1116,"column":19},"end":{"line":1116,"column":50}},"type":"cond-expr","locations":[{"start":{"line":1116,"column":39},"end":{"line":1116,"column":43}},{"start":{"line":1116,"column":46},"end":{"line":1116,"column":50}}],"line":1116},"62":{"loc":{"start":{"line":1123,"column":17},"end":{"line":1123,"column":48}},"type":"cond-expr","locations":[{"start":{"line":1123,"column":37},"end":{"line":1123,"column":41}},{"start":{"line":1123,"column":44},"end":{"line":1123,"column":48}}],"line":1123},"63":{"loc":{"start":{"line":1184,"column":4},"end":{"line":1191,"column":5}},"type":"if","locations":[{"start":{"line":1184,"column":4},"end":{"line":1191,"column":5}},{"start":{"line":1184,"column":4},"end":{"line":1191,"column":5}}],"line":1184},"64":{"loc":{"start":{"line":1184,"column":8},"end":{"line":1184,"column":59}},"type":"binary-expr","locations":[{"start":{"line":1184,"column":8},"end":{"line":1184,"column":30}},{"start":{"line":1184,"column":34},"end":{"line":1184,"column":59}}],"line":1184},"65":{"loc":{"start":{"line":1268,"column":4},"end":{"line":1270,"column":5}},"type":"if","locations":[{"start":{"line":1268,"column":4},"end":{"line":1270,"column":5}},{"start":{"line":1268,"column":4},"end":{"line":1270,"column":5}}],"line":1268},"66":{"loc":{"start":{"line":1272,"column":4},"end":{"line":1275,"column":5}},"type":"if","locations":[{"start":{"line":1272,"column":4},"end":{"line":1275,"column":5}},{"start":{"line":1272,"column":4},"end":{"line":1275,"column":5}}],"line":1272},"67":{"loc":{"start":{"line":1276,"column":4},"end":{"line":1281,"column":5}},"type":"if","locations":[{"start":{"line":1276,"column":4},"end":{"line":1281,"column":5}},{"start":{"line":1276,"column":4},"end":{"line":1281,"column":5}}],"line":1276},"68":{"loc":{"start":{"line":1363,"column":4},"end":{"line":1383,"column":5}},"type":"if","locations":[{"start":{"line":1363,"column":4},"end":{"line":1383,"column":5}},{"start":{"line":1363,"column":4},"end":{"line":1383,"column":5}}],"line":1363},"69":{"loc":{"start":{"line":1363,"column":8},"end":{"line":1363,"column":70}},"type":"binary-expr","locations":[{"start":{"line":1363,"column":8},"end":{"line":1363,"column":11}},{"start":{"line":1363,"column":16},"end":{"line":1363,"column":26}},{"start":{"line":1363,"column":30},"end":{"line":1363,"column":69}}],"line":1363},"70":{"loc":{"start":{"line":1367,"column":6},"end":{"line":1376,"column":7}},"type":"if","locations":[{"start":{"line":1367,"column":6},"end":{"line":1376,"column":7}},{"start":{"line":1367,"column":6},"end":{"line":1376,"column":7}}],"line":1367},"71":{"loc":{"start":{"line":1373,"column":8},"end":{"line":1375,"column":9}},"type":"if","locations":[{"start":{"line":1373,"column":8},"end":{"line":1375,"column":9}},{"start":{"line":1373,"column":8},"end":{"line":1375,"column":9}}],"line":1373},"72":{"loc":{"start":{"line":1381,"column":14},"end":{"line":1381,"column":64}},"type":"binary-expr","locations":[{"start":{"line":1381,"column":14},"end":{"line":1381,"column":36}},{"start":{"line":1381,"column":40},"end":{"line":1381,"column":64}}],"line":1381},"73":{"loc":{"start":{"line":1416,"column":11},"end":{"line":1417,"column":54}},"type":"binary-expr","locations":[{"start":{"line":1416,"column":11},"end":{"line":1416,"column":59}},{"start":{"line":1417,"column":11},"end":{"line":1417,"column":54}}],"line":1416}},"s":{"0":2,"1":2,"2":2,"3":2,"4":2,"5":2,"6":0,"7":0,"8":0,"9":22,"10":0,"11":2,"12":2,"13":2,"14":2,"15":2,"16":2,"17":0,"18":2,"19":2,"20":2,"21":2,"22":2,"23":2,"24":2,"25":2,"26":2,"27":2,"28":72,"29":2,"30":22,"31":22,"32":22,"33":22,"34":22,"35":22,"36":0,"37":0,"38":22,"39":22,"40":22,"41":22,"42":22,"43":22,"44":0,"45":0,"46":0,"47":22,"48":2,"49":2,"50":2,"51":0,"52":0,"53":10,"54":0,"55":10,"56":0,"57":10,"58":2,"59":2,"60":2,"61":2,"62":2,"63":2,"64":2,"65":2,"66":2,"67":2,"68":2,"69":2,"70":2,"71":2,"72":2,"73":2,"74":2,"75":2,"76":2,"77":2,"78":2,"79":2,"80":2,"81":2,"82":26,"83":26,"84":26,"85":26,"86":26,"87":26,"88":0,"89":0,"90":0,"91":0,"92":26,"93":22,"94":6,"95":16,"96":26,"97":2,"98":2,"99":2,"100":2,"101":2,"102":2,"103":2,"104":0,"105":0,"106":0,"107":0,"108":0,"109":0,"110":0,"111":0,"112":0,"113":0,"114":0,"115":0,"116":0,"117":0,"118":0,"119":0,"120":2,"121":34,"122":0,"123":0,"124":0,"125":0,"126":0,"127":0,"128":0,"129":0,"130":0,"131":0,"132":0,"133":0,"134":0,"135":0,"136":0,"137":0,"138":0,"139":0,"140":0,"141":0,"142":0,"143":0,"144":0,"145":0,"146":0,"147":0,"148":0,"149":0,"150":0,"151":0,"152":0,"153":0,"154":0,"155":0,"156":0,"157":2,"158":0,"159":0,"160":0,"161":0,"162":0,"163":0,"164":0,"165":0,"166":0,"167":0,"168":0,"169":2,"170":2,"171":2,"172":2,"173":2,"174":2,"175":0,"176":0,"177":10,"178":10,"179":0,"180":0,"181":0,"182":0,"183":10,"184":0,"185":0,"186":0,"187":0,"188":0,"189":0,"190":10,"191":10,"192":10,"193":10,"194":10,"195":0,"196":10,"197":10,"198":0,"199":0,"200":0,"201":10,"202":0,"203":0,"204":10,"205":10,"206":34,"207":34,"208":34,"209":0,"210":34,"211":4,"212":0,"213":0,"214":0,"215":0,"216":0,"217":4,"218":4,"219":6,"220":6,"221":2,"222":0,"223":10,"224":10,"225":10,"226":10,"227":0,"228":0,"229":2,"230":2,"231":0,"232":0,"233":0,"234":0,"235":0,"236":0,"237":0,"238":10,"239":2,"240":2,"241":2,"242":2,"243":2,"244":2,"245":0,"246":0,"247":0,"248":0,"249":0,"250":0,"251":0,"252":0,"253":0,"254":2,"255":2,"256":2,"257":2,"258":2,"259":2,"260":2,"261":2,"262":2,"263":2,"264":4,"265":2},"f":{"0":2,"1":0,"2":0,"3":22,"4":0,"5":2,"6":2,"7":72,"8":2,"9":0,"10":0,"11":10,"12":2,"13":2,"14":2,"15":0,"16":34,"17":0,"18":0,"19":0,"20":0,"21":0,"22":2,"23":2,"24":0,"25":0,"26":10,"27":0,"28":10,"29":10,"30":0,"31":10,"32":0,"33":10,"34":2,"35":0,"36":2},"b":{"0":[2,2],"1":[0,2],"2":[2,0],"3":[2,0],"4":[0,2],"5":[2,2],"6":[2,0],"7":[2,0],"8":[22,0],"9":[22,0],"10":[0,22],"11":[22,0,0],"12":[8,14],"13":[22,0],"14":[0,0],"15":[0,0],"16":[8,14],"17":[2,0],"18":[0,10],"19":[0,10],"20":[2,0],"21":[26,26],"22":[26,0],"23":[0,26],"24":[26,2],"25":[0,0,0],"26":[4,22],"27":[6,16],"28":[6,0],"29":[2,0],"30":[2,2],"31":[2,0],"32":[0,0],"33":[0,0],"34":[0,0],"35":[0,0],"36":[0,0],"37":[0,0],"38":[0,0],"39":[0,0],"40":[0,0],"41":[0,0],"42":[0,0],"43":[0,0],"44":[0,0],"45":[0,0],"46":[0,0],"47":[0,0],"48":[0,10],"49":[10,0],"50":[0,0],"51":[0,10],"52":[0,10],"53":[10,0],"54":[0,10],"55":[0,10],"56":[0,34],"57":[4,30],"58":[0,4],"59":[4,0],"60":[0,0],"61":[0,0],"62":[0,4],"63":[10,0],"64":[10,10],"65":[0,0],"66":[0,0],"67":[0,0],"68":[0,2],"69":[2,0,0],"70":[0,0],"71":[0,0],"72":[0,0],"73":[2,2]},"_coverageSchema":"332fd63041d2c1bcb487cc26dd0d5f7d97098a6c","hash":"2e1580f16ec8bb29ec3bfe999458d5971fc81452"}
,"C:\\Users\\Sky\\src\\chamel\\src\\utils\\prefixer.js": {"path":"C:\\Users\\Sky\\src\\chamel\\src\\utils\\prefixer.js","statementMap":{"0":{"start":{"line":1,"column":15},"end":{"line":1,"column":23}},"1":{"start":{"line":2,"column":18},"end":{"line":2,"column":22}},"2":{"start":{"line":4,"column":19},"end":{"line":6,"column":1}},"3":{"start":{"line":9,"column":2},"end":{"line":9,"column":59}},"4":{"start":{"line":13,"column":2},"end":{"line":16,"column":9}},"5":{"start":{"line":14,"column":4},"end":{"line":14,"column":50}},"6":{"start":{"line":15,"column":4},"end":{"line":15,"column":15}},"7":{"start":{"line":20,"column":17},"end":{"line":20,"column":45}},"8":{"start":{"line":21,"column":2},"end":{"line":23,"column":3}},"9":{"start":{"line":22,"column":4},"end":{"line":22,"column":35}},"10":{"start":{"line":25,"column":2},"end":{"line":25,"column":15}},"11":{"start":{"line":29,"column":17},"end":{"line":29,"column":29}},"12":{"start":{"line":30,"column":2},"end":{"line":35,"column":3}},"13":{"start":{"line":31,"column":4},"end":{"line":31,"column":39}},"14":{"start":{"line":32,"column":4},"end":{"line":34,"column":5}},"15":{"start":{"line":33,"column":6},"end":{"line":33,"column":55}},"16":{"start":{"line":37,"column":2},"end":{"line":37,"column":16}}},"fnMap":{"0":{"name":"capitalize","decl":{"start":{"line":8,"column":9},"end":{"line":8,"column":19}},"loc":{"start":{"line":8,"column":29},"end":{"line":10,"column":1}},"line":8},"1":{"name":"getPrefixes","decl":{"start":{"line":12,"column":9},"end":{"line":12,"column":20}},"loc":{"start":{"line":12,"column":39},"end":{"line":17,"column":1}},"line":12},"2":{"name":"(anonymous_2)","decl":{"start":{"line":13,"column":37},"end":{"line":13,"column":38}},"loc":{"start":{"line":13,"column":58},"end":{"line":16,"column":3}},"line":13},"3":{"name":"addPrefixesTo","decl":{"start":{"line":19,"column":9},"end":{"line":19,"column":22}},"loc":{"start":{"line":19,"column":48},"end":{"line":26,"column":1}},"line":19},"4":{"name":"prefixer","decl":{"start":{"line":28,"column":9},"end":{"line":28,"column":17}},"loc":{"start":{"line":28,"column":45},"end":{"line":38,"column":1}},"line":28}},"branchMap":{"0":{"loc":{"start":{"line":28,"column":26},"end":{"line":28,"column":43}},"type":"default-arg","locations":[{"start":{"line":28,"column":41},"end":{"line":28,"column":43}}],"line":28},"1":{"loc":{"start":{"line":32,"column":4},"end":{"line":34,"column":5}},"type":"if","locations":[{"start":{"line":32,"column":4},"end":{"line":34,"column":5}},{"start":{"line":32,"column":4},"end":{"line":34,"column":5}}],"line":32}},"s":{"0":3,"1":3,"2":3,"3":0,"4":0,"5":0,"6":0,"7":0,"8":0,"9":0,"10":0,"11":0,"12":0,"13":0,"14":0,"15":0,"16":0},"f":{"0":0,"1":0,"2":0,"3":0,"4":0},"b":{"0":[0],"1":[0,0]},"_coverageSchema":"332fd63041d2c1bcb487cc26dd0d5f7d97098a6c","hash":"513601f7bc6a29f92ca4c206dc1bec75358219ca"}
}
