TN:
SF:/var/www/app/src/DropDownIcon.jsx
FN:25,(anonymous_0)
FN:38,(anonymous_1)
FN:75,(anonymous_2)
FN:84,(anonymous_3)
FN:92,(anonymous_4)
FNF:5
FNH:2
FNDA:1,(anonymous_0)
FNDA:1,(anonymous_1)
FNDA:0,(anonymous_2)
FNDA:0,(anonymous_3)
FNDA:0,(anonymous_4)
DA:26,1
DA:28,1
DA:40,1
DA:42,1
DA:43,1
DA:44,0
DA:48,1
DA:49,0
DA:52,1
DA:76,0
DA:78,0
DA:85,0
DA:87,0
DA:88,0
DA:93,0
DA:103,1
DA:115,1
LF:17
LH:9
BRDA:31,0,0,1
BRDA:31,0,1,0
BRDA:43,1,0,0
BRDA:43,1,1,1
BRDA:48,2,0,0
BRDA:48,2,1,1
BRDA:79,3,0,0
BRDA:79,3,1,0
BRDA:85,4,0,0
BRDA:85,4,1,0
BRDA:87,5,0,0
BRDA:87,5,1,0
BRF:12
BRH:3
end_of_record
TN:
SF:/var/www/app/src/AppBar/AppBar.js
FN:51,(anonymous_0)
FN:62,(anonymous_1)
FN:84,(anonymous_2)
FN:91,(anonymous_3)
FN:191,(anonymous_4)
FN:229,(anonymous_5)
FNF:6
FNH:2
FNDA:1,(anonymous_0)
FNDA:0,(anonymous_1)
FNDA:0,(anonymous_2)
FNDA:1,(anonymous_3)
FNDA:0,(anonymous_4)
FNDA:0,(anonymous_5)
DA:53,1
DA:55,1
DA:64,0
DA:65,0
DA:71,0
DA:72,0
DA:73,0
DA:80,0
DA:86,0
DA:87,0
DA:93,1
DA:96,1
DA:98,1
DA:99,0
DA:103,1
DA:105,0
DA:109,0
DA:117,1
DA:120,1
DA:122,0
DA:126,0
DA:132,1
DA:135,1
DA:138,0
DA:139,0
DA:145,1
DA:148,1
DA:149,1
DA:150,1
DA:151,0
DA:162,0
DA:170,1
DA:194,0
DA:195,0
DA:199,0
DA:207,0
DA:208,0
DA:209,0
DA:213,0
DA:214,0
DA:218,0
DA:231,0
DA:232,0
DA:234,0
DA:238,0
DA:241,0
DA:242,0
DA:246,0
DA:252,0
DA:255,0
DA:260,0
LF:51
LH:15
BRDA:64,0,0,0
BRDA:64,0,1,0
BRDA:64,1,0,0
BRDA:64,1,1,0
BRDA:65,2,0,0
BRDA:65,2,1,0
BRDA:71,3,0,0
BRDA:71,3,1,0
BRDA:86,4,0,0
BRDA:86,4,1,0
BRDA:93,5,0,0
BRDA:93,5,1,1
BRDA:93,6,0,1
BRDA:93,6,1,0
BRDA:98,7,0,0
BRDA:98,7,1,1
BRDA:103,8,0,0
BRDA:103,8,1,1
BRDA:117,9,0,0
BRDA:117,9,1,1
BRDA:120,10,0,0
BRDA:120,10,1,1
BRDA:132,11,0,1
BRDA:132,11,1,0
BRDA:135,12,0,0
BRDA:135,12,1,1
BRDA:138,13,0,0
BRDA:138,13,1,0
BRDA:150,14,0,0
BRDA:150,14,1,1
BRDA:150,15,0,1
BRDA:150,15,1,1
BRDA:194,16,0,0
BRDA:194,16,1,0
BRDA:208,17,0,0
BRDA:208,17,1,0
BRDA:213,18,0,0
BRDA:213,18,1,0
BRDA:231,19,0,0
BRDA:231,19,1,0
BRDA:241,20,0,0
BRDA:241,20,1,0
BRDA:246,21,0,0
BRDA:246,21,1,0
BRDA:252,22,0,0
BRDA:252,22,1,0
BRDA:252,22,2,0
BRDA:252,22,3,0
BRF:48
BRH:11
end_of_record
TN:
SF:/var/www/app/src/AppBar/AppBarRightToolbar.js
FN:13,(anonymous_0)
FNF:1
FNH:1
FNDA:1,(anonymous_0)
DA:13,1
DA:14,1
DA:17,1
DA:25,1
DA:40,1
DA:47,1
LF:6
LH:6
BRDA:14,0,0,0
BRDA:14,0,1,1
BRDA:14,1,0,1
BRDA:14,1,1,0
BRF:4
BRH:2
end_of_record
TN:
SF:/var/www/app/src/AppBar/index.js
FNF:0
FNH:0
LF:0
LH:0
BRF:0
BRH:0
end_of_record
TN:
SF:/var/www/app/src/AutoComplete/AutoComplete.js
FN:112,(anonymous_0)
FN:126,(anonymous_1)
FN:162,(anonymous_2)
FN:173,(anonymous_3)
FN:193,(anonymous_4)
FN:241,(anonymous_5)
FN:252,(anonymous_6)
FN:312,(anonymous_7)
FN:336,(anonymous_8)
FNF:9
FNH:3
FNDA:1,(anonymous_0)
FNDA:0,(anonymous_1)
FNDA:1,(anonymous_2)
FNDA:0,(anonymous_3)
FNDA:0,(anonymous_4)
FNDA:0,(anonymous_5)
FNDA:0,(anonymous_6)
FNDA:1,(anonymous_7)
FNDA:0,(anonymous_8)
DA:114,1
DA:116,1
DA:117,1
DA:119,1
DA:127,0
DA:133,0
DA:135,0
DA:138,0
DA:139,0
DA:142,0
DA:147,0
DA:152,0
DA:153,0
DA:164,1
DA:167,1
DA:174,0
DA:194,0
DA:196,0
DA:197,0
DA:200,0
DA:205,0
DA:208,0
DA:209,0
DA:213,0
DA:217,0
DA:218,0
DA:222,0
DA:228,0
DA:229,0
DA:242,0
DA:243,0
DA:254,0
DA:255,0
DA:257,0
DA:258,0
DA:261,0
DA:262,0
DA:265,0
DA:267,0
DA:274,0
DA:275,0
DA:278,0
DA:282,0
DA:283,0
DA:284,0
DA:286,0
DA:289,0
DA:291,0
DA:297,0
DA:298,0
DA:313,1
DA:314,1
DA:317,1
DA:320,1
DA:327,0
DA:328,0
DA:329,0
DA:333,0
DA:336,0
DA:339,0
DA:341,0
DA:344,0
DA:345,0
DA:349,0
DA:354,1
LF:65
LH:11
BRDA:133,0,0,0
BRDA:133,0,1,0
BRDA:138,1,0,0
BRDA:138,1,1,0
BRDA:152,2,0,0
BRDA:152,2,1,0
BRDA:164,3,0,0
BRDA:164,3,1,1
BRDA:164,4,0,1
BRDA:164,4,1,0
BRDA:194,5,0,0
BRDA:194,5,1,0
BRDA:194,5,2,0
BRDA:194,5,3,0
BRDA:194,5,4,0
BRDA:194,5,5,0
BRDA:194,5,6,0
BRDA:194,5,7,0
BRDA:208,6,0,0
BRDA:208,6,1,0
BRDA:217,7,0,0
BRDA:217,7,1,0
BRDA:257,8,0,0
BRDA:257,8,1,0
BRDA:261,9,0,0
BRDA:261,9,1,0
BRDA:267,10,0,0
BRDA:267,10,1,0
BRDA:274,11,0,0
BRDA:274,11,1,0
BRDA:284,12,0,0
BRDA:284,12,1,0
BRDA:297,13,0,0
BRDA:297,13,1,0
BRDA:313,14,0,1
BRDA:313,14,1,0
BRDA:320,15,0,0
BRDA:320,15,1,1
BRDA:320,16,0,1
BRDA:320,16,1,0
BRDA:320,16,2,0
BRDA:328,17,0,0
BRDA:328,17,1,0
BRDA:333,18,0,0
BRDA:333,18,1,0
BRDA:344,19,0,0
BRDA:344,19,1,0
BRF:47
BRH:5
end_of_record
TN:
SF:/var/www/app/src/AutoComplete/index.js
FNF:0
FNH:0
LF:0
LH:0
BRF:0
BRH:0
end_of_record
TN:
SF:/var/www/app/src/Button/Button.js
FN:16,(anonymous_0)
FNF:1
FNH:1
FNDA:5,(anonymous_0)
DA:16,19
DA:17,5
DA:21,5
DA:22,5
DA:23,5
DA:32,5
DA:33,5
DA:35,5
DA:37,5
DA:38,0
DA:49,5
DA:58,19
DA:147,19
DA:162,19
LF:14
LH:13
BRDA:17,0,0,0
BRDA:17,0,1,5
BRDA:17,1,0,5
BRDA:17,1,1,0
BRDA:21,2,0,5
BRDA:21,2,1,5
BRDA:32,3,0,5
BRDA:32,3,1,5
BRDA:33,4,0,5
BRDA:33,4,1,0
BRDA:35,5,0,5
BRDA:35,5,1,5
BRDA:37,6,0,0
BRDA:37,6,1,5
BRDA:37,7,0,5
BRDA:37,7,1,0
BRF:16
BRH:11
end_of_record
TN:
SF:/var/www/app/src/Button/FlatButton.js
FN:13,(anonymous_0)
FNF:1
FNH:0
FNDA:0,(anonymous_0)
DA:13,12
DA:14,0
DA:22,12
DA:45,12
DA:52,12
LF:5
LH:4
BRF:0
BRH:0
end_of_record
TN:
SF:/var/www/app/src/Button/FloatingButton.js
FN:13,(anonymous_0)
FNF:1
FNH:0
FNDA:0,(anonymous_0)
DA:13,10
DA:14,0
DA:22,10
DA:41,10
DA:48,10
LF:5
LH:4
BRF:0
BRH:0
end_of_record
TN:
SF:/var/www/app/src/Button/IconButton.js
FN:14,(anonymous_0)
FNF:1
FNH:0
FNDA:0,(anonymous_0)
DA:14,17
DA:16,0
DA:20,0
DA:28,17
DA:48,17
DA:55,17
LF:6
LH:4
BRDA:16,0,0,0
BRDA:16,0,1,0
BRDA:16,1,0,0
BRDA:16,1,1,0
BRF:4
BRH:0
end_of_record
TN:
SF:/var/www/app/src/Button/RaisedButton.js
FN:13,(anonymous_0)
FNF:1
FNH:0
FNDA:0,(anonymous_0)
DA:13,10
DA:14,0
DA:22,10
DA:41,10
DA:48,10
LF:5
LH:4
BRF:0
BRH:0
end_of_record
TN:
SF:/var/www/app/src/Button/index.js
FNF:0
FNH:0
LF:0
LH:0
BRF:0
BRH:0
end_of_record
TN:
SF:/var/www/app/src/ColorPicker/ColorPicker.jsx
FN:9,(anonymous_0)
FN:29,(anonymous_1)
FN:38,(anonymous_2)
FN:47,(anonymous_3)
FN:57,(anonymous_4)
FNF:5
FNH:1
FNDA:1,(anonymous_0)
FNDA:0,(anonymous_1)
FNDA:0,(anonymous_2)
FNDA:0,(anonymous_3)
FNDA:0,(anonymous_4)
DA:9,1
DA:12,1
DA:29,0
DA:30,0
DA:38,0
DA:39,0
DA:47,0
DA:48,0
DA:57,0
DA:58,0
DA:59,0
DA:63,1
DA:70,1
LF:13
LH:4
BRDA:59,0,0,0
BRDA:59,0,1,0
BRF:2
BRH:0
end_of_record
TN:
SF:/var/www/app/src/ColorPicker/index.js
FNF:0
FNH:0
LF:0
LH:0
BRF:0
BRH:0
end_of_record
TN:
SF:/var/www/app/src/DatePicker/Calendar.jsx
FN:19,(anonymous_0)
FN:33,(anonymous_1)
FN:44,(anonymous_2)
FN:48,(anonymous_3)
FN:57,(anonymous_4)
FN:105,(anonymous_5)
FN:109,(anonymous_6)
FN:115,(anonymous_7)
FN:119,(anonymous_8)
FN:123,(anonymous_9)
FN:136,(anonymous_10)
FN:149,(anonymous_11)
FN:153,(anonymous_12)
FN:157,(anonymous_13)
FN:161,(anonymous_14)
FN:202,(anonymous_15)
FN:222,(anonymous_16)
FN:226,(anonymous_17)
FNF:18
FNH:5
FNDA:1,(anonymous_0)
FNDA:0,(anonymous_1)
FNDA:0,(anonymous_2)
FNDA:0,(anonymous_3)
FNDA:1,(anonymous_4)
FNDA:0,(anonymous_5)
FNDA:0,(anonymous_6)
FNDA:0,(anonymous_7)
FNDA:0,(anonymous_8)
FNDA:0,(anonymous_9)
FNDA:0,(anonymous_10)
FNDA:0,(anonymous_11)
FNDA:0,(anonymous_12)
FNDA:0,(anonymous_13)
FNDA:0,(anonymous_14)
FNDA:1,(anonymous_15)
FNDA:1,(anonymous_16)
FNDA:3,(anonymous_17)
DA:21,1
DA:23,1
DA:35,0
DA:36,0
DA:37,0
DA:45,0
DA:49,0
DA:58,1
DA:59,1
DA:65,1
DA:106,0
DA:110,0
DA:111,0
DA:112,0
DA:116,0
DA:120,0
DA:124,0
DA:125,0
DA:127,0
DA:128,0
DA:137,0
DA:139,0
DA:140,0
DA:142,0
DA:146,0
DA:150,0
DA:154,0
DA:158,0
DA:163,0
DA:165,0
DA:168,0
DA:169,0
DA:171,0
DA:173,0
DA:176,0
DA:177,0
DA:179,0
DA:181,0
DA:184,0
DA:185,0
DA:187,0
DA:189,0
DA:192,0
DA:193,0
DA:195,0
DA:197,0
DA:203,1
DA:206,1
DA:209,1
DA:210,0
DA:212,1
DA:216,1
DA:219,1
DA:223,1
DA:225,1
DA:226,1
DA:227,3
DA:231,1
DA:238,3
DA:244,3
LF:60
LH:18
BRDA:35,0,0,0
BRDA:35,0,1,0
BRDA:36,1,0,0
BRDA:36,1,1,0
BRDA:125,2,0,0
BRDA:125,2,1,0
BRDA:127,3,0,0
BRDA:127,3,1,0
BRDA:131,4,0,0
BRDA:131,4,1,0
BRDA:139,5,0,0
BRDA:139,5,1,0
BRDA:146,6,0,0
BRDA:146,6,1,0
BRDA:163,7,0,0
BRDA:163,7,1,0
BRDA:165,8,0,0
BRDA:165,8,1,0
BRDA:165,8,2,0
BRDA:165,8,3,0
BRDA:168,9,0,0
BRDA:168,9,1,0
BRDA:176,10,0,0
BRDA:176,10,1,0
BRDA:184,11,0,0
BRDA:184,11,1,0
BRDA:192,12,0,0
BRDA:192,12,1,0
BRDA:206,13,0,0
BRDA:206,13,1,1
BRDA:209,14,0,0
BRDA:209,14,1,1
BRDA:216,15,0,1
BRDA:216,15,1,0
BRDA:225,16,0,1
BRDA:225,16,1,0
BRDA:227,17,0,2
BRDA:227,17,1,1
BRF:38
BRH:6
end_of_record
TN:
SF:/var/www/app/src/DatePicker/CalendarMonth.jsx
FN:9,(anonymous_0)
FN:15,(anonymous_1)
FN:32,(anonymous_2)
FN:34,(anonymous_3)
FN:41,(anonymous_4)
FN:55,(anonymous_5)
FN:65,(anonymous_6)
FN:85,(anonymous_7)
FN:89,(anonymous_8)
FNF:9
FNH:2
FNDA:1,(anonymous_0)
FNDA:0,(anonymous_1)
FNDA:0,(anonymous_2)
FNDA:0,(anonymous_3)
FNDA:0,(anonymous_4)
FNDA:0,(anonymous_5)
FNDA:1,(anonymous_6)
FNDA:0,(anonymous_7)
FNDA:0,(anonymous_8)
DA:10,1
DA:12,0
DA:13,0
DA:15,0
DA:16,0
DA:25,0
DA:33,0
DA:34,0
DA:35,0
DA:37,0
DA:42,0
DA:43,0
DA:45,0
DA:46,0
DA:49,0
DA:50,0
DA:53,0
DA:56,0
DA:62,0
DA:66,1
DA:69,1
DA:72,0
DA:73,0
DA:75,0
DA:79,0
DA:82,0
DA:86,0
DA:88,0
DA:89,0
DA:90,0
DA:94,0
DA:98,4
LF:32
LH:4
BRDA:45,0,0,0
BRDA:45,0,1,0
BRDA:45,1,0,0
BRDA:45,1,1,0
BRDA:49,2,0,0
BRDA:49,2,1,0
BRDA:49,3,0,0
BRDA:49,3,1,0
BRDA:56,4,0,0
BRDA:56,4,1,0
BRDA:69,5,0,0
BRDA:69,5,1,0
BRDA:72,6,0,0
BRDA:72,6,1,0
BRDA:79,7,0,0
BRDA:79,7,1,0
BRDA:88,8,0,0
BRDA:88,8,1,0
BRDA:90,9,0,0
BRDA:90,9,1,0
BRF:20
BRH:0
end_of_record
TN:
SF:/var/www/app/src/DatePicker/CalendarToolbar.jsx
FN:16,(anonymous_0)
FN:25,(anonymous_1)
FN:36,(anonymous_2)
FN:57,(anonymous_3)
FNF:4
FNH:3
FNDA:1,(anonymous_0)
FNDA:0,(anonymous_1)
FNDA:2,(anonymous_2)
FNDA:1,(anonymous_3)
DA:18,1
DA:20,1
DA:28,0
DA:29,0
DA:30,0
DA:38,2
DA:39,2
DA:40,2
DA:42,2
DA:43,0
DA:44,0
DA:45,0
DA:47,2
DA:48,0
DA:49,0
DA:50,0
DA:54,2
DA:58,1
DA:59,1
DA:61,1
DA:62,1
DA:64,1
DA:93,4
DA:101,4
LF:24
LH:15
BRDA:28,0,0,0
BRDA:28,0,1,0
BRDA:29,1,0,0
BRDA:29,1,1,0
BRDA:42,2,0,0
BRDA:42,2,1,2
BRDA:42,3,0,2
BRDA:42,3,1,1
BRDA:43,4,0,0
BRDA:43,4,1,0
BRDA:44,5,0,0
BRDA:44,5,1,0
BRDA:47,6,0,0
BRDA:47,6,1,2
BRDA:47,7,0,2
BRDA:47,7,1,1
BRDA:48,8,0,0
BRDA:48,8,1,0
BRDA:49,9,0,0
BRDA:49,9,1,0
BRF:20
BRH:6
end_of_record
TN:
SF:/var/www/app/src/DatePicker/DateDisplay.jsx
FN:9,(anonymous_0)
FN:15,(anonymous_1)
FN:26,(anonymous_2)
FN:73,(anonymous_3)
FN:93,(anonymous_4)
FN:97,(anonymous_5)
FNF:6
FNH:4
FNDA:0,(anonymous_0)
FNDA:0,(anonymous_1)
FNDA:1,(anonymous_2)
FNDA:1,(anonymous_3)
FNDA:1,(anonymous_4)
FNDA:2,(anonymous_5)
DA:10,0
DA:18,0
DA:19,0
DA:20,0
DA:30,1
DA:32,1
DA:33,1
DA:34,1
DA:35,1
DA:36,1
DA:38,1
DA:74,1
DA:77,1
DA:80,1
DA:81,0
DA:83,1
DA:87,1
DA:90,1
DA:94,1
DA:96,1
DA:97,1
DA:98,2
DA:102,1
DA:106,4
DA:110,4
LF:25
LH:20
BRDA:18,0,0,0
BRDA:18,0,1,0
BRDA:19,1,0,0
BRDA:19,1,1,0
BRDA:77,2,0,0
BRDA:77,2,1,1
BRDA:80,3,0,0
BRDA:80,3,1,1
BRDA:87,4,0,0
BRDA:87,4,1,1
BRDA:96,5,0,1
BRDA:96,5,1,0
BRDA:98,6,0,1
BRDA:98,6,1,1
BRF:14
BRH:6
end_of_record
TN:
SF:/var/www/app/src/DatePicker/DatePicker.jsx
FN:18,(anonymous_0)
FN:28,(anonymous_1)
FN:32,(anonymous_2)
FN:36,(anonymous_3)
FN:94,(anonymous_4)
FN:98,(anonymous_5)
FN:105,(anonymous_6)
FN:113,(anonymous_7)
FN:135,(anonymous_8)
FN:140,(anonymous_9)
FN:157,(anonymous_10)
FN:161,(anonymous_11)
FN:181,(anonymous_12)
FN:185,(anonymous_13)
FNF:14
FNH:5
FNDA:1,(anonymous_0)
FNDA:0,(anonymous_1)
FNDA:0,(anonymous_2)
FNDA:1,(anonymous_3)
FNDA:0,(anonymous_4)
FNDA:0,(anonymous_5)
FNDA:0,(anonymous_6)
FNDA:0,(anonymous_7)
FNDA:0,(anonymous_8)
FNDA:0,(anonymous_9)
FNDA:0,(anonymous_10)
FNDA:1,(anonymous_11)
FNDA:1,(anonymous_12)
FNDA:3,(anonymous_13)
DA:20,1
DA:22,1
DA:29,0
DA:33,0
DA:49,1
DA:50,1
DA:56,1
DA:57,1
DA:60,1
DA:63,1
DA:66,1
DA:67,1
DA:70,1
DA:95,0
DA:99,0
DA:102,0
DA:106,0
DA:107,0
DA:114,0
DA:115,0
DA:124,0
DA:125,0
DA:129,0
DA:132,0
DA:136,0
DA:137,0
DA:141,0
DA:150,0
DA:151,0
DA:154,0
DA:162,1
DA:165,1
DA:168,1
DA:169,0
DA:171,1
DA:175,1
DA:178,1
DA:182,1
DA:184,1
DA:185,1
DA:186,3
DA:190,1
DA:194,1
DA:209,1
LF:44
LH:24
BRDA:56,0,0,1
BRDA:56,0,1,0
BRDA:60,1,0,1
BRDA:60,1,1,0
BRDA:63,2,0,1
BRDA:63,2,1,0
BRDA:66,3,0,1
BRDA:66,3,1,0
BRDA:107,4,0,0
BRDA:107,4,1,0
BRDA:124,5,0,0
BRDA:124,5,1,0
BRDA:132,6,0,0
BRDA:132,6,1,0
BRDA:137,7,0,0
BRDA:137,7,1,0
BRDA:150,8,0,0
BRDA:150,8,1,0
BRDA:150,9,0,0
BRDA:150,9,1,0
BRDA:154,10,0,0
BRDA:154,10,1,0
BRDA:165,11,0,0
BRDA:165,11,1,1
BRDA:168,12,0,0
BRDA:168,12,1,1
BRDA:175,13,0,1
BRDA:175,13,1,0
BRDA:184,14,0,1
BRDA:184,14,1,0
BRDA:186,15,0,1
BRDA:186,15,1,2
BRF:32
BRH:10
end_of_record
TN:
SF:/var/www/app/src/DatePicker/DatePickerDialog.jsx
FN:16,(anonymous_0)
FN:25,(anonymous_1)
FN:29,(anonymous_2)
FN:33,(anonymous_3)
FN:76,(anonymous_4)
FN:80,(anonymous_5)
FN:84,(anonymous_6)
FN:90,(anonymous_7)
FN:94,(anonymous_8)
FN:101,(anonymous_9)
FN:111,(anonymous_10)
FN:121,(anonymous_11)
FN:131,(anonymous_12)
FN:151,(anonymous_13)
FN:155,(anonymous_14)
FNF:15
FNH:5
FNDA:1,(anonymous_0)
FNDA:0,(anonymous_1)
FNDA:0,(anonymous_2)
FNDA:1,(anonymous_3)
FNDA:0,(anonymous_4)
FNDA:0,(anonymous_5)
FNDA:0,(anonymous_6)
FNDA:0,(anonymous_7)
FNDA:0,(anonymous_8)
FNDA:0,(anonymous_9)
FNDA:0,(anonymous_10)
FNDA:0,(anonymous_11)
FNDA:1,(anonymous_12)
FNDA:1,(anonymous_13)
FNDA:2,(anonymous_14)
DA:18,1
DA:20,1
DA:26,0
DA:30,0
DA:38,1
DA:39,1
DA:40,1
DA:53,1
DA:54,0
DA:57,1
DA:77,0
DA:81,0
DA:85,0
DA:86,0
DA:91,0
DA:95,0
DA:96,0
DA:97,0
DA:102,0
DA:106,0
DA:107,0
DA:112,0
DA:116,0
DA:117,0
DA:122,0
DA:123,0
DA:125,0
DA:126,0
DA:132,1
DA:135,1
DA:138,1
DA:139,0
DA:141,1
DA:145,1
DA:148,1
DA:152,1
DA:154,1
DA:155,1
DA:156,2
DA:160,1
DA:164,2
LF:41
LH:19
BRDA:53,0,0,0
BRDA:53,0,1,1
BRDA:85,1,0,0
BRDA:85,1,1,0
BRDA:96,2,0,0
BRDA:96,2,1,0
BRDA:106,3,0,0
BRDA:106,3,1,0
BRDA:116,4,0,0
BRDA:116,4,1,0
BRDA:122,5,0,0
BRDA:122,5,1,0
BRDA:123,6,0,0
BRDA:135,7,0,0
BRDA:135,7,1,1
BRDA:138,8,0,0
BRDA:138,8,1,1
BRDA:145,9,0,0
BRDA:145,9,1,1
BRDA:154,10,0,1
BRDA:154,10,1,0
BRDA:156,11,0,1
BRDA:156,11,1,1
BRF:23
BRH:7
end_of_record
TN:
SF:/var/www/app/src/DatePicker/DayButton.jsx
FN:9,(anonymous_0)
FN:37,(anonymous_1)
FN:41,(anonymous_2)
FN:61,(anonymous_3)
FN:65,(anonymous_4)
FNF:5
FNH:4
FNDA:1,(anonymous_0)
FNDA:0,(anonymous_1)
FNDA:1,(anonymous_2)
FNDA:1,(anonymous_3)
FNDA:3,(anonymous_4)
DA:16,1
DA:18,1
DA:23,1
DA:38,0
DA:42,1
DA:45,1
DA:48,1
DA:49,0
DA:51,1
DA:55,1
DA:58,1
DA:62,1
DA:64,1
DA:65,1
DA:66,3
DA:70,1
DA:74,5
LF:17
LH:15
BRDA:23,0,0,1
BRDA:23,0,1,0
BRDA:38,1,0,0
BRDA:38,1,1,0
BRDA:45,2,0,0
BRDA:45,2,1,1
BRDA:48,3,0,0
BRDA:48,3,1,1
BRDA:55,4,0,1
BRDA:55,4,1,0
BRDA:64,5,0,1
BRDA:64,5,1,0
BRDA:66,6,0,2
BRDA:66,6,1,1
BRF:14
BRH:7
end_of_record
TN:
SF:/var/www/app/src/DatePicker/index.js
FNF:0
FNH:0
LF:0
LH:0
BRF:0
BRH:0
end_of_record
TN:
SF:/var/www/app/src/Dialog/Dialog.js
FN:102,(anonymous_0)
FN:111,(anonymous_1)
FN:124,(anonymous_2)
FN:129,(anonymous_3)
FN:194,(anonymous_4)
FN:198,(anonymous_5)
FN:204,(anonymous_6)
FN:215,(anonymous_7)
FN:219,(anonymous_8)
FN:226,(anonymous_9)
FN:244,(anonymous_10)
FN:272,(anonymous_11)
FN:317,(anonymous_12)
FN:325,(anonymous_13)
FN:329,(anonymous_14)
FN:333,(anonymous_15)
FN:340,(anonymous_16)
FNF:17
FNH:3
FNDA:1,(anonymous_0)
FNDA:0,(anonymous_1)
FNDA:0,(anonymous_2)
FNDA:1,(anonymous_3)
FNDA:0,(anonymous_4)
FNDA:0,(anonymous_5)
FNDA:0,(anonymous_6)
FNDA:0,(anonymous_7)
FNDA:0,(anonymous_8)
FNDA:0,(anonymous_9)
FNDA:1,(anonymous_10)
FNDA:0,(anonymous_11)
FNDA:0,(anonymous_12)
FNDA:0,(anonymous_13)
FNDA:0,(anonymous_14)
FNDA:0,(anonymous_15)
FNDA:0,(anonymous_16)
DA:104,1
DA:106,1
DA:112,0
DA:117,0
DA:118,0
DA:119,0
DA:120,0
DA:125,0
DA:126,0
DA:131,1
DA:135,1
DA:136,1
DA:137,0
DA:139,1
DA:140,0
DA:144,1
DA:145,1
DA:146,0
DA:148,1
DA:149,0
DA:153,1
DA:154,1
DA:155,0
DA:160,1
DA:163,1
DA:169,1
DA:171,1
DA:195,0
DA:199,0
DA:200,0
DA:201,0
DA:205,0
DA:206,0
DA:208,0
DA:209,0
DA:216,0
DA:220,0
DA:221,0
DA:223,0
DA:227,0
DA:233,0
DA:234,0
DA:235,0
DA:238,0
DA:247,1
DA:249,1
DA:250,0
DA:251,0
DA:254,0
DA:255,0
DA:258,0
DA:259,0
DA:262,0
DA:269,1
DA:274,0
DA:275,0
DA:276,0
DA:277,0
DA:278,0
DA:281,0
DA:282,0
DA:284,0
DA:285,0
DA:288,0
DA:289,0
DA:290,0
DA:291,0
DA:296,0
DA:297,0
DA:301,0
DA:302,0
DA:304,0
DA:305,0
DA:308,0
DA:309,0
DA:312,0
DA:318,0
DA:319,0
DA:320,0
DA:326,0
DA:330,0
DA:334,0
DA:335,0
DA:336,0
DA:341,0
DA:342,0
LF:86
LH:18
BRDA:107,0,0,1
BRDA:107,0,1,1
BRDA:117,1,0,0
BRDA:117,1,1,0
BRDA:131,2,0,0
BRDA:131,2,1,1
BRDA:131,3,0,1
BRDA:131,3,1,0
BRDA:136,4,0,0
BRDA:136,4,1,1
BRDA:139,5,0,0
BRDA:139,5,1,1
BRDA:145,6,0,0
BRDA:145,6,1,1
BRDA:148,7,0,0
BRDA:148,7,1,1
BRDA:154,8,0,0
BRDA:154,8,1,1
BRDA:160,9,0,1
BRDA:160,9,1,0
BRDA:163,10,0,1
BRDA:163,10,1,0
BRDA:221,11,0,0
BRDA:221,11,1,0
BRDA:230,12,0,0
BRDA:230,12,1,0
BRDA:233,13,0,0
BRDA:233,13,1,0
BRDA:249,14,0,0
BRDA:249,14,1,1
BRDA:254,15,0,0
BRDA:254,15,1,0
BRDA:274,16,0,0
BRDA:274,16,1,0
BRDA:288,17,0,0
BRDA:288,17,1,0
BRDA:288,18,0,0
BRDA:288,18,1,0
BRDA:290,19,0,0
BRDA:290,19,1,0
BRDA:296,20,0,0
BRDA:296,20,1,0
BRDA:296,21,0,0
BRDA:296,21,1,0
BRDA:301,22,0,0
BRDA:301,22,1,0
BRDA:301,23,0,0
BRDA:301,23,1,0
BRDA:304,24,0,0
BRDA:304,24,1,0
BRDA:308,25,0,0
BRDA:308,25,1,0
BRDA:318,26,0,0
BRDA:318,26,1,0
BRDA:319,27,0,0
BRDA:319,27,1,0
BRDA:326,28,0,0
BRDA:326,28,1,0
BRDA:330,29,0,0
BRDA:330,29,1,0
BRDA:334,30,0,0
BRDA:334,30,1,0
BRDA:336,31,0,0
BRDA:336,31,1,0
BRDA:341,32,0,0
BRDA:341,32,1,0
BRDA:341,33,0,0
BRDA:341,33,1,0
BRF:68
BRH:12
end_of_record
TN:
SF:/var/www/app/src/Dialog/index.js
FNF:0
FNH:0
LF:0
LH:0
BRF:0
BRH:0
end_of_record
TN:
SF:/var/www/app/src/Drawer/Drawer.js
FN:78,(anonymous_0)
FN:91,(anonymous_1)
FN:108,(anonymous_2)
FN:114,(anonymous_3)
FN:120,(anonymous_4)
FN:168,(anonymous_5)
FN:173,(anonymous_6)
FN:189,(anonymous_7)
FN:229,setOffsetTopState
FN:243,(anonymous_9)
FNF:10
FNH:2
FNDA:1,(anonymous_0)
FNDA:0,(anonymous_1)
FNDA:0,(anonymous_2)
FNDA:0,(anonymous_3)
FNDA:1,(anonymous_4)
FNDA:0,(anonymous_5)
FNDA:0,(anonymous_6)
FNDA:0,(anonymous_7)
FNDA:0,setOffsetTopState
FNDA:0,(anonymous_9)
DA:80,1
DA:82,1
DA:94,0
DA:95,0
DA:96,0
DA:97,0
DA:103,0
DA:109,0
DA:110,0
DA:115,0
DA:116,0
DA:122,1
DA:126,1
DA:136,1
DA:137,1
DA:140,1
DA:143,1
DA:144,1
DA:145,0
DA:149,1
DA:150,0
DA:153,1
DA:169,0
DA:170,0
DA:174,0
DA:177,0
DA:192,0
DA:193,0
DA:197,0
DA:199,0
DA:202,0
DA:203,0
DA:204,0
DA:213,0
DA:214,0
DA:215,0
DA:219,0
DA:220,0
DA:224,0
DA:227,0
DA:230,0
DA:244,0
LF:42
LH:11
BRDA:94,0,0,0
BRDA:94,0,1,0
BRDA:96,1,0,0
BRDA:96,1,1,0
BRDA:109,2,0,0
BRDA:109,2,1,0
BRDA:115,3,0,0
BRDA:115,3,1,0
BRDA:122,4,0,0
BRDA:122,4,1,1
BRDA:122,5,0,1
BRDA:122,5,1,0
BRDA:127,6,0,1
BRDA:127,6,1,0
BRDA:136,7,0,1
BRDA:136,7,1,0
BRDA:137,8,0,1
BRDA:137,8,1,0
BRDA:140,9,0,0
BRDA:140,9,1,1
BRDA:144,10,0,0
BRDA:144,10,1,1
BRDA:144,11,0,1
BRDA:144,11,1,0
BRDA:149,12,0,0
BRDA:149,12,1,1
BRDA:169,13,0,0
BRDA:169,13,1,0
BRDA:174,14,0,0
BRDA:174,14,1,0
BRDA:174,15,0,0
BRDA:174,15,1,0
BRDA:174,15,2,0
BRDA:192,16,0,0
BRDA:192,16,1,0
BRDA:202,17,0,0
BRDA:202,17,1,0
BRDA:214,18,0,0
BRDA:214,18,1,0
BRDA:219,19,0,0
BRDA:219,19,1,0
BRDA:219,20,0,0
BRDA:219,20,1,0
BRDA:224,21,0,0
BRDA:224,21,1,0
BRF:45
BRH:9
end_of_record
TN:
SF:/var/www/app/src/Drawer/index.js
FNF:0
FNH:0
LF:0
LH:0
BRF:0
BRH:0
end_of_record
TN:
SF:/var/www/app/src/Editor/ContentHtml.js
FN:18,(anonymous_0)
FN:36,(anonymous_1)
FN:44,(anonymous_2)
FN:62,(anonymous_3)
FN:76,(anonymous_4)
FN:91,(anonymous_5)
FN:105,(anonymous_6)
FN:111,(anonymous_7)
FNF:8
FNH:2
FNDA:1,(anonymous_0)
FNDA:0,(anonymous_1)
FNDA:0,(anonymous_2)
FNDA:0,(anonymous_3)
FNDA:0,(anonymous_4)
FNDA:0,(anonymous_5)
FNDA:0,(anonymous_6)
FNDA:1,(anonymous_7)
DA:21,1
DA:23,1
DA:37,0
DA:38,0
DA:41,0
DA:45,0
DA:46,0
DA:49,0
DA:63,0
DA:64,0
DA:77,0
DA:78,0
DA:92,0
DA:93,0
DA:106,0
DA:107,0
DA:114,1
DA:117,1
DA:143,1
DA:176,1
LF:20
LH:6
BRDA:37,0,0,0
BRDA:37,0,1,0
BRDA:45,1,0,0
BRDA:45,1,1,0
BRDA:63,2,0,0
BRDA:63,2,1,0
BRDA:77,3,0,0
BRDA:77,3,1,0
BRDA:106,4,0,0
BRDA:106,4,1,0
BRDA:114,5,0,0
BRDA:114,5,1,1
BRDA:114,6,0,1
BRDA:114,6,1,0
BRF:14
BRH:2
end_of_record
TN:
SF:/var/www/app/src/Editor/ContentSource.js
FN:61,(anonymous_0)
FN:77,(anonymous_1)
FN:91,(anonymous_2)
FN:97,(anonymous_3)
FNF:4
FNH:2
FNDA:1,(anonymous_0)
FNDA:0,(anonymous_1)
FNDA:0,(anonymous_2)
FNDA:1,(anonymous_3)
DA:64,1
DA:66,1
DA:78,0
DA:79,0
DA:82,0
DA:92,0
DA:93,0
DA:100,1
DA:103,1
DA:107,1
LF:10
LH:5
BRDA:78,0,0,0
BRDA:78,0,1,0
BRDA:92,1,0,0
BRDA:92,1,1,0
BRDA:100,2,0,0
BRDA:100,2,1,1
BRDA:100,3,0,1
BRDA:100,3,1,0
BRF:8
BRH:2
end_of_record
TN:
SF:/var/www/app/src/Editor/EditorToolbar.js
FN:73,(anonymous_0)
FN:79,(anonymous_1)
FN:89,(anonymous_2)
FN:92,(anonymous_3)
FN:101,(anonymous_4)
FN:104,(anonymous_5)
FN:113,(anonymous_6)
FN:121,(anonymous_7)
FNF:8
FNH:2
FNDA:1,(anonymous_0)
FNDA:1,(anonymous_1)
FNDA:0,(anonymous_2)
FNDA:0,(anonymous_3)
FNDA:0,(anonymous_4)
FNDA:0,(anonymous_5)
FNDA:0,(anonymous_6)
FNDA:0,(anonymous_7)
DA:17,3
DA:29,3
DA:36,3
DA:37,3
DA:76,1
DA:81,1
DA:82,1
DA:83,1
DA:85,1
DA:89,0
DA:91,0
DA:92,0
DA:101,0
DA:103,0
DA:104,0
DA:112,0
DA:113,0
DA:117,0
DA:120,0
DA:121,0
DA:125,0
DA:128,1
LF:22
LH:10
BRDA:85,0,0,0
BRDA:85,0,1,0
BRF:2
BRH:0
end_of_record
TN:
SF:/var/www/app/src/EnhancedTextarea/EnhancedTextarea.jsx
FN:13,(anonymous_0)
FN:22,(anonymous_1)
FN:26,(anonymous_2)
FN:88,(anonymous_3)
FN:92,(anonymous_4)
FN:106,(anonymous_5)
FN:116,(anonymous_6)
FN:123,(anonymous_7)
FN:143,(anonymous_8)
FN:147,(anonymous_9)
FNF:10
FNH:5
FNDA:1,(anonymous_0)
FNDA:0,(anonymous_1)
FNDA:1,(anonymous_2)
FNDA:0,(anonymous_3)
FNDA:0,(anonymous_4)
FNDA:0,(anonymous_5)
FNDA:0,(anonymous_6)
FNDA:1,(anonymous_7)
FNDA:1,(anonymous_8)
FNDA:2,(anonymous_9)
DA:15,1
DA:17,1
DA:23,0
DA:36,1
DA:38,1
DA:39,1
DA:40,1
DA:44,1
DA:45,1
DA:48,1
DA:54,0
DA:57,0
DA:58,1
DA:61,0
DA:69,1
DA:89,0
DA:93,0
DA:94,0
DA:97,0
DA:98,0
DA:100,0
DA:101,0
DA:102,0
DA:107,0
DA:109,0
DA:110,0
DA:113,0
DA:117,0
DA:118,0
DA:124,1
DA:127,1
DA:130,1
DA:131,0
DA:133,1
DA:137,1
DA:140,1
DA:144,1
DA:146,1
DA:147,1
DA:148,2
DA:152,1
DA:156,1
DA:163,1
LF:43
LH:24
BRDA:44,0,0,1
BRDA:44,0,1,0
BRDA:48,1,0,0
BRDA:48,1,1,1
BRDA:58,2,0,0
BRDA:58,2,1,1
BRDA:97,3,0,0
BRDA:97,3,1,0
BRDA:100,4,0,0
BRDA:100,4,1,0
BRDA:102,5,0,0
BRDA:102,5,1,0
BRDA:109,6,0,0
BRDA:109,6,1,0
BRDA:113,7,0,0
BRDA:113,7,1,0
BRDA:117,8,0,0
BRDA:117,8,1,0
BRDA:127,9,0,0
BRDA:127,9,1,1
BRDA:130,10,0,0
BRDA:130,10,1,1
BRDA:137,11,0,0
BRDA:137,11,1,1
BRDA:146,12,0,1
BRDA:146,12,1,0
BRDA:148,13,0,1
BRDA:148,13,1,1
BRF:28
BRH:9
end_of_record
TN:
SF:/var/www/app/src/EnhancedTextarea/index.js
FNF:0
FNH:0
LF:0
LH:0
BRF:0
BRH:0
end_of_record
TN:
SF:/var/www/app/src/FontIcon/FontIcon.js
FN:14,(anonymous_0)
FNF:1
FNH:1
FNDA:1,(anonymous_0)
DA:14,108
DA:15,1
DA:16,1
DA:19,1
DA:20,0
DA:21,0
DA:23,1
DA:24,1
DA:30,1
DA:32,1
DA:39,1
DA:41,1
DA:49,108
DA:57,108
DA:65,108
LF:15
LH:13
BRDA:19,0,0,0
BRDA:19,0,1,1
BRDA:19,1,0,1
BRDA:19,1,1,0
BRDA:39,2,0,0
BRDA:39,2,1,1
BRF:6
BRH:3
end_of_record
TN:
SF:/var/www/app/src/FontIcon/index.js
FNF:0
FNH:0
LF:0
LH:0
BRF:0
BRH:0
end_of_record
TN:
SF:/var/www/app/src/Grid/Column.js
FN:14,(anonymous_0)
FNF:1
FNH:1
FNDA:1,(anonymous_0)
DA:14,1
DA:15,1
DA:18,1
DA:26,1
DA:36,1
DA:49,1
LF:6
LH:6
BRDA:15,0,0,0
BRDA:15,0,1,1
BRDA:15,1,0,1
BRDA:15,1,1,0
BRF:4
BRH:2
end_of_record
TN:
SF:/var/www/app/src/Grid/Container.js
FN:13,(anonymous_0)
FNF:1
FNH:1
FNDA:1,(anonymous_0)
DA:13,1
DA:14,1
DA:17,1
DA:19,1
DA:29,1
DA:36,1
LF:6
LH:6
BRDA:14,0,0,0
BRDA:14,0,1,1
BRDA:14,1,0,1
BRDA:14,1,1,0
BRDA:17,2,0,0
BRDA:17,2,1,1
BRF:6
BRH:3
end_of_record
TN:
SF:/var/www/app/src/Grid/Row.js
FN:13,(anonymous_0)
FNF:1
FNH:1
FNDA:1,(anonymous_0)
DA:13,1
DA:14,1
DA:17,1
DA:27,1
DA:34,1
LF:5
LH:5
BRDA:14,0,0,0
BRDA:14,0,1,1
BRDA:14,1,0,1
BRDA:14,1,1,0
BRF:4
BRH:2
end_of_record
TN:
SF:/var/www/app/src/Input/RichText.js
FN:83,(anonymous_0)
FN:106,(anonymous_1)
FN:120,(anonymous_2)
FN:134,(anonymous_3)
FN:148,(anonymous_4)
FN:167,(anonymous_5)
FN:178,(anonymous_6)
FN:196,(anonymous_7)
FN:216,(anonymous_8)
FN:228,(anonymous_9)
FN:236,(anonymous_10)
FNF:11
FNH:2
FNDA:1,(anonymous_0)
FNDA:0,(anonymous_1)
FNDA:0,(anonymous_2)
FNDA:0,(anonymous_3)
FNDA:0,(anonymous_4)
FNDA:0,(anonymous_5)
FNDA:0,(anonymous_6)
FNDA:0,(anonymous_7)
FNDA:0,(anonymous_8)
FNDA:0,(anonymous_9)
FNDA:1,(anonymous_10)
DA:10,2
DA:85,1
DA:87,1
DA:90,1
DA:92,0
DA:95,1
DA:107,0
DA:109,0
DA:110,0
DA:111,0
DA:121,0
DA:123,0
DA:124,0
DA:125,0
DA:135,0
DA:136,0
DA:137,0
DA:149,0
DA:150,0
DA:152,0
DA:153,0
DA:154,0
DA:157,0
DA:168,0
DA:169,0
DA:180,0
DA:182,0
DA:183,0
DA:184,0
DA:187,0
DA:197,0
DA:199,0
DA:200,0
DA:201,0
DA:204,0
DA:217,0
DA:219,0
DA:221,0
DA:229,0
DA:230,0
DA:231,0
DA:232,0
DA:237,1
DA:240,1
DA:244,1
DA:247,1
DA:248,1
DA:249,1
DA:250,0
DA:255,1
DA:256,0
DA:259,1
DA:260,1
DA:262,1
LF:54
LH:15
BRDA:90,0,0,0
BRDA:90,0,1,1
BRDA:109,1,0,0
BRDA:109,1,1,0
BRDA:123,2,0,0
BRDA:123,2,1,0
BRDA:135,3,0,0
BRDA:135,3,1,0
BRDA:152,4,0,0
BRDA:152,4,1,0
BRDA:182,5,0,0
BRDA:182,5,1,0
BRDA:199,6,0,0
BRDA:199,6,1,0
BRDA:217,7,0,0
BRDA:217,7,1,0
BRDA:229,8,0,0
BRDA:229,8,1,0
BRDA:231,9,0,0
BRDA:231,9,1,0
BRDA:240,10,0,0
BRDA:240,10,1,1
BRDA:240,11,0,1
BRDA:240,11,1,0
BRDA:248,12,0,1
BRDA:248,12,1,0
BRDA:249,13,0,0
BRDA:249,13,1,1
BRDA:255,14,0,0
BRDA:255,14,1,1
BRF:30
BRH:6
end_of_record
TN:
SF:/var/www/app/src/Input/TextField.js
FN:157,(anonymous_0)
FN:178,(anonymous_1)
FN:212,(anonymous_2)
FN:220,(anonymous_3)
FN:229,(anonymous_4)
FN:238,(anonymous_5)
FN:377,(anonymous_6)
FN:428,(anonymous_7)
FN:432,(anonymous_8)
FN:436,(anonymous_9)
FN:440,(anonymous_10)
FN:450,(anonymous_11)
FN:491,(anonymous_12)
FN:524,(anonymous_13)
FN:571,(anonymous_14)
FN:591,(anonymous_15)
FN:604,(anonymous_16)
FN:608,(anonymous_17)
FN:616,(anonymous_18)
FN:632,(anonymous_19)
FN:640,(anonymous_20)
FN:645,(anonymous_21)
FN:665,(anonymous_22)
FN:706,(anonymous_23)
FN:735,(anonymous_24)
FN:757,(anonymous_25)
FN:818,(anonymous_26)
FNF:27
FNH:2
FNDA:1,(anonymous_0)
FNDA:0,(anonymous_1)
FNDA:0,(anonymous_2)
FNDA:0,(anonymous_3)
FNDA:0,(anonymous_4)
FNDA:1,(anonymous_5)
FNDA:0,(anonymous_6)
FNDA:0,(anonymous_7)
FNDA:0,(anonymous_8)
FNDA:0,(anonymous_9)
FNDA:0,(anonymous_10)
FNDA:0,(anonymous_11)
FNDA:0,(anonymous_12)
FNDA:0,(anonymous_13)
FNDA:0,(anonymous_14)
FNDA:0,(anonymous_15)
FNDA:0,(anonymous_16)
FNDA:0,(anonymous_17)
FNDA:0,(anonymous_18)
FNDA:0,(anonymous_19)
FNDA:0,(anonymous_20)
FNDA:0,(anonymous_21)
FNDA:0,(anonymous_22)
FNDA:0,(anonymous_23)
FNDA:0,(anonymous_24)
FNDA:0,(anonymous_25)
FNDA:0,(anonymous_26)
DA:159,1
DA:161,1
DA:179,0
DA:180,0
DA:181,0
DA:182,0
DA:183,0
DA:184,0
DA:186,0
DA:187,0
DA:188,0
DA:189,0
DA:190,0
DA:191,0
DA:195,0
DA:196,0
DA:199,0
DA:200,0
DA:204,0
DA:205,0
DA:208,0
DA:209,0
DA:213,0
DA:215,0
DA:216,0
DA:222,0
DA:224,0
DA:225,0
DA:230,0
DA:241,1
DA:265,1
DA:267,1
DA:274,1
DA:276,1
DA:281,1
DA:285,1
DA:290,1
DA:294,1
DA:303,1
DA:311,1
DA:323,1
DA:324,1
DA:328,1
DA:329,0
DA:336,0
DA:337,0
DA:341,1
DA:356,1
DA:357,1
DA:360,0
DA:361,0
DA:364,0
DA:366,0
DA:369,0
DA:370,0
DA:372,0
DA:374,0
DA:377,0
DA:380,0
DA:381,0
DA:387,0
DA:388,0
DA:389,0
DA:391,0
DA:392,0
DA:396,0
DA:397,0
DA:403,1
DA:409,1
DA:429,0
DA:433,0
DA:437,0
DA:441,0
DA:452,0
DA:453,0
DA:456,0
DA:459,0
DA:462,0
DA:465,0
DA:468,0
DA:471,0
DA:474,0
DA:478,0
DA:479,0
DA:482,0
DA:492,0
DA:494,0
DA:499,0
DA:501,0
DA:502,0
DA:503,0
DA:504,0
DA:505,0
DA:510,0
DA:511,0
DA:512,0
DA:513,0
DA:517,0
DA:518,0
DA:526,0
DA:529,0
DA:530,0
DA:533,0
DA:556,0
DA:558,0
DA:572,0
DA:574,0
DA:575,0
DA:577,0
DA:579,0
DA:583,0
DA:584,0
DA:592,0
DA:594,0
DA:595,0
DA:600,0
DA:601,0
DA:605,0
DA:609,0
DA:613,0
DA:617,0
DA:619,0
DA:627,0
DA:628,0
DA:633,0
DA:637,0
DA:641,0
DA:647,0
DA:648,0
DA:656,0
DA:667,0
DA:669,0
DA:670,0
DA:676,0
DA:677,0
DA:683,0
DA:684,0
DA:687,0
DA:691,0
DA:692,0
DA:695,0
DA:696,0
DA:707,0
DA:712,0
DA:713,0
DA:719,0
DA:722,0
DA:723,0
DA:736,0
DA:737,0
DA:739,0
DA:740,0
DA:758,0
DA:759,0
DA:760,0
DA:762,0
DA:763,0
DA:765,0
DA:781,0
DA:783,0
DA:784,0
DA:785,0
DA:788,0
DA:789,0
DA:790,0
DA:795,0
DA:801,0
DA:803,0
DA:804,0
DA:808,0
DA:819,0
DA:822,0
DA:823,0
DA:829,0
DA:844,0
LF:175
LH:21
BRDA:166,0,0,1
BRDA:166,0,1,1
BRDA:166,0,2,1
BRDA:166,0,3,0
BRDA:186,1,0,0
BRDA:186,1,1,0
BRDA:188,2,0,0
BRDA:188,2,1,0
BRDA:190,3,0,0
BRDA:190,3,1,0
BRDA:195,4,0,0
BRDA:195,4,1,0
BRDA:199,5,0,0
BRDA:199,5,1,0
BRDA:204,6,0,0
BRDA:204,6,1,0
BRDA:204,7,0,0
BRDA:204,7,1,0
BRDA:208,8,0,0
BRDA:208,8,1,0
BRDA:209,9,0,0
BRDA:209,9,1,0
BRDA:215,10,0,0
BRDA:215,10,1,0
BRDA:222,11,0,0
BRDA:222,11,1,0
BRDA:224,12,0,0
BRDA:224,12,1,0
BRDA:241,13,0,0
BRDA:241,13,1,1
BRDA:241,14,0,1
BRDA:241,14,1,0
BRDA:274,15,0,1
BRDA:274,15,1,1
BRDA:276,16,0,0
BRDA:276,16,1,1
BRDA:285,17,0,0
BRDA:285,17,1,1
BRDA:291,18,0,1
BRDA:291,18,1,1
BRDA:291,18,2,1
BRDA:294,19,0,0
BRDA:294,19,1,1
BRDA:306,20,0,1
BRDA:306,20,1,0
BRDA:308,21,0,1
BRDA:308,21,1,1
BRDA:320,22,0,0
BRDA:320,22,1,1
BRDA:323,23,0,1
BRDA:323,23,1,0
BRDA:329,24,0,0
BRDA:329,24,1,0
BRDA:329,24,2,0
BRDA:329,24,3,0
BRDA:329,24,4,0
BRDA:329,24,5,0
BRDA:341,25,0,0
BRDA:341,25,1,1
BRDA:357,26,0,0
BRDA:357,26,1,1
BRDA:357,27,0,1
BRDA:357,27,1,0
BRDA:360,28,0,0
BRDA:360,28,1,0
BRDA:360,29,0,0
BRDA:360,29,1,0
BRDA:366,30,0,0
BRDA:366,30,1,0
BRDA:366,31,0,0
BRDA:366,31,1,0
BRDA:366,31,2,0
BRDA:369,32,0,0
BRDA:369,32,1,0
BRDA:374,33,0,0
BRDA:374,33,1,0
BRDA:391,34,0,0
BRDA:391,34,1,0
BRDA:396,35,0,0
BRDA:396,35,1,0
BRDA:396,36,0,0
BRDA:396,36,1,0
BRDA:429,37,0,0
BRDA:429,37,1,0
BRDA:437,38,0,0
BRDA:437,38,1,0
BRDA:441,39,0,0
BRDA:441,39,1,0
BRDA:452,40,0,0
BRDA:452,40,1,0
BRDA:462,41,0,0
BRDA:462,41,1,0
BRDA:478,42,0,0
BRDA:478,42,1,0
BRDA:478,43,0,0
BRDA:478,43,1,0
BRDA:499,44,0,0
BRDA:499,44,1,0
BRDA:501,45,0,0
BRDA:501,45,1,0
BRDA:510,46,0,0
BRDA:510,46,1,0
BRDA:510,47,0,0
BRDA:510,47,1,0
BRDA:529,48,0,0
BRDA:529,48,1,0
BRDA:572,49,0,0
BRDA:572,49,1,0
BRDA:574,50,0,0
BRDA:574,50,1,0
BRDA:595,51,0,0
BRDA:595,51,1,0
BRDA:613,52,0,0
BRDA:613,52,1,0
BRDA:627,53,0,0
BRDA:627,53,1,0
BRDA:637,54,0,0
BRDA:637,54,1,0
BRDA:641,55,0,0
BRDA:641,55,1,0
BRDA:647,56,0,0
BRDA:647,56,1,0
BRDA:656,57,0,0
BRDA:656,57,1,0
BRDA:667,58,0,0
BRDA:667,58,1,0
BRDA:667,58,2,0
BRDA:667,58,3,0
BRDA:669,59,0,0
BRDA:669,59,1,0
BRDA:676,60,0,0
BRDA:676,60,1,0
BRDA:683,61,0,0
BRDA:683,61,1,0
BRDA:691,62,0,0
BRDA:691,62,1,0
BRDA:695,63,0,0
BRDA:695,63,1,0
BRDA:707,64,0,0
BRDA:707,64,1,0
BRDA:707,64,2,0
BRDA:707,64,3,0
BRDA:712,65,0,0
BRDA:712,65,1,0
BRDA:722,66,0,0
BRDA:722,66,1,0
BRDA:739,67,0,0
BRDA:739,67,1,0
BRDA:762,68,0,0
BRDA:762,68,1,0
BRDA:769,69,0,0
BRDA:769,69,1,0
BRDA:781,70,0,0
BRDA:781,70,1,0
BRDA:783,71,0,0
BRDA:783,71,1,0
BRDA:788,72,0,0
BRDA:788,72,1,0
BRDA:795,73,0,0
BRDA:795,73,1,0
BRDA:795,74,0,0
BRDA:795,74,1,0
BRDA:803,75,0,0
BRDA:803,75,1,0
BRDA:803,76,0,0
BRDA:803,76,1,0
BRDA:822,77,0,0
BRDA:822,77,1,0
BRF:168
BRH:21
end_of_record
TN:
SF:/var/www/app/src/List/List.js
FN:13,(anonymous_0)
FN:18,(anonymous_1)
FNF:2
FNH:1
FNDA:1,(anonymous_0)
FNDA:0,(anonymous_1)
DA:13,1
DA:14,1
DA:17,1
DA:18,1
DA:19,0
DA:20,0
DA:21,0
DA:27,0
DA:29,0
DA:39,1
DA:47,1
DA:56,1
DA:64,1
LF:13
LH:8
BRDA:14,0,0,0
BRDA:14,0,1,1
BRDA:14,1,0,1
BRDA:14,1,1,0
BRDA:20,2,0,0
BRDA:20,2,1,0
BRDA:20,3,0,0
BRDA:20,3,1,0
BRF:8
BRH:2
end_of_record
TN:
SF:/var/www/app/src/List/ListDivider.js
FN:15,(anonymous_0)
FNF:1
FNH:1
FNDA:1,(anonymous_0)
DA:15,1
DA:16,1
DA:19,1
DA:23,1
DA:31,1
DA:41,1
DA:48,1
LF:7
LH:7
BRDA:16,0,0,0
BRDA:16,0,1,1
BRDA:16,1,0,1
BRDA:16,1,1,0
BRF:4
BRH:2
end_of_record
TN:
SF:/var/www/app/src/List/ListItem.js
FN:16,(anonymous_0)
FN:26,(anonymous_1)
FNF:2
FNH:1
FNDA:1,(anonymous_0)
FNDA:0,(anonymous_1)
DA:16,1
DA:17,1
DA:20,1
DA:26,1
DA:27,1
DA:30,1
DA:31,1
DA:32,0
DA:35,0
DA:43,1
DA:46,1
DA:65,1
DA:121,1
DA:133,1
LF:14
LH:12
BRDA:17,0,0,0
BRDA:17,0,1,1
BRDA:17,1,0,1
BRDA:17,1,1,0
BRDA:26,2,0,0
BRDA:26,2,1,1
BRDA:27,3,0,1
BRDA:27,3,1,1
BRDA:31,4,0,0
BRDA:31,4,1,1
BRDA:32,5,0,0
BRDA:32,5,1,0
BRDA:32,6,0,0
BRDA:32,6,1,0
BRDA:43,7,0,0
BRDA:43,7,1,1
BRF:16
BRH:7
end_of_record
TN:
SF:/var/www/app/src/List/ListItemCheckbox.js
FN:16,(anonymous_0)
FN:25,(anonymous_1)
FN:44,(anonymous_2)
FNF:3
FNH:1
FNDA:1,(anonymous_0)
FNDA:0,(anonymous_1)
FNDA:0,(anonymous_2)
DA:16,1
DA:17,1
DA:20,1
DA:25,1
DA:26,0
DA:27,0
DA:32,1
DA:35,1
DA:44,0
DA:57,1
DA:88,1
DA:99,1
LF:12
LH:9
BRDA:17,0,0,0
BRDA:17,0,1,1
BRDA:17,1,0,1
BRDA:17,1,1,0
BRDA:26,2,0,0
BRDA:26,2,1,0
BRDA:32,3,0,0
BRDA:32,3,1,1
BRF:8
BRH:3
end_of_record
TN:
SF:/var/www/app/src/List/index.js
FNF:0
FNH:0
LF:0
LH:0
BRF:0
BRH:0
end_of_record
TN:
SF:/var/www/app/src/Menu/LinkMenuItem.jsx
FN:7,(anonymous_0)
FN:23,(anonymous_1)
FN:27,(anonymous_2)
FN:47,(anonymous_3)
FN:51,(anonymous_4)
FNF:5
FNH:4
FNDA:1,(anonymous_0)
FNDA:0,(anonymous_1)
FNDA:1,(anonymous_2)
FNDA:1,(anonymous_3)
FNDA:3,(anonymous_4)
DA:8,1
DA:11,1
DA:13,1
DA:14,1
DA:15,1
DA:17,1
DA:24,0
DA:28,1
DA:31,1
DA:34,1
DA:35,0
DA:37,1
DA:41,1
DA:44,1
DA:48,1
DA:50,1
DA:51,1
DA:52,3
DA:56,1
DA:60,10
DA:68,10
LF:21
LH:19
BRDA:11,0,0,0
BRDA:11,0,1,1
BRDA:13,1,0,0
BRDA:13,1,1,1
BRDA:31,2,0,0
BRDA:31,2,1,1
BRDA:34,3,0,0
BRDA:34,3,1,1
BRDA:41,4,0,1
BRDA:41,4,1,0
BRDA:50,5,0,1
BRDA:50,5,1,0
BRDA:52,6,0,1
BRDA:52,6,1,2
BRF:14
BRH:8
end_of_record
TN:
SF:/var/www/app/src/Menu/Menu.jsx
FN:21,(anonymous_0)
FN:31,(anonymous_1)
FN:35,(anonymous_2)
FN:48,(anonymous_3)
FN:52,(anonymous_4)
FN:87,(anonymous_5)
FN:91,(anonymous_6)
FN:188,(anonymous_7)
FN:194,(anonymous_8)
FN:204,(anonymous_9)
FN:225,(anonymous_10)
FN:242,(anonymous_11)
FN:246,(anonymous_12)
FN:250,(anonymous_13)
FN:254,(anonymous_14)
FN:258,(anonymous_15)
FN:262,(anonymous_16)
FN:282,(anonymous_17)
FN:286,(anonymous_18)
FNF:19
FNH:2
FNDA:1,(anonymous_0)
FNDA:0,(anonymous_1)
FNDA:0,(anonymous_2)
FNDA:0,(anonymous_3)
FNDA:1,(anonymous_4)
FNDA:0,(anonymous_5)
FNDA:0,(anonymous_6)
FNDA:0,(anonymous_7)
FNDA:0,(anonymous_8)
FNDA:0,(anonymous_9)
FNDA:0,(anonymous_10)
FNDA:0,(anonymous_11)
FNDA:0,(anonymous_12)
FNDA:0,(anonymous_13)
FNDA:0,(anonymous_14)
FNDA:0,(anonymous_15)
FNDA:0,(anonymous_16)
FNDA:0,(anonymous_17)
FNDA:0,(anonymous_18)
DA:23,1
DA:25,1
DA:32,0
DA:36,0
DA:39,0
DA:42,0
DA:45,0
DA:49,0
DA:53,1
DA:56,1
DA:62,1
DA:63,0
DA:66,1
DA:68,1
DA:88,0
DA:92,0
DA:100,0
DA:102,0
DA:103,0
DA:104,0
DA:105,0
DA:107,0
DA:108,0
DA:110,0
DA:121,0
DA:123,0
DA:126,0
DA:135,0
DA:138,0
DA:144,0
DA:147,0
DA:148,0
DA:160,0
DA:161,0
DA:164,0
DA:182,0
DA:185,0
DA:189,0
DA:194,0
DA:200,0
DA:207,0
DA:208,0
DA:209,0
DA:211,0
DA:213,0
DA:221,0
DA:225,0
DA:228,0
DA:234,0
DA:237,0
DA:243,0
DA:247,0
DA:251,0
DA:255,0
DA:259,0
DA:263,0
DA:266,0
DA:269,0
DA:270,0
DA:272,0
DA:276,0
DA:279,0
DA:283,0
DA:285,0
DA:286,0
DA:287,0
DA:291,0
DA:295,9
DA:323,9
DA:335,9
LF:70
LH:10
BRDA:49,0,0,0
BRDA:49,0,1,0
BRDA:53,1,0,0
BRDA:53,1,1,1
BRDA:53,2,0,1
BRDA:53,2,1,0
BRDA:62,3,0,0
BRDA:62,3,1,1
BRDA:66,4,0,0
BRDA:66,4,1,1
BRDA:105,5,0,0
BRDA:105,5,1,0
BRDA:107,6,0,0
BRDA:107,6,1,0
BRDA:123,7,0,0
BRDA:123,7,1,0
BRDA:123,7,2,0
BRDA:123,7,3,0
BRDA:189,8,0,0
BRDA:189,8,1,0
BRDA:207,9,0,0
BRDA:207,9,1,0
BRDA:211,10,0,0
BRDA:211,10,1,0
BRDA:228,11,0,0
BRDA:228,11,1,0
BRDA:243,12,0,0
BRDA:243,12,1,0
BRDA:247,13,0,0
BRDA:247,13,1,0
BRDA:251,14,0,0
BRDA:251,14,1,0
BRDA:255,15,0,0
BRDA:255,15,1,0
BRDA:259,16,0,0
BRDA:259,16,1,0
BRDA:266,17,0,0
BRDA:266,17,1,0
BRDA:269,18,0,0
BRDA:269,18,1,0
BRDA:276,19,0,0
BRDA:276,19,1,0
BRDA:285,20,0,0
BRDA:285,20,1,0
BRDA:287,21,0,0
BRDA:287,21,1,0
BRF:46
BRH:4
end_of_record
TN:
SF:/var/www/app/src/Menu/MenuItem.jsx
FN:19,(anonymous_0)
FN:93,(anonymous_1)
FN:101,(anonymous_2)
FN:105,(anonymous_3)
FNF:4
FNH:1
FNDA:1,(anonymous_0)
FNDA:0,(anonymous_1)
FNDA:0,(anonymous_2)
FNDA:0,(anonymous_3)
DA:8,10
DA:21,1
DA:24,1
DA:36,1
DA:37,0
DA:39,1
DA:40,0
DA:42,1
DA:43,0
DA:45,1
DA:46,0
DA:49,1
DA:50,0
DA:55,1
DA:56,1
DA:57,1
DA:58,0
DA:63,1
DA:71,0
DA:72,0
DA:75,1
DA:94,0
DA:95,0
DA:96,0
DA:97,0
DA:102,0
DA:106,0
DA:113,10
DA:131,10
DA:140,10
LF:30
LH:16
BRDA:21,0,0,0
BRDA:21,0,1,1
BRDA:21,1,0,1
BRDA:21,1,1,0
BRDA:36,2,0,0
BRDA:36,2,1,1
BRDA:39,3,0,0
BRDA:39,3,1,1
BRDA:42,4,0,0
BRDA:42,4,1,1
BRDA:45,5,0,0
BRDA:45,5,1,1
BRDA:49,6,0,0
BRDA:49,6,1,1
BRDA:55,7,0,1
BRDA:55,7,1,1
BRDA:56,8,0,0
BRDA:56,8,1,1
BRDA:63,9,0,0
BRDA:63,9,1,1
BRDA:94,10,0,0
BRDA:94,10,1,0
BRDA:94,11,0,0
BRDA:94,11,1,0
BRDA:96,12,0,0
BRDA:96,12,1,0
BRDA:96,13,0,0
BRDA:96,13,1,0
BRDA:102,14,0,0
BRDA:102,14,1,0
BRDA:102,15,0,0
BRDA:102,15,1,0
BRDA:106,16,0,0
BRDA:106,16,1,0
BRDA:106,17,0,0
BRDA:106,17,1,0
BRF:36
BRH:11
end_of_record
TN:
SF:/var/www/app/src/Menu/NestedMenuItem.jsx
FN:24,(anonymous_0)
FN:33,(anonymous_1)
FN:37,(anonymous_2)
FN:41,(anonymous_3)
FN:68,(anonymous_4)
FN:72,(anonymous_5)
FN:79,(anonymous_6)
FN:83,(anonymous_7)
FN:87,(anonymous_8)
FN:91,(anonymous_9)
FN:95,(anonymous_10)
FN:100,(anonymous_11)
FN:105,(anonymous_12)
FN:125,(anonymous_13)
FN:129,(anonymous_14)
FNF:15
FNH:5
FNDA:1,(anonymous_0)
FNDA:0,(anonymous_1)
FNDA:0,(anonymous_2)
FNDA:1,(anonymous_3)
FNDA:0,(anonymous_4)
FNDA:0,(anonymous_5)
FNDA:0,(anonymous_6)
FNDA:0,(anonymous_7)
FNDA:0,(anonymous_8)
FNDA:0,(anonymous_9)
FNDA:0,(anonymous_10)
FNDA:0,(anonymous_11)
FNDA:1,(anonymous_12)
FNDA:1,(anonymous_13)
FNDA:3,(anonymous_14)
DA:26,1
DA:28,1
DA:34,0
DA:38,0
DA:42,1
DA:47,1
DA:69,0
DA:73,0
DA:74,0
DA:76,0
DA:80,0
DA:84,0
DA:88,0
DA:92,0
DA:96,0
DA:97,0
DA:101,0
DA:102,0
DA:106,1
DA:109,1
DA:112,1
DA:113,0
DA:115,1
DA:119,1
DA:122,1
DA:126,1
DA:128,1
DA:129,1
DA:130,3
DA:134,1
DA:138,1
DA:148,1
LF:32
LH:17
BRDA:80,0,0,0
BRDA:80,0,1,0
BRDA:88,1,0,0
BRDA:88,1,1,0
BRDA:96,2,0,0
BRDA:96,2,1,0
BRDA:101,3,0,0
BRDA:101,3,1,0
BRDA:109,4,0,0
BRDA:109,4,1,1
BRDA:112,5,0,0
BRDA:112,5,1,1
BRDA:119,6,0,1
BRDA:119,6,1,0
BRDA:128,7,0,1
BRDA:128,7,1,0
BRDA:130,8,0,1
BRDA:130,8,1,2
BRF:18
BRH:6
end_of_record
TN:
SF:/var/www/app/src/Menu/SubheaderMenuItem.jsx
FN:5,(anonymous_0)
FNF:1
FNH:1
FNDA:1,(anonymous_0)
DA:5,10
DA:6,1
DA:9,1
DA:14,10
LF:4
LH:4
BRDA:6,0,0,0
BRDA:6,0,1,1
BRDA:6,1,0,1
BRDA:6,1,1,0
BRF:4
BRH:2
end_of_record
TN:
SF:/var/www/app/src/Menu/index.js
FNF:0
FNH:0
LF:0
LH:0
BRF:0
BRH:0
end_of_record
TN:
SF:/var/www/app/src/Overlay/Overlay.js
FN:31,(anonymous_0)
FN:35,(anonymous_1)
FN:55,(anonymous_2)
FN:59,(anonymous_3)
FN:63,(anonymous_4)
FN:68,(anonymous_5)
FNF:6
FNH:1
FNDA:0,(anonymous_0)
FNDA:1,(anonymous_1)
FNDA:0,(anonymous_2)
FNDA:0,(anonymous_3)
FNDA:0,(anonymous_4)
FNDA:0,(anonymous_5)
DA:32,0
DA:38,1
DA:45,1
DA:46,1
DA:50,1
DA:56,0
DA:60,0
DA:64,0
DA:65,0
DA:69,0
DA:70,0
LF:11
LH:4
BRDA:32,0,0,0
BRDA:32,0,1,0
BRDA:32,1,0,0
BRDA:32,1,1,0
BRDA:38,2,0,0
BRDA:38,2,1,1
BRDA:38,3,0,1
BRDA:38,3,1,0
BRDA:56,4,0,0
BRDA:56,4,1,0
BRDA:60,5,0,0
BRDA:60,5,1,0
BRF:12
BRH:2
end_of_record
TN:
SF:/var/www/app/src/Overlay/index.js
FNF:0
FNH:0
LF:0
LH:0
BRF:0
BRH:0
end_of_record
TN:
SF:/var/www/app/src/Paper/Paper.js
FN:41,(anonymous_0)
FN:75,(anonymous_1)
FNF:2
FNH:1
FNDA:1,(anonymous_0)
FNDA:0,(anonymous_1)
DA:44,1
DA:47,1
DA:49,1
DA:50,0
DA:53,1
DA:55,1
DA:56,1
DA:59,1
DA:60,0
DA:64,1
DA:68,1
DA:76,0
LF:12
LH:9
BRDA:44,0,0,0
BRDA:44,0,1,1
BRDA:44,1,0,1
BRDA:44,1,1,0
BRDA:49,2,0,0
BRDA:49,2,1,1
BRDA:55,3,0,1
BRDA:55,3,1,0
BRDA:59,4,0,0
BRDA:59,4,1,1
BRF:10
BRH:5
end_of_record
TN:
SF:/var/www/app/src/Paper/index.js
FNF:0
FNH:0
LF:0
LH:0
BRF:0
BRH:0
end_of_record
TN:
SF:/var/www/app/src/Picker/DatePicker.js
FN:40,(anonymous_0)
FN:49,(anonymous_1)
FN:99,(anonymous_2)
FN:103,(anonymous_3)
FN:110,(anonymous_4)
FN:118,(anonymous_5)
FN:140,(anonymous_6)
FN:145,(anonymous_7)
FNF:8
FNH:2
FNDA:1,(anonymous_0)
FNDA:1,(anonymous_1)
FNDA:0,(anonymous_2)
FNDA:0,(anonymous_3)
FNDA:0,(anonymous_4)
FNDA:0,(anonymous_5)
FNDA:0,(anonymous_6)
FNDA:0,(anonymous_7)
DA:41,1
DA:43,1
DA:62,1
DA:63,1
DA:69,1
DA:70,0
DA:73,1
DA:76,1
DA:79,1
DA:80,1
DA:83,1
DA:100,0
DA:104,0
DA:107,0
DA:111,0
DA:112,0
DA:119,0
DA:120,0
DA:129,0
DA:130,0
DA:134,0
DA:137,0
DA:141,0
DA:142,0
DA:146,0
DA:155,0
DA:156,0
DA:159,0
LF:28
LH:10
BRDA:69,0,0,0
BRDA:69,0,1,1
BRDA:73,1,0,1
BRDA:73,1,1,0
BRDA:76,2,0,1
BRDA:76,2,1,0
BRDA:79,3,0,1
BRDA:79,3,1,0
BRDA:112,4,0,0
BRDA:112,4,1,0
BRDA:129,5,0,0
BRDA:129,5,1,0
BRDA:137,6,0,0
BRDA:137,6,1,0
BRDA:142,7,0,0
BRDA:142,7,1,0
BRDA:155,8,0,0
BRDA:155,8,1,0
BRDA:155,9,0,0
BRDA:155,9,1,0
BRDA:159,10,0,0
BRDA:159,10,1,0
BRF:22
BRH:4
end_of_record
TN:
SF:/var/www/app/src/Picker/RadioButton.js
FN:15,(anonymous_0)
FN:27,(anonymous_1)
FNF:2
FNH:1
FNDA:1,(anonymous_0)
FNDA:0,(anonymous_1)
DA:15,1
DA:16,1
DA:19,1
DA:27,0
DA:37,1
DA:58,1
DA:66,1
LF:7
LH:6
BRDA:16,0,0,0
BRDA:16,0,1,1
BRDA:16,1,0,1
BRDA:16,1,1,0
BRDA:27,2,0,0
BRDA:27,2,1,0
BRF:6
BRH:2
end_of_record
TN:
SF:/var/www/app/src/Picker/RadioPicker.js
FN:15,(anonymous_0)
FN:19,(anonymous_1)
FN:24,(anonymous_2)
FNF:3
FNH:1
FNDA:1,(anonymous_0)
FNDA:0,(anonymous_1)
FNDA:0,(anonymous_2)
DA:15,1
DA:16,1
DA:19,1
DA:20,0
DA:24,0
DA:29,1
DA:37,1
DA:50,1
DA:58,1
LF:9
LH:7
BRDA:16,0,0,0
BRDA:16,0,1,1
BRDA:16,1,0,1
BRDA:16,1,1,0
BRDA:20,2,0,0
BRDA:20,2,1,0
BRDA:24,3,0,0
BRDA:24,3,1,0
BRF:8
BRH:2
end_of_record
TN:
SF:/var/www/app/src/Picker/SelectButton.js
FN:20,(anonymous_0)
FN:33,(anonymous_1)
FN:42,(anonymous_2)
FN:51,(anonymous_3)
FN:99,(anonymous_4)
FN:115,(anonymous_5)
FN:132,(anonymous_6)
FN:156,(anonymous_7)
FNF:8
FNH:2
FNDA:1,(anonymous_0)
FNDA:0,(anonymous_1)
FNDA:0,(anonymous_2)
FNDA:1,(anonymous_3)
FNDA:0,(anonymous_4)
FNDA:0,(anonymous_5)
FNDA:0,(anonymous_6)
FNDA:0,(anonymous_7)
DA:21,1
DA:23,1
DA:34,0
DA:35,0
DA:43,0
DA:44,0
DA:54,1
DA:57,1
DA:61,1
DA:62,0
DA:64,1
DA:67,1
DA:100,0
DA:102,0
DA:103,0
DA:106,0
DA:116,0
DA:118,0
DA:133,0
DA:134,0
DA:137,0
DA:143,0
DA:144,0
DA:147,0
DA:157,0
DA:166,1
DA:189,1
DA:197,1
LF:28
LH:10
BRDA:26,0,0,1
BRDA:26,0,1,1
BRDA:34,1,0,0
BRDA:34,1,1,0
BRDA:43,2,0,0
BRDA:43,2,1,0
BRDA:54,3,0,0
BRDA:54,3,1,1
BRDA:54,4,0,1
BRDA:54,4,1,0
BRDA:57,5,0,0
BRDA:57,5,1,1
BRDA:61,6,0,0
BRDA:61,6,1,1
BRDA:61,7,0,1
BRDA:61,7,1,1
BRDA:102,8,0,0
BRDA:102,8,1,0
BRDA:102,9,0,0
BRDA:102,9,1,0
BRDA:106,10,0,0
BRDA:106,10,1,0
BRDA:133,11,0,0
BRDA:133,11,1,0
BRF:24
BRH:8
end_of_record
TN:
SF:/var/www/app/src/Picker/SelectField.js
FN:18,(anonymous_0)
FN:31,(anonymous_1)
FN:40,(anonymous_2)
FN:49,(anonymous_3)
FN:90,(anonymous_4)
FN:106,(anonymous_5)
FN:123,(anonymous_6)
FN:147,(anonymous_7)
FNF:8
FNH:2
FNDA:1,(anonymous_0)
FNDA:0,(anonymous_1)
FNDA:0,(anonymous_2)
FNDA:1,(anonymous_3)
FNDA:0,(anonymous_4)
FNDA:0,(anonymous_5)
FNDA:0,(anonymous_6)
FNDA:0,(anonymous_7)
DA:19,1
DA:21,1
DA:32,0
DA:33,0
DA:41,0
DA:42,0
DA:52,1
DA:55,1
DA:91,0
DA:93,0
DA:94,0
DA:97,0
DA:107,0
DA:109,0
DA:124,0
DA:125,0
DA:128,0
DA:134,0
DA:135,0
DA:138,0
DA:148,0
DA:157,1
DA:167,1
DA:174,1
LF:24
LH:7
BRDA:24,0,0,1
BRDA:24,0,1,1
BRDA:32,1,0,0
BRDA:32,1,1,0
BRDA:41,2,0,0
BRDA:41,2,1,0
BRDA:52,3,0,0
BRDA:52,3,1,1
BRDA:52,4,0,1
BRDA:52,4,1,0
BRDA:93,5,0,0
BRDA:93,5,1,0
BRDA:93,6,0,0
BRDA:93,6,1,0
BRDA:97,7,0,0
BRDA:97,7,1,0
BRDA:124,8,0,0
BRDA:124,8,1,0
BRDA:124,9,0,0
BRDA:124,9,1,0
BRF:20
BRH:4
end_of_record
TN:
SF:/var/www/app/src/Popover/Popover.jsx
FN:18,(anonymous_0)
FN:96,(anonymous_1)
FN:103,(anonymous_2)
FN:110,(anonymous_3)
FN:117,(anonymous_4)
FN:146,(anonymous_5)
FN:164,(anonymous_6)
FN:226,(anonymous_7)
FNF:8
FNH:2
FNDA:1,(anonymous_0)
FNDA:0,(anonymous_1)
FNDA:0,(anonymous_2)
FNDA:0,(anonymous_3)
FNDA:1,(anonymous_4)
FNDA:0,(anonymous_5)
FNDA:0,(anonymous_6)
FNDA:0,(anonymous_7)
DA:21,1
DA:97,0
DA:104,0
DA:111,0
DA:119,1
DA:122,1
DA:123,1
DA:124,0
DA:125,0
DA:126,0
DA:130,1
DA:131,0
DA:132,0
DA:136,0
DA:147,0
DA:148,0
DA:151,0
DA:155,0
DA:156,0
DA:165,0
DA:166,0
DA:169,0
DA:170,0
DA:172,0
DA:174,0
DA:177,0
DA:178,0
DA:179,0
DA:181,0
DA:182,0
DA:184,0
DA:185,0
DA:191,0
DA:200,0
DA:205,0
DA:206,0
DA:207,0
DA:208,0
DA:209,0
DA:212,0
DA:227,0
DA:233,0
DA:234,0
DA:235,0
DA:238,0
DA:241,0
DA:242,0
DA:246,0
DA:248,0
DA:251,0
DA:254,0
DA:258,0
DA:260,0
DA:263,0
DA:266,0
LF:55
LH:5
BRDA:119,0,0,0
BRDA:119,0,1,1
BRDA:119,1,0,1
BRDA:119,1,1,0
BRDA:123,2,0,0
BRDA:123,2,1,1
BRDA:125,3,0,0
BRDA:125,3,1,0
BRDA:130,4,0,0
BRDA:130,4,1,0
BRDA:131,5,0,0
BRDA:131,5,1,0
BRDA:151,6,0,0
BRDA:151,6,1,0
BRDA:151,7,0,0
BRDA:151,7,1,0
BRDA:151,7,2,0
BRDA:151,7,3,0
BRDA:151,7,4,0
BRDA:151,7,5,0
BRDA:155,8,0,0
BRDA:155,8,1,0
BRDA:165,9,0,0
BRDA:165,9,1,0
BRDA:178,10,0,0
BRDA:178,10,1,0
BRDA:181,11,0,0
BRDA:181,11,1,0
BRDA:184,12,0,0
BRDA:184,12,1,0
BRDA:234,13,0,0
BRDA:234,13,1,0
BRDA:238,14,0,0
BRDA:238,14,1,0
BRDA:246,15,0,0
BRDA:246,15,1,0
BRDA:258,16,0,0
BRDA:258,16,1,0
BRF:38
BRH:3
end_of_record
TN:
SF:/var/www/app/src/Popover/index.js
FNF:0
FNH:0
LF:0
LH:0
BRF:0
BRH:0
end_of_record
TN:
SF:/var/www/app/src/Progress/CircularProgress.jsx
FN:8,(anonymous_0)
FNF:1
FNH:1
FNDA:1,(anonymous_0)
DA:8,1
DA:9,1
DA:14,1
LF:3
LH:3
BRF:0
BRH:0
end_of_record
TN:
SF:/var/www/app/src/Progress/LinearProgress.jsx
FN:7,(anonymous_0)
FNF:1
FNH:1
FNDA:2,(anonymous_0)
DA:7,2
DA:8,2
DA:13,2
LF:3
LH:3
BRF:0
BRH:0
end_of_record
TN:
SF:/var/www/app/src/Progress/Progress.js
FN:31,(anonymous_0)
FN:37,(anonymous_1)
FN:43,(anonymous_2)
FN:54,(anonymous_3)
FN:62,(anonymous_4)
FN:72,(anonymous_5)
FNF:6
FNH:0
FNDA:0,(anonymous_0)
FNDA:0,(anonymous_1)
FNDA:0,(anonymous_2)
FNDA:0,(anonymous_3)
FNDA:0,(anonymous_4)
FNDA:0,(anonymous_5)
DA:32,0
DA:33,0
DA:34,0
DA:38,0
DA:39,0
DA:44,0
DA:45,0
DA:50,0
DA:55,0
DA:63,0
DA:64,0
DA:74,0
DA:77,0
DA:78,0
DA:83,0
LF:15
LH:0
BRDA:32,0,0,0
BRDA:32,0,1,0
BRDA:33,1,0,0
BRDA:33,1,1,0
BRDA:38,2,0,0
BRDA:38,2,1,0
BRDA:44,3,0,0
BRDA:44,3,1,0
BRDA:74,4,0,0
BRDA:74,4,1,0
BRDA:74,5,0,0
BRDA:74,5,1,0
BRDA:92,6,0,0
BRDA:92,6,1,0
BRF:14
BRH:0
end_of_record
TN:
SF:/var/www/app/src/Progress/index.js
FNF:0
FNH:0
LF:0
LH:0
BRF:0
BRH:0
end_of_record
TN:
SF:/var/www/app/src/Slider/Slider.jsx
FN:13,(anonymous_0)
FN:25,(anonymous_1)
FN:31,(anonymous_2)
FN:81,(anonymous_3)
FN:85,(anonymous_4)
FN:96,(anonymous_5)
FN:100,(anonymous_6)
FN:105,(anonymous_7)
FN:109,(anonymous_8)
FN:119,(anonymous_9)
FN:126,(anonymous_10)
FN:133,(anonymous_11)
FN:138,(anonymous_12)
FN:144,(anonymous_13)
FN:151,(anonymous_14)
FN:155,(anonymous_15)
FN:175,(anonymous_16)
FN:179,(anonymous_17)
FNF:18
FNH:5
FNDA:1,(anonymous_0)
FNDA:0,(anonymous_1)
FNDA:1,(anonymous_2)
FNDA:0,(anonymous_3)
FNDA:0,(anonymous_4)
FNDA:0,(anonymous_5)
FNDA:0,(anonymous_6)
FNDA:0,(anonymous_7)
FNDA:0,(anonymous_8)
FNDA:0,(anonymous_9)
FNDA:0,(anonymous_10)
FNDA:0,(anonymous_11)
FNDA:0,(anonymous_12)
FNDA:0,(anonymous_13)
FNDA:0,(anonymous_14)
FNDA:2,(anonymous_15)
FNDA:2,(anonymous_16)
FNDA:6,(anonymous_17)
DA:14,1
DA:15,1
DA:16,1
DA:17,1
DA:18,1
DA:19,1
DA:26,0
DA:27,0
DA:32,1
DA:36,1
DA:41,1
DA:42,1
DA:44,1
DA:82,0
DA:87,0
DA:88,0
DA:90,0
DA:97,0
DA:101,0
DA:102,0
DA:106,0
DA:111,0
DA:112,0
DA:113,0
DA:114,0
DA:115,0
DA:116,0
DA:120,0
DA:123,0
DA:127,0
DA:130,0
DA:134,0
DA:135,0
DA:139,0
DA:140,0
DA:141,0
DA:145,0
DA:146,0
DA:147,0
DA:148,0
DA:152,0
DA:156,2
DA:159,2
DA:162,2
DA:163,0
DA:165,2
DA:169,2
DA:172,2
DA:176,2
DA:178,2
DA:179,2
DA:180,6
DA:184,2
DA:188,1
DA:202,1
LF:55
LH:24
BRDA:16,0,0,1
BRDA:16,0,1,0
BRDA:18,1,0,0
BRDA:18,1,1,1
BRDA:26,2,0,0
BRDA:26,2,1,0
BRDA:42,3,0,0
BRDA:42,3,1,1
BRDA:42,4,0,0
BRDA:42,4,1,1
BRDA:53,5,0,0
BRDA:53,5,1,1
BRDA:88,6,0,0
BRDA:88,6,1,0
BRDA:111,7,0,0
BRDA:111,7,1,0
BRDA:111,8,0,0
BRDA:111,8,1,0
BRDA:123,9,0,0
BRDA:123,9,1,0
BRDA:130,10,0,0
BRDA:130,10,1,0
BRDA:134,11,0,0
BRDA:134,11,1,0
BRDA:135,12,0,0
BRDA:135,12,1,0
BRDA:140,13,0,0
BRDA:140,13,1,0
BRDA:140,14,0,0
BRDA:140,14,1,0
BRDA:145,15,0,0
BRDA:145,15,1,0
BRDA:148,16,0,0
BRDA:148,16,1,0
BRDA:159,17,0,0
BRDA:159,17,1,2
BRDA:162,18,0,0
BRDA:162,18,1,2
BRDA:169,19,0,2
BRDA:169,19,1,0
BRDA:178,20,0,2
BRDA:178,20,1,0
BRDA:180,21,0,3
BRDA:180,21,1,3
BRF:44
BRH:11
end_of_record
TN:
SF:/var/www/app/src/Snackbar/Snackbar.jsx
FN:33,(anonymous_0)
FN:42,(anonymous_1)
FN:48,(anonymous_2)
FN:54,(anonymous_3)
FN:59,(anonymous_4)
FN:68,(anonymous_5)
FN:72,(anonymous_6)
FN:99,(anonymous_7)
FN:103,(anonymous_8)
FNF:9
FNH:2
FNDA:1,(anonymous_0)
FNDA:0,(anonymous_1)
FNDA:0,(anonymous_2)
FNDA:0,(anonymous_3)
FNDA:0,(anonymous_4)
FNDA:0,(anonymous_5)
FNDA:1,(anonymous_6)
FNDA:0,(anonymous_7)
FNDA:0,(anonymous_8)
DA:35,1
DA:37,1
DA:44,0
DA:45,0
DA:46,0
DA:48,0
DA:49,0
DA:55,0
DA:56,0
DA:57,0
DA:59,0
DA:60,0
DA:69,0
DA:74,1
DA:77,1
DA:82,1
DA:83,1
DA:91,1
DA:100,0
DA:104,0
DA:106,0
DA:107,0
LF:22
LH:7
BRDA:38,0,0,1
BRDA:38,0,1,1
BRDA:44,1,0,0
BRDA:44,1,1,0
BRDA:44,2,0,0
BRDA:44,2,1,0
BRDA:45,3,0,0
BRDA:45,3,1,0
BRDA:55,4,0,0
BRDA:55,4,1,0
BRDA:56,5,0,0
BRDA:56,5,1,0
BRDA:69,6,0,0
BRDA:69,6,1,0
BRDA:74,7,0,0
BRDA:74,7,1,1
BRDA:74,8,0,1
BRDA:74,8,1,0
BRDA:82,9,0,1
BRDA:82,9,1,0
BRDA:106,10,0,0
BRDA:106,10,1,0
BRF:22
BRH:5
end_of_record
TN:
SF:/var/www/app/src/Snackbar/index.js
FNF:0
FNH:0
LF:0
LH:0
BRF:0
BRH:0
end_of_record
TN:
SF:/var/www/app/src/Tabs/Tab.js
FN:31,(anonymous_0)
FN:35,(anonymous_1)
FNF:2
FNH:1
FNDA:0,(anonymous_0)
FNDA:1,(anonymous_1)
DA:32,0
DA:37,1
DA:40,1
DA:44,1
DA:51,1
LF:5
LH:4
BRDA:37,0,0,0
BRDA:37,0,1,1
BRDA:37,1,0,1
BRDA:37,1,1,0
BRDA:47,2,0,1
BRDA:47,2,1,1
BRF:6
BRH:4
end_of_record
TN:
SF:/var/www/app/src/Tabs/Tabs.js
FN:35,(anonymous_0)
FN:49,(anonymous_1)
FN:58,(anonymous_2)
FN:62,(anonymous_3)
FN:85,(anonymous_4)
FN:95,(anonymous_5)
FN:115,(anonymous_6)
FNF:7
FNH:4
FNDA:1,(anonymous_0)
FNDA:0,(anonymous_1)
FNDA:1,(anonymous_2)
FNDA:0,(anonymous_3)
FNDA:0,(anonymous_4)
FNDA:1,(anonymous_5)
FNDA:1,(anonymous_6)
DA:37,1
DA:39,1
DA:40,1
DA:41,0
DA:44,1
DA:50,0
DA:59,1
DA:63,0
DA:64,0
DA:65,0
DA:69,0
DA:73,0
DA:86,0
DA:87,0
DA:90,0
DA:92,0
DA:98,1
DA:101,1
DA:102,1
DA:105,1
DA:106,1
DA:112,1
DA:114,1
DA:115,1
DA:116,1
DA:118,1
DA:119,1
DA:128,0
DA:129,0
DA:133,1
LF:30
LH:17
BRDA:40,0,0,0
BRDA:40,0,1,1
BRDA:40,1,0,1
BRDA:40,1,1,1
BRDA:63,2,0,0
BRDA:63,2,1,0
BRDA:64,3,0,0
BRDA:64,3,1,0
BRDA:86,4,0,0
BRDA:86,4,1,0
BRDA:86,5,0,0
BRDA:86,5,1,0
BRDA:92,6,0,0
BRDA:92,6,1,0
BRDA:98,7,0,0
BRDA:98,7,1,1
BRDA:98,8,0,1
BRDA:98,8,1,0
BRDA:105,9,0,1
BRDA:105,9,1,0
BRDA:106,10,0,1
BRDA:106,10,1,0
BRDA:116,11,0,1
BRDA:116,11,1,0
BRDA:118,12,0,1
BRDA:118,12,1,0
BRDA:128,13,0,0
BRDA:128,13,1,0
BRF:28
BRH:9
end_of_record
TN:
SF:/var/www/app/src/TextFieldRich/TextFieldRich.jsx
FN:15,(anonymous_0)
FN:24,(anonymous_1)
FN:40,(anonymous_2)
FN:46,(anonymous_3)
FN:50,(anonymous_4)
FN:61,(anonymous_5)
FN:79,(anonymous_6)
FN:103,(anonymous_7)
FN:114,(anonymous_8)
FN:131,(anonymous_9)
FN:142,(anonymous_10)
FN:152,(anonymous_11)
FN:166,(anonymous_12)
FN:181,(anonymous_13)
FN:212,(anonymous_14)
FN:224,(anonymous_15)
FN:235,(anonymous_16)
FN:249,(anonymous_17)
FN:278,(anonymous_18)
FN:291,(anonymous_19)
FN:300,(anonymous_20)
FN:343,(anonymous_21)
FN:348,(anonymous_22)
FN:353,(anonymous_23)
FN:368,(anonymous_24)
FN:373,(anonymous_25)
FN:378,(anonymous_26)
FN:399,(anonymous_27)
FNF:28
FNH:2
FNDA:1,(anonymous_0)
FNDA:0,(anonymous_1)
FNDA:0,(anonymous_2)
FNDA:0,(anonymous_3)
FNDA:1,(anonymous_4)
FNDA:0,(anonymous_5)
FNDA:0,(anonymous_6)
FNDA:0,(anonymous_7)
FNDA:0,(anonymous_8)
FNDA:0,(anonymous_9)
FNDA:0,(anonymous_10)
FNDA:0,(anonymous_11)
FNDA:0,(anonymous_12)
FNDA:0,(anonymous_13)
FNDA:0,(anonymous_14)
FNDA:0,(anonymous_15)
FNDA:0,(anonymous_16)
FNDA:0,(anonymous_17)
FNDA:0,(anonymous_18)
FNDA:0,(anonymous_19)
FNDA:0,(anonymous_20)
FNDA:0,(anonymous_21)
FNDA:0,(anonymous_22)
FNDA:0,(anonymous_23)
FNDA:0,(anonymous_24)
FNDA:0,(anonymous_25)
FNDA:0,(anonymous_26)
FNDA:0,(anonymous_27)
DA:6,1
DA:17,1
DA:19,1
DA:25,0
DA:26,0
DA:29,0
DA:30,0
DA:33,0
DA:40,0
DA:41,0
DA:42,0
DA:47,0
DA:51,1
DA:64,0
DA:65,0
DA:68,0
DA:69,0
DA:80,0
DA:81,0
DA:82,0
DA:84,0
DA:85,0
DA:86,0
DA:87,0
DA:88,0
DA:92,0
DA:104,0
DA:105,0
DA:115,0
DA:117,0
DA:118,0
DA:121,0
DA:132,0
DA:133,0
DA:134,0
DA:143,0
DA:153,0
DA:154,0
DA:155,0
DA:157,0
DA:167,0
DA:168,0
DA:170,0
DA:171,0
DA:172,0
DA:182,0
DA:183,0
DA:185,0
DA:186,0
DA:187,0
DA:188,0
DA:189,0
DA:190,0
DA:193,0
DA:194,0
DA:197,0
DA:198,0
DA:199,0
DA:200,0
DA:201,0
DA:213,0
DA:215,0
DA:225,0
DA:226,0
DA:236,0
DA:238,0
DA:239,0
DA:250,0
DA:252,0
DA:253,0
DA:256,0
DA:257,0
DA:261,0
DA:262,0
DA:266,0
DA:267,0
DA:279,0
DA:280,0
DA:281,0
DA:283,0
DA:292,0
DA:303,0
DA:304,0
DA:308,0
DA:309,0
DA:312,0
DA:313,0
DA:316,0
DA:318,0
DA:321,0
DA:322,0
DA:326,0
DA:327,0
DA:332,0
DA:333,0
DA:338,0
DA:340,0
DA:343,0
DA:344,0
DA:348,0
DA:349,0
DA:353,0
DA:354,0
DA:365,0
DA:368,0
DA:369,0
DA:373,0
DA:374,0
DA:378,0
DA:379,0
DA:391,0
DA:402,0
DA:403,0
DA:406,0
DA:407,0
DA:409,0
DA:410,0
DA:412,0
DA:413,0
DA:418,1
DA:430,1
LF:121
LH:6
BRDA:29,0,0,0
BRDA:29,0,1,0
BRDA:64,1,0,0
BRDA:64,1,1,0
BRDA:69,2,0,0
BRDA:69,2,1,0
BRDA:82,3,0,0
BRDA:82,3,1,0
BRDA:84,4,0,0
BRDA:84,4,1,0
BRDA:117,5,0,0
BRDA:117,5,1,0
BRDA:154,6,0,0
BRDA:154,6,1,0
BRDA:155,7,0,0
BRDA:155,7,1,0
BRDA:168,8,0,0
BRDA:168,8,1,0
BRDA:170,9,0,0
BRDA:170,9,1,0
BRDA:183,10,0,0
BRDA:183,10,1,0
BRDA:185,11,0,0
BRDA:185,11,1,0
BRDA:185,12,0,0
BRDA:185,12,1,0
BRDA:187,13,0,0
BRDA:187,13,1,0
BRDA:188,14,0,0
BRDA:188,14,1,0
BRDA:193,15,0,0
BRDA:193,15,1,0
BRDA:193,16,0,0
BRDA:193,16,1,0
BRDA:193,16,2,0
BRDA:198,17,0,0
BRDA:198,17,1,0
BRDA:215,18,0,0
BRDA:215,18,1,0
BRDA:226,19,0,0
BRDA:226,19,1,0
BRDA:238,20,0,0
BRDA:238,20,1,0
BRDA:252,21,0,0
BRDA:252,21,1,0
BRDA:256,22,0,0
BRDA:256,22,1,0
BRDA:256,23,0,0
BRDA:256,23,1,0
BRDA:261,24,0,0
BRDA:261,24,1,0
BRDA:266,25,0,0
BRDA:266,25,1,0
BRDA:280,26,0,0
BRDA:280,26,1,0
BRDA:292,27,0,0
BRDA:292,27,1,0
BRDA:303,28,0,0
BRDA:303,28,1,0
BRDA:309,29,0,0
BRDA:309,29,1,0
BRDA:312,30,0,0
BRDA:312,30,1,0
BRDA:316,31,0,0
BRDA:316,31,1,0
BRDA:321,32,0,0
BRDA:321,32,1,0
BRDA:321,33,0,0
BRDA:321,33,1,0
BRDA:326,34,0,0
BRDA:326,34,1,0
BRDA:326,35,0,0
BRDA:326,35,1,0
BRDA:332,36,0,0
BRDA:332,36,1,0
BRDA:332,37,0,0
BRDA:332,37,1,0
BRDA:338,38,0,0
BRDA:338,38,1,0
BRDA:340,39,0,0
BRDA:340,39,1,0
BRDA:365,40,0,0
BRDA:365,40,1,0
BRDA:402,41,0,0
BRDA:402,41,1,0
BRDA:407,42,0,0
BRDA:407,42,1,0
BRDA:409,43,0,0
BRDA:409,43,1,0
BRF:89
BRH:0
end_of_record
TN:
SF:/var/www/app/src/Toggle/Checkbox.js
FN:17,(anonymous_0)
FN:21,(anonymous_1)
FNF:2
FNH:1
FNDA:1,(anonymous_0)
FNDA:0,(anonymous_1)
DA:17,3
DA:18,1
DA:21,1
DA:22,0
DA:23,0
DA:24,0
DA:25,0
DA:29,1
DA:30,1
DA:31,1
DA:34,1
DA:35,1
DA:36,0
DA:39,1
DA:40,1
DA:41,0
DA:44,1
DA:58,3
DA:83,3
DA:91,3
LF:20
LH:14
BRDA:18,0,0,0
BRDA:18,0,1,1
BRDA:18,1,0,1
BRDA:18,1,1,0
BRDA:21,2,0,0
BRDA:21,2,1,1
BRDA:21,3,0,1
BRDA:21,3,1,0
BRDA:22,4,0,0
BRDA:22,4,1,0
BRDA:24,5,0,0
BRDA:24,5,1,0
BRDA:30,6,0,1
BRDA:30,6,1,0
BRDA:35,7,0,0
BRDA:35,7,1,1
BRDA:40,8,0,0
BRDA:40,8,1,1
BRF:18
BRH:7
end_of_record
TN:
SF:/var/www/app/src/Toggle/Switch.js
FN:16,(anonymous_0)
FN:20,(anonymous_1)
FNF:2
FNH:1
FNDA:1,(anonymous_0)
FNDA:0,(anonymous_1)
DA:16,11
DA:17,1
DA:20,1
DA:21,0
DA:22,0
DA:26,1
DA:27,1
DA:28,1
DA:31,1
DA:32,1
DA:33,0
DA:36,1
DA:37,1
DA:38,0
DA:41,1
DA:55,11
DA:75,11
DA:83,11
LF:18
LH:14
BRDA:17,0,0,0
BRDA:17,0,1,1
BRDA:17,1,0,1
BRDA:17,1,1,0
BRDA:20,2,0,0
BRDA:20,2,1,1
BRDA:20,3,0,1
BRDA:20,3,1,0
BRDA:21,4,0,0
BRDA:21,4,1,0
BRDA:27,5,0,1
BRDA:27,5,1,0
BRDA:32,6,0,0
BRDA:32,6,1,1
BRDA:37,7,0,0
BRDA:37,7,1,1
BRF:16
BRH:7
end_of_record
TN:
SF:/var/www/app/src/Toolbar/Toolbar.jsx
FN:30,(anonymous_0)
FN:68,(anonymous_1)
FN:78,(anonymous_2)
FN:95,(anonymous_3)
FN:107,(anonymous_4)
FN:162,(anonymous_5)
FN:175,(anonymous_6)
FN:214,(anonymous_7)
FN:228,(anonymous_8)
FN:252,(anonymous_9)
FNF:10
FNH:2
FNDA:1,(anonymous_0)
FNDA:0,(anonymous_1)
FNDA:0,(anonymous_2)
FNDA:1,(anonymous_3)
FNDA:0,(anonymous_4)
FNDA:0,(anonymous_5)
FNDA:0,(anonymous_6)
FNDA:0,(anonymous_7)
FNDA:0,(anonymous_8)
FNDA:0,(anonymous_9)
DA:18,4
DA:32,1
DA:34,1
DA:71,0
DA:73,0
DA:86,0
DA:87,0
DA:88,0
DA:91,0
DA:97,1
DA:104,1
DA:107,1
DA:108,0
DA:111,1
DA:112,1
DA:113,1
DA:119,1
DA:127,0
DA:128,0
DA:129,0
DA:130,0
DA:131,0
DA:134,0
DA:136,0
DA:138,0
DA:146,0
DA:147,0
DA:154,0
DA:159,0
DA:160,0
DA:162,0
DA:168,0
DA:172,0
DA:173,0
DA:175,0
DA:183,0
DA:188,0
DA:200,1
DA:217,0
DA:218,0
DA:229,0
DA:231,0
DA:237,0
DA:238,0
DA:241,0
DA:255,0
DA:258,0
DA:261,0
DA:262,0
DA:263,0
DA:266,0
DA:267,0
DA:271,0
DA:274,0
DA:275,0
DA:277,0
LF:56
LH:11
BRDA:86,0,0,0
BRDA:86,0,1,0
BRDA:97,1,0,0
BRDA:97,1,1,1
BRDA:97,2,0,1
BRDA:97,2,1,0
BRDA:112,3,0,1
BRDA:112,3,1,0
BRDA:119,4,0,0
BRDA:119,4,1,1
BRDA:119,5,0,1
BRDA:119,5,1,0
BRDA:136,6,0,0
BRDA:136,6,1,0
BRDA:146,7,0,0
BRDA:146,7,1,0
BRDA:159,8,0,0
BRDA:159,8,1,0
BRDA:172,9,0,0
BRDA:172,9,1,0
BRDA:229,10,0,0
BRDA:229,10,1,0
BRDA:237,11,0,0
BRDA:237,11,1,0
BRDA:237,12,0,0
BRDA:237,12,1,0
BRDA:255,13,0,0
BRDA:255,13,1,0
BRDA:266,14,0,0
BRDA:266,14,1,0
BRDA:271,15,0,0
BRDA:271,15,1,0
BRDA:271,16,0,0
BRDA:271,16,1,0
BRDA:271,16,2,0
BRDA:275,17,0,0
BRDA:275,17,1,0
BRF:37
BRH:5
end_of_record
TN:
SF:/var/www/app/src/Toolbar/ToolbarGroup.jsx
FN:16,(anonymous_0)
FN:35,(anonymous_1)
FNF:2
FNH:2
FNDA:1,(anonymous_0)
FNDA:1,(anonymous_1)
DA:18,1
DA:37,1
DA:40,1
DA:45,1
LF:4
LH:4
BRDA:37,0,0,0
BRDA:37,0,1,1
BRDA:37,1,0,1
BRDA:37,1,1,0
BRF:4
BRH:2
end_of_record
TN:
SF:/var/www/app/src/Tooltip/Tooltip.jsx
FN:7,(anonymous_0)
FN:11,(anonymous_1)
FN:15,(anonymous_2)
FN:35,(anonymous_3)
FN:50,(anonymous_4)
FN:70,(anonymous_5)
FN:74,(anonymous_6)
FNF:7
FNH:4
FNDA:0,(anonymous_0)
FNDA:0,(anonymous_1)
FNDA:1,(anonymous_2)
FNDA:0,(anonymous_3)
FNDA:1,(anonymous_4)
FNDA:1,(anonymous_5)
FNDA:4,(anonymous_6)
DA:8,0
DA:12,0
DA:20,1
DA:22,1
DA:27,1
DA:36,0
DA:37,0
DA:38,0
DA:39,0
DA:41,0
DA:42,0
DA:43,0
DA:45,0
DA:46,0
DA:51,1
DA:54,1
DA:57,1
DA:58,0
DA:60,1
DA:64,1
DA:67,1
DA:71,1
DA:73,1
DA:74,1
DA:75,4
DA:79,1
DA:83,1
LF:27
LH:15
BRDA:38,0,0,0
BRDA:38,0,1,0
BRDA:41,1,0,0
BRDA:41,1,1,0
BRDA:54,2,0,0
BRDA:54,2,1,1
BRDA:57,3,0,0
BRDA:57,3,1,1
BRDA:64,4,0,1
BRDA:64,4,1,0
BRDA:73,5,0,1
BRDA:73,5,1,0
BRDA:75,6,0,3
BRDA:75,6,1,1
BRF:14
BRH:6
end_of_record
TN:
SF:/var/www/app/src/icons/font/AccessTimeIcon.js
FN:14,(anonymous_0)
FNF:1
FNH:1
FNDA:1,(anonymous_0)
DA:14,1
DA:15,1
DA:18,1
DA:26,1
LF:4
LH:4
BRDA:15,0,0,0
BRDA:15,0,1,1
BRDA:15,1,0,1
BRDA:15,1,1,0
BRF:4
BRH:2
end_of_record
TN:
SF:/var/www/app/src/icons/font/AccessibilityIcon.js
FN:14,(anonymous_0)
FNF:1
FNH:1
FNDA:1,(anonymous_0)
DA:14,1
DA:15,1
DA:18,1
DA:26,1
LF:4
LH:4
BRDA:15,0,0,0
BRDA:15,0,1,1
BRDA:15,1,0,1
BRDA:15,1,1,0
BRF:4
BRH:2
end_of_record
TN:
SF:/var/www/app/src/icons/font/AccountIcon.js
FN:14,(anonymous_0)
FNF:1
FNH:1
FNDA:1,(anonymous_0)
DA:14,1
DA:15,1
DA:18,1
DA:26,1
LF:4
LH:4
BRDA:15,0,0,0
BRDA:15,0,1,1
BRDA:15,1,0,1
BRDA:15,1,1,0
BRF:4
BRH:2
end_of_record
TN:
SF:/var/www/app/src/icons/font/AddCircleIcon.js
FN:14,(anonymous_0)
FNF:1
FNH:1
FNDA:1,(anonymous_0)
DA:14,1
DA:15,1
DA:18,1
DA:26,1
LF:4
LH:4
BRDA:15,0,0,0
BRDA:15,0,1,1
BRDA:15,1,0,1
BRDA:15,1,1,0
BRF:4
BRH:2
end_of_record
TN:
SF:/var/www/app/src/icons/font/AddIcon.js
FN:14,(anonymous_0)
FNF:1
FNH:1
FNDA:1,(anonymous_0)
DA:14,1
DA:15,1
DA:18,1
DA:26,1
LF:4
LH:4
BRDA:15,0,0,0
BRDA:15,0,1,1
BRDA:15,1,0,1
BRDA:15,1,1,0
BRF:4
BRH:2
end_of_record
TN:
SF:/var/www/app/src/icons/font/AnnouncementIcon.js
FN:14,(anonymous_0)
FNF:1
FNH:1
FNDA:1,(anonymous_0)
DA:14,1
DA:15,1
DA:18,1
DA:26,1
LF:4
LH:4
BRDA:15,0,0,0
BRDA:15,0,1,1
BRDA:15,1,0,1
BRDA:15,1,1,0
BRF:4
BRH:2
end_of_record
TN:
SF:/var/www/app/src/icons/font/AppsIcon.js
FN:6,(anonymous_0)
FNF:1
FNH:1
FNDA:1,(anonymous_0)
DA:6,1
DA:7,1
DA:10,1
DA:18,1
LF:4
LH:4
BRDA:7,0,0,0
BRDA:7,0,1,1
BRDA:7,1,0,1
BRDA:7,1,1,0
BRF:4
BRH:2
end_of_record
TN:
SF:/var/www/app/src/icons/font/ArrowBackIcon.js
FN:6,(anonymous_0)
FNF:1
FNH:1
FNDA:1,(anonymous_0)
DA:6,1
DA:7,1
DA:10,1
DA:18,1
LF:4
LH:4
BRDA:7,0,0,0
BRDA:7,0,1,1
BRDA:7,1,0,1
BRDA:7,1,1,0
BRF:4
BRH:2
end_of_record
TN:
SF:/var/www/app/src/icons/font/ArrowDownIcon.js
FN:6,(anonymous_0)
FNF:1
FNH:1
FNDA:1,(anonymous_0)
DA:6,1
DA:7,1
DA:10,1
DA:18,1
LF:4
LH:4
BRDA:7,0,0,0
BRDA:7,0,1,1
BRDA:7,1,0,1
BRDA:7,1,1,0
BRF:4
BRH:2
end_of_record
TN:
SF:/var/www/app/src/icons/font/ArrowDropDownCircleIcon.js
FN:6,(anonymous_0)
FNF:1
FNH:1
FNDA:1,(anonymous_0)
DA:6,1
DA:7,1
DA:10,1
DA:18,1
LF:4
LH:4
BRDA:7,0,0,0
BRDA:7,0,1,1
BRDA:7,1,0,1
BRDA:7,1,1,0
BRF:4
BRH:2
end_of_record
TN:
SF:/var/www/app/src/icons/font/ArrowDropDownIcon.js
FN:6,(anonymous_0)
FNF:1
FNH:1
FNDA:1,(anonymous_0)
DA:6,1
DA:7,1
DA:10,1
DA:18,1
LF:4
LH:4
BRDA:7,0,0,0
BRDA:7,0,1,1
BRDA:7,1,0,1
BRDA:7,1,1,0
BRF:4
BRH:2
end_of_record
TN:
SF:/var/www/app/src/icons/font/ArrowDropUpIcon.js
FN:6,(anonymous_0)
FNF:1
FNH:1
FNDA:1,(anonymous_0)
DA:6,1
DA:7,1
DA:10,1
DA:18,1
LF:4
LH:4
BRDA:7,0,0,0
BRDA:7,0,1,1
BRDA:7,1,0,1
BRDA:7,1,1,0
BRF:4
BRH:2
end_of_record
TN:
SF:/var/www/app/src/icons/font/ArrowForwardIcon.js
FN:6,(anonymous_0)
FNF:1
FNH:1
FNDA:1,(anonymous_0)
DA:6,1
DA:7,1
DA:10,1
DA:18,1
LF:4
LH:4
BRDA:7,0,0,0
BRDA:7,0,1,1
BRDA:7,1,0,1
BRDA:7,1,1,0
BRF:4
BRH:2
end_of_record
TN:
SF:/var/www/app/src/icons/font/ArrowRightIcon.js
FN:6,(anonymous_0)
FNF:1
FNH:1
FNDA:1,(anonymous_0)
DA:6,1
DA:7,1
DA:10,1
DA:18,1
LF:4
LH:4
BRDA:7,0,0,0
BRDA:7,0,1,1
BRDA:7,1,0,1
BRDA:7,1,1,0
BRF:4
BRH:2
end_of_record
TN:
SF:/var/www/app/src/icons/font/ArrowUpIcon.js
FN:6,(anonymous_0)
FNF:1
FNH:1
FNDA:1,(anonymous_0)
DA:6,1
DA:7,1
DA:10,1
DA:18,1
LF:4
LH:4
BRDA:7,0,0,0
BRDA:7,0,1,1
BRDA:7,1,0,1
BRDA:7,1,1,0
BRF:4
BRH:2
end_of_record
TN:
SF:/var/www/app/src/icons/font/AttachFileIcon.js
FN:14,(anonymous_0)
FNF:1
FNH:1
FNDA:1,(anonymous_0)
DA:14,1
DA:15,1
DA:18,1
DA:26,1
LF:4
LH:4
BRDA:15,0,0,0
BRDA:15,0,1,1
BRDA:15,1,0,1
BRDA:15,1,1,0
BRF:4
BRH:2
end_of_record
TN:
SF:/var/www/app/src/icons/font/AttachmentIcon.js
FN:14,(anonymous_0)
FNF:1
FNH:1
FNDA:1,(anonymous_0)
DA:14,1
DA:15,1
DA:18,1
DA:26,1
LF:4
LH:4
BRDA:15,0,0,0
BRDA:15,0,1,1
BRDA:15,1,0,1
BRDA:15,1,1,0
BRF:4
BRH:2
end_of_record
TN:
SF:/var/www/app/src/icons/font/BoldIcon.js
FN:14,(anonymous_0)
FNF:1
FNH:1
FNDA:1,(anonymous_0)
DA:14,4
DA:15,1
DA:18,1
DA:26,4
LF:4
LH:4
BRDA:15,0,0,0
BRDA:15,0,1,1
BRDA:15,1,0,1
BRDA:15,1,1,0
BRF:4
BRH:2
end_of_record
TN:
SF:/var/www/app/src/icons/font/BorderColorIcon.js
FN:14,(anonymous_0)
FNF:1
FNH:1
FNDA:1,(anonymous_0)
DA:14,1
DA:15,1
DA:18,1
DA:26,1
LF:4
LH:4
BRDA:15,0,0,0
BRDA:15,0,1,1
BRDA:15,1,0,1
BRDA:15,1,1,0
BRF:4
BRH:2
end_of_record
TN:
SF:/var/www/app/src/icons/font/BuildIcon.js
FN:14,(anonymous_0)
FNF:1
FNH:1
FNDA:1,(anonymous_0)
DA:14,1
DA:15,1
DA:18,1
DA:26,1
LF:4
LH:4
BRDA:15,0,0,0
BRDA:15,0,1,1
BRDA:15,1,0,1
BRDA:15,1,1,0
BRF:4
BRH:2
end_of_record
TN:
SF:/var/www/app/src/icons/font/CancelIcon.js
FN:6,(anonymous_0)
FNF:1
FNH:1
FNDA:1,(anonymous_0)
DA:6,1
DA:7,1
DA:10,1
DA:18,1
LF:4
LH:4
BRDA:7,0,0,0
BRDA:7,0,1,1
BRDA:7,1,0,1
BRDA:7,1,1,0
BRF:4
BRH:2
end_of_record
TN:
SF:/var/www/app/src/icons/font/CheckCircleIcon.js
FN:14,(anonymous_0)
FNF:1
FNH:1
FNDA:1,(anonymous_0)
DA:14,1
DA:15,1
DA:18,1
DA:26,1
LF:4
LH:4
BRDA:15,0,0,0
BRDA:15,0,1,1
BRDA:15,1,0,1
BRDA:15,1,1,0
BRF:4
BRH:2
end_of_record
TN:
SF:/var/www/app/src/icons/font/CheckIcon.js
FN:6,(anonymous_0)
FNF:1
FNH:1
FNDA:1,(anonymous_0)
DA:6,1
DA:7,1
DA:10,1
DA:18,1
LF:4
LH:4
BRDA:7,0,0,0
BRDA:7,0,1,1
BRDA:7,1,0,1
BRDA:7,1,1,0
BRF:4
BRH:2
end_of_record
TN:
SF:/var/www/app/src/icons/font/ChevronLeftIcon.js
FN:6,(anonymous_0)
FNF:1
FNH:1
FNDA:1,(anonymous_0)
DA:6,5
DA:7,1
DA:10,1
DA:18,5
LF:4
LH:4
BRDA:7,0,0,0
BRDA:7,0,1,1
BRDA:7,1,0,1
BRDA:7,1,1,0
BRF:4
BRH:2
end_of_record
TN:
SF:/var/www/app/src/icons/font/ChevronRightIcon.js
FN:6,(anonymous_0)
FNF:1
FNH:1
FNDA:1,(anonymous_0)
DA:6,5
DA:7,1
DA:10,1
DA:18,5
LF:4
LH:4
BRDA:7,0,0,0
BRDA:7,0,1,1
BRDA:7,1,0,1
BRDA:7,1,1,0
BRF:4
BRH:2
end_of_record
TN:
SF:/var/www/app/src/icons/font/CloseIcon.js
FN:14,(anonymous_0)
FNF:1
FNH:1
FNDA:1,(anonymous_0)
DA:14,1
DA:15,1
DA:18,1
DA:26,1
LF:4
LH:4
BRDA:15,0,0,0
BRDA:15,0,1,1
BRDA:15,1,0,1
BRDA:15,1,1,0
BRF:4
BRH:2
end_of_record
TN:
SF:/var/www/app/src/icons/font/CodeIcon.js
FN:14,(anonymous_0)
FNF:1
FNH:1
FNDA:1,(anonymous_0)
DA:14,4
DA:15,1
DA:18,1
DA:26,4
LF:4
LH:4
BRDA:15,0,0,0
BRDA:15,0,1,1
BRDA:15,1,0,1
BRDA:15,1,1,0
BRF:4
BRH:2
end_of_record
TN:
SF:/var/www/app/src/icons/font/CommentIcon.js
FN:14,(anonymous_0)
FNF:1
FNH:1
FNDA:1,(anonymous_0)
DA:14,1
DA:15,1
DA:18,1
DA:26,1
LF:4
LH:4
BRDA:15,0,0,0
BRDA:15,0,1,1
BRDA:15,1,0,1
BRDA:15,1,1,0
BRF:4
BRH:2
end_of_record
TN:
SF:/var/www/app/src/icons/font/ContactsIcon.js
FN:14,(anonymous_0)
FNF:1
FNH:1
FNDA:1,(anonymous_0)
DA:14,1
DA:15,1
DA:18,1
DA:26,1
LF:4
LH:4
BRDA:15,0,0,0
BRDA:15,0,1,1
BRDA:15,1,0,1
BRDA:15,1,1,0
BRF:4
BRH:2
end_of_record
TN:
SF:/var/www/app/src/icons/font/ContentPaste.js
FN:14,(anonymous_0)
FNF:1
FNH:1
FNDA:1,(anonymous_0)
DA:14,1
DA:15,1
DA:18,1
DA:26,1
LF:4
LH:4
BRDA:15,0,0,0
BRDA:15,0,1,1
BRDA:15,1,0,1
BRDA:15,1,1,0
BRF:4
BRH:2
end_of_record
TN:
SF:/var/www/app/src/icons/font/CreateIcon.js
FN:14,(anonymous_0)
FNF:1
FNH:1
FNDA:1,(anonymous_0)
DA:14,1
DA:15,1
DA:18,1
DA:26,1
LF:4
LH:4
BRDA:15,0,0,0
BRDA:15,0,1,1
BRDA:15,1,0,1
BRDA:15,1,1,0
BRF:4
BRH:2
end_of_record
TN:
SF:/var/www/app/src/icons/font/DashboardIcon.js
FN:14,(anonymous_0)
FNF:1
FNH:1
FNDA:1,(anonymous_0)
DA:14,1
DA:15,1
DA:18,1
DA:26,1
LF:4
LH:4
BRDA:15,0,0,0
BRDA:15,0,1,1
BRDA:15,1,0,1
BRDA:15,1,1,0
BRF:4
BRH:2
end_of_record
TN:
SF:/var/www/app/src/icons/font/DateRangeIcon.js
FN:14,(anonymous_0)
FNF:1
FNH:1
FNDA:1,(anonymous_0)
DA:14,1
DA:15,1
DA:18,1
DA:26,1
LF:4
LH:4
BRDA:15,0,0,0
BRDA:15,0,1,1
BRDA:15,1,0,1
BRDA:15,1,1,0
BRF:4
BRH:2
end_of_record
TN:
SF:/var/www/app/src/icons/font/DeleteIcon.js
FN:14,(anonymous_0)
FNF:1
FNH:1
FNDA:1,(anonymous_0)
DA:14,1
DA:15,1
DA:18,1
DA:26,1
LF:4
LH:4
BRDA:15,0,0,0
BRDA:15,0,1,1
BRDA:15,1,0,1
BRDA:15,1,1,0
BRF:4
BRH:2
end_of_record
TN:
SF:/var/www/app/src/icons/font/EditIcon.js
FN:14,(anonymous_0)
FNF:1
FNH:1
FNDA:1,(anonymous_0)
DA:14,1
DA:15,1
DA:18,1
DA:26,1
LF:4
LH:4
BRDA:15,0,0,0
BRDA:15,0,1,1
BRDA:15,1,0,1
BRDA:15,1,1,0
BRF:4
BRH:2
end_of_record
TN:
SF:/var/www/app/src/icons/font/EmailIcon.js
FN:14,(anonymous_0)
FNF:1
FNH:1
FNDA:1,(anonymous_0)
DA:14,1
DA:15,1
DA:18,1
DA:26,1
LF:4
LH:4
BRDA:15,0,0,0
BRDA:15,0,1,1
BRDA:15,1,0,1
BRDA:15,1,1,0
BRF:4
BRH:2
end_of_record
TN:
SF:/var/www/app/src/icons/font/ExpandLessIcon.js
FN:6,(anonymous_0)
FNF:1
FNH:1
FNDA:1,(anonymous_0)
DA:6,1
DA:7,1
DA:10,1
DA:18,1
LF:4
LH:4
BRDA:7,0,0,0
BRDA:7,0,1,1
BRDA:7,1,0,1
BRDA:7,1,1,0
BRF:4
BRH:2
end_of_record
TN:
SF:/var/www/app/src/icons/font/ExpandMoreIcon.js
FN:6,(anonymous_0)
FNF:1
FNH:1
FNDA:1,(anonymous_0)
DA:6,1
DA:7,1
DA:10,1
DA:18,1
LF:4
LH:4
BRDA:7,0,0,0
BRDA:7,0,1,1
BRDA:7,1,0,1
BRDA:7,1,1,0
BRF:4
BRH:2
end_of_record
TN:
SF:/var/www/app/src/icons/font/FilterListIcon.js
FN:14,(anonymous_0)
FNF:1
FNH:1
FNDA:1,(anonymous_0)
DA:14,1
DA:15,1
DA:18,1
DA:26,1
LF:4
LH:4
BRDA:15,0,0,0
BRDA:15,0,1,1
BRDA:15,1,0,1
BRDA:15,1,1,0
BRF:4
BRH:2
end_of_record
TN:
SF:/var/www/app/src/icons/font/FindPageIcon.js
FN:14,(anonymous_0)
FNF:1
FNH:1
FNDA:1,(anonymous_0)
DA:14,1
DA:15,1
DA:18,1
DA:26,1
LF:4
LH:4
BRDA:15,0,0,0
BRDA:15,0,1,1
BRDA:15,1,0,1
BRDA:15,1,1,0
BRF:4
BRH:2
end_of_record
TN:
SF:/var/www/app/src/icons/font/FirstPageIcon.js
FN:6,(anonymous_0)
FNF:1
FNH:1
FNDA:1,(anonymous_0)
DA:6,1
DA:7,1
DA:10,1
DA:18,1
LF:4
LH:4
BRDA:7,0,0,0
BRDA:7,0,1,1
BRDA:7,1,0,1
BRDA:7,1,1,0
BRF:4
BRH:2
end_of_record
TN:
SF:/var/www/app/src/icons/font/FlagIcon.js
FN:14,(anonymous_0)
FNF:1
FNH:1
FNDA:1,(anonymous_0)
DA:14,1
DA:15,1
DA:18,1
DA:26,1
LF:4
LH:4
BRDA:15,0,0,0
BRDA:15,0,1,1
BRDA:15,1,0,1
BRDA:15,1,1,0
BRF:4
BRH:2
end_of_record
TN:
SF:/var/www/app/src/icons/font/FullScreenExitIcon.js
FN:6,(anonymous_0)
FNF:1
FNH:1
FNDA:1,(anonymous_0)
DA:6,1
DA:7,1
DA:10,1
DA:18,1
LF:4
LH:4
BRDA:7,0,0,0
BRDA:7,0,1,1
BRDA:7,1,0,1
BRDA:7,1,1,0
BRF:4
BRH:2
end_of_record
TN:
SF:/var/www/app/src/icons/font/FullScreenIcon.js
FN:6,(anonymous_0)
FNF:1
FNH:1
FNDA:1,(anonymous_0)
DA:6,1
DA:7,1
DA:10,1
DA:18,1
LF:4
LH:4
BRDA:7,0,0,0
BRDA:7,0,1,1
BRDA:7,1,0,1
BRDA:7,1,1,0
BRF:4
BRH:2
end_of_record
TN:
SF:/var/www/app/src/icons/font/GroupIcon.js
FN:14,(anonymous_0)
FNF:1
FNH:1
FNDA:1,(anonymous_0)
DA:14,1
DA:15,1
DA:18,1
DA:26,1
LF:4
LH:4
BRDA:15,0,0,0
BRDA:15,0,1,1
BRDA:15,1,0,1
BRDA:15,1,1,0
BRF:4
BRH:2
end_of_record
TN:
SF:/var/www/app/src/icons/font/InboxIcon.js
FN:14,(anonymous_0)
FNF:1
FNH:1
FNDA:1,(anonymous_0)
DA:14,1
DA:15,1
DA:18,1
DA:26,1
LF:4
LH:4
BRDA:15,0,0,0
BRDA:15,0,1,1
BRDA:15,1,0,1
BRDA:15,1,1,0
BRF:4
BRH:2
end_of_record
TN:
SF:/var/www/app/src/icons/font/ItalicIcon.js
FN:14,(anonymous_0)
FNF:1
FNH:1
FNDA:1,(anonymous_0)
DA:14,4
DA:15,1
DA:18,1
DA:26,4
LF:4
LH:4
BRDA:15,0,0,0
BRDA:15,0,1,1
BRDA:15,1,0,1
BRDA:15,1,1,0
BRF:4
BRH:2
end_of_record
TN:
SF:/var/www/app/src/icons/font/LabelIcon.js
FN:14,(anonymous_0)
FNF:1
FNH:1
FNDA:1,(anonymous_0)
DA:14,1
DA:15,1
DA:18,1
DA:26,1
LF:4
LH:4
BRDA:15,0,0,0
BRDA:15,0,1,1
BRDA:15,1,0,1
BRDA:15,1,1,0
BRF:4
BRH:2
end_of_record
TN:
SF:/var/www/app/src/icons/font/LastPageIcon.js
FN:6,(anonymous_0)
FNF:1
FNH:1
FNDA:1,(anonymous_0)
DA:6,1
DA:7,1
DA:10,1
DA:18,1
LF:4
LH:4
BRDA:7,0,0,0
BRDA:7,0,1,1
BRDA:7,1,0,1
BRDA:7,1,1,0
BRF:4
BRH:2
end_of_record
TN:
SF:/var/www/app/src/icons/font/LibraryBooksIcon.js
FN:14,(anonymous_0)
FNF:1
FNH:1
FNDA:1,(anonymous_0)
DA:14,1
DA:15,1
DA:18,1
DA:26,1
LF:4
LH:4
BRDA:15,0,0,0
BRDA:15,0,1,1
BRDA:15,1,0,1
BRDA:15,1,1,0
BRF:4
BRH:2
end_of_record
TN:
SF:/var/www/app/src/icons/font/LinkIcon.js
FN:14,(anonymous_0)
FNF:1
FNH:1
FNDA:1,(anonymous_0)
DA:14,1
DA:15,1
DA:18,1
DA:26,1
LF:4
LH:4
BRDA:15,0,0,0
BRDA:15,0,1,1
BRDA:15,1,0,1
BRDA:15,1,1,0
BRF:4
BRH:2
end_of_record
TN:
SF:/var/www/app/src/icons/font/ListBulletedIcon.js
FN:14,(anonymous_0)
FNF:1
FNH:1
FNDA:1,(anonymous_0)
DA:14,4
DA:15,1
DA:18,1
DA:26,4
LF:4
LH:4
BRDA:15,0,0,0
BRDA:15,0,1,1
BRDA:15,1,0,1
BRDA:15,1,1,0
BRF:4
BRH:2
end_of_record
TN:
SF:/var/www/app/src/icons/font/ListNumberedIcon.js
FN:14,(anonymous_0)
FNF:1
FNH:1
FNDA:1,(anonymous_0)
DA:14,4
DA:15,1
DA:18,1
DA:26,4
LF:4
LH:4
BRDA:15,0,0,0
BRDA:15,0,1,1
BRDA:15,1,0,1
BRDA:15,1,1,0
BRF:4
BRH:2
end_of_record
TN:
SF:/var/www/app/src/icons/font/LocalOfferIcon.js
FN:14,(anonymous_0)
FNF:1
FNH:1
FNDA:1,(anonymous_0)
DA:14,1
DA:15,1
DA:18,1
DA:26,1
LF:4
LH:4
BRDA:15,0,0,0
BRDA:15,0,1,1
BRDA:15,1,0,1
BRDA:15,1,1,0
BRF:4
BRH:2
end_of_record
TN:
SF:/var/www/app/src/icons/font/MenuIcon.js
FN:6,(anonymous_0)
FNF:1
FNH:1
FNDA:1,(anonymous_0)
DA:6,1
DA:7,1
DA:10,1
DA:18,1
LF:4
LH:4
BRDA:7,0,0,0
BRDA:7,0,1,1
BRDA:7,1,0,1
BRDA:7,1,1,0
BRF:4
BRH:2
end_of_record
TN:
SF:/var/www/app/src/icons/font/MergeIcon.js
FN:14,(anonymous_0)
FNF:1
FNH:1
FNDA:1,(anonymous_0)
DA:14,1
DA:15,1
DA:18,1
DA:26,1
LF:4
LH:4
BRDA:15,0,0,0
BRDA:15,0,1,1
BRDA:15,1,0,1
BRDA:15,1,1,0
BRF:4
BRH:2
end_of_record
TN:
SF:/var/www/app/src/icons/font/MoreHorizIcon.js
FN:6,(anonymous_0)
FNF:1
FNH:1
FNDA:1,(anonymous_0)
DA:6,1
DA:7,1
DA:10,1
DA:18,1
LF:4
LH:4
BRDA:7,0,0,0
BRDA:7,0,1,1
BRDA:7,1,0,1
BRDA:7,1,1,0
BRF:4
BRH:2
end_of_record
TN:
SF:/var/www/app/src/icons/font/MoreVertIcon.js
FN:6,(anonymous_0)
FNF:1
FNH:1
FNDA:1,(anonymous_0)
DA:6,1
DA:7,1
DA:10,1
DA:18,1
LF:4
LH:4
BRDA:7,0,0,0
BRDA:7,0,1,1
BRDA:7,1,0,1
BRDA:7,1,1,0
BRF:4
BRH:2
end_of_record
TN:
SF:/var/www/app/src/icons/font/NoteIcon.js
FN:14,(anonymous_0)
FNF:1
FNH:1
FNDA:1,(anonymous_0)
DA:14,1
DA:15,1
DA:18,1
DA:26,1
LF:4
LH:4
BRDA:15,0,0,0
BRDA:15,0,1,1
BRDA:15,1,0,1
BRDA:15,1,1,0
BRF:4
BRH:2
end_of_record
TN:
SF:/var/www/app/src/icons/font/PersonAddIcon.js
FN:14,(anonymous_0)
FNF:1
FNH:1
FNDA:1,(anonymous_0)
DA:14,1
DA:15,1
DA:18,1
DA:26,1
LF:4
LH:4
BRDA:15,0,0,0
BRDA:15,0,1,1
BRDA:15,1,0,1
BRDA:15,1,1,0
BRF:4
BRH:2
end_of_record
TN:
SF:/var/www/app/src/icons/font/PhotoCameraIcon.js
FN:14,(anonymous_0)
FNF:1
FNH:1
FNDA:1,(anonymous_0)
DA:14,1
DA:15,1
DA:18,1
DA:26,1
LF:4
LH:4
BRDA:15,0,0,0
BRDA:15,0,1,1
BRDA:15,1,0,1
BRDA:15,1,1,0
BRF:4
BRH:2
end_of_record
TN:
SF:/var/www/app/src/icons/font/PhotoIcon.js
FN:14,(anonymous_0)
FNF:1
FNH:1
FNDA:1,(anonymous_0)
DA:14,1
DA:15,1
DA:18,1
DA:26,1
LF:4
LH:4
BRDA:15,0,0,0
BRDA:15,0,1,1
BRDA:15,1,0,1
BRDA:15,1,1,0
BRF:4
BRH:2
end_of_record
TN:
SF:/var/www/app/src/icons/font/PrintIcon.js
FN:14,(anonymous_0)
FNF:1
FNH:1
FNDA:1,(anonymous_0)
DA:14,1
DA:15,1
DA:18,1
DA:26,1
LF:4
LH:4
BRDA:15,0,0,0
BRDA:15,0,1,1
BRDA:15,1,0,1
BRDA:15,1,1,0
BRF:4
BRH:2
end_of_record
TN:
SF:/var/www/app/src/icons/font/RefreshIcon.js
FN:6,(anonymous_0)
FNF:1
FNH:1
FNDA:1,(anonymous_0)
DA:6,1
DA:7,1
DA:10,1
DA:18,1
LF:4
LH:4
BRDA:7,0,0,0
BRDA:7,0,1,1
BRDA:7,1,0,1
BRDA:7,1,1,0
BRF:4
BRH:2
end_of_record
TN:
SF:/var/www/app/src/icons/font/SaveIcon.js
FN:14,(anonymous_0)
FNF:1
FNH:1
FNDA:1,(anonymous_0)
DA:14,1
DA:15,1
DA:18,1
DA:26,1
LF:4
LH:4
BRDA:15,0,0,0
BRDA:15,0,1,1
BRDA:15,1,0,1
BRDA:15,1,1,0
BRF:4
BRH:2
end_of_record
TN:
SF:/var/www/app/src/icons/font/SearchIcon.js
FN:14,(anonymous_0)
FNF:1
FNH:1
FNDA:1,(anonymous_0)
DA:14,1
DA:15,1
DA:18,1
DA:26,1
LF:4
LH:4
BRDA:15,0,0,0
BRDA:15,0,1,1
BRDA:15,1,0,1
BRDA:15,1,1,0
BRF:4
BRH:2
end_of_record
TN:
SF:/var/www/app/src/icons/font/SendIcon.js
FN:14,(anonymous_0)
FNF:1
FNH:1
FNDA:1,(anonymous_0)
DA:14,1
DA:15,1
DA:18,1
DA:26,1
LF:4
LH:4
BRDA:15,0,0,0
BRDA:15,0,1,1
BRDA:15,1,0,1
BRDA:15,1,1,0
BRF:4
BRH:2
end_of_record
TN:
SF:/var/www/app/src/icons/font/SettingsApplication.js
FN:14,(anonymous_0)
FNF:1
FNH:1
FNDA:1,(anonymous_0)
DA:14,1
DA:15,1
DA:18,1
DA:26,1
LF:4
LH:4
BRDA:15,0,0,0
BRDA:15,0,1,1
BRDA:15,1,0,1
BRDA:15,1,1,0
BRF:4
BRH:2
end_of_record
TN:
SF:/var/www/app/src/icons/font/SettingsIcon.js
FN:14,(anonymous_0)
FNF:1
FNH:1
FNDA:1,(anonymous_0)
DA:14,1
DA:15,1
DA:18,1
DA:26,1
LF:4
LH:4
BRDA:15,0,0,0
BRDA:15,0,1,1
BRDA:15,1,0,1
BRDA:15,1,1,0
BRF:4
BRH:2
end_of_record
TN:
SF:/var/www/app/src/icons/font/ShuffleIcon.js
FN:14,(anonymous_0)
FNF:1
FNH:1
FNDA:1,(anonymous_0)
DA:14,1
DA:15,1
DA:18,1
DA:26,1
LF:4
LH:4
BRDA:15,0,0,0
BRDA:15,0,1,1
BRDA:15,1,0,1
BRDA:15,1,1,0
BRF:4
BRH:2
end_of_record
TN:
SF:/var/www/app/src/icons/font/StreetViewIcon.js
FN:14,(anonymous_0)
FNF:1
FNH:1
FNDA:1,(anonymous_0)
DA:14,1
DA:15,1
DA:18,1
DA:26,1
LF:4
LH:4
BRDA:15,0,0,0
BRDA:15,0,1,1
BRDA:15,1,0,1
BRDA:15,1,1,0
BRF:4
BRH:2
end_of_record
TN:
SF:/var/www/app/src/icons/font/StyleIcon.js
FN:14,(anonymous_0)
FNF:1
FNH:1
FNDA:1,(anonymous_0)
DA:14,1
DA:15,1
DA:18,1
DA:26,1
LF:4
LH:4
BRDA:15,0,0,0
BRDA:15,0,1,1
BRDA:15,1,0,1
BRDA:15,1,1,0
BRF:4
BRH:2
end_of_record
TN:
SF:/var/www/app/src/icons/font/SubArrowLeftIcon.js
FN:6,(anonymous_0)
FNF:1
FNH:1
FNDA:1,(anonymous_0)
DA:6,1
DA:7,1
DA:10,1
DA:18,1
LF:4
LH:4
BRDA:7,0,0,0
BRDA:7,0,1,1
BRDA:7,1,0,1
BRDA:7,1,1,0
BRF:4
BRH:2
end_of_record
TN:
SF:/var/www/app/src/icons/font/SubArrowRightIcon.js
FN:6,(anonymous_0)
FNF:1
FNH:1
FNDA:1,(anonymous_0)
DA:6,1
DA:7,1
DA:10,1
DA:18,1
LF:4
LH:4
BRDA:7,0,0,0
BRDA:7,0,1,1
BRDA:7,1,0,1
BRDA:7,1,1,0
BRF:4
BRH:2
end_of_record
TN:
SF:/var/www/app/src/icons/font/SwapHorizIcon.js
FN:14,(anonymous_0)
FNF:1
FNH:1
FNDA:1,(anonymous_0)
DA:14,1
DA:15,1
DA:18,1
DA:26,1
LF:4
LH:4
BRDA:15,0,0,0
BRDA:15,0,1,1
BRDA:15,1,0,1
BRDA:15,1,1,0
BRF:4
BRH:2
end_of_record
TN:
SF:/var/www/app/src/icons/font/TitleIcon.js
FN:14,(anonymous_0)
FNF:1
FNH:1
FNDA:1,(anonymous_0)
DA:14,4
DA:15,1
DA:18,1
DA:20,1
DA:21,1
DA:22,0
DA:23,0
DA:26,1
DA:37,4
LF:9
LH:7
BRDA:15,0,0,0
BRDA:15,0,1,1
BRDA:15,1,0,1
BRDA:15,1,1,0
BRDA:21,2,0,0
BRDA:21,2,1,1
BRF:6
BRH:3
end_of_record
TN:
SF:/var/www/app/src/icons/font/TransformIcon.js
FN:14,(anonymous_0)
FNF:1
FNH:1
FNDA:1,(anonymous_0)
DA:14,1
DA:15,1
DA:18,1
DA:26,1
LF:4
LH:4
BRDA:15,0,0,0
BRDA:15,0,1,1
BRDA:15,1,0,1
BRDA:15,1,1,0
BRF:4
BRH:2
end_of_record
TN:
SF:/var/www/app/src/icons/font/UnderlinedIcon.js
FN:14,(anonymous_0)
FNF:1
FNH:1
FNDA:1,(anonymous_0)
DA:14,4
DA:15,1
DA:18,1
DA:26,4
LF:4
LH:4
BRDA:15,0,0,0
BRDA:15,0,1,1
BRDA:15,1,0,1
BRDA:15,1,1,0
BRF:4
BRH:2
end_of_record
TN:
SF:/var/www/app/src/icons/font/ViewListIcon.js
FN:14,(anonymous_0)
FNF:1
FNH:1
FNDA:1,(anonymous_0)
DA:14,1
DA:15,1
DA:18,1
DA:26,1
LF:4
LH:4
BRDA:15,0,0,0
BRDA:15,0,1,1
BRDA:15,1,0,1
BRDA:15,1,1,0
BRF:4
BRH:2
end_of_record
TN:
SF:/var/www/app/src/icons/font/WebIcon.js
FN:14,(anonymous_0)
FNF:1
FNH:1
FNDA:1,(anonymous_0)
DA:14,4
DA:15,1
DA:18,1
DA:26,4
LF:4
LH:4
BRDA:15,0,0,0
BRDA:15,0,1,1
BRDA:15,1,0,1
BRDA:15,1,1,0
BRF:4
BRH:2
end_of_record
TN:
SF:/var/www/app/src/icons/font/WorkIcon.js
FN:14,(anonymous_0)
FNF:1
FNH:1
FNDA:1,(anonymous_0)
DA:14,1
DA:15,1
DA:18,1
DA:26,1
LF:4
LH:4
BRDA:15,0,0,0
BRDA:15,0,1,1
BRDA:15,1,0,1
BRDA:15,1,1,0
BRF:4
BRH:2
end_of_record
TN:
SF:/var/www/app/src/ripples/CircleRipple.jsx
FN:25,(anonymous_0)
FNF:1
FNH:1
FNDA:1,(anonymous_0)
DA:27,1
DA:30,1
DA:35,1
DA:39,1
LF:4
LH:4
BRDA:27,0,0,0
BRDA:27,0,1,1
BRDA:27,1,0,1
BRDA:27,1,1,0
BRF:4
BRH:2
end_of_record
TN:
SF:/var/www/app/src/ripples/FocusRipple.jsx
FN:14,(anonymous_0)
FN:19,(anonymous_1)
FN:23,(anonymous_2)
FN:41,(anonymous_3)
FNF:4
FNH:2
FNDA:1,(anonymous_0)
FNDA:0,(anonymous_1)
FNDA:1,(anonymous_2)
FNDA:0,(anonymous_3)
DA:16,1
DA:20,0
DA:24,1
DA:27,1
DA:31,1
DA:42,0
DA:43,0
DA:44,0
DA:45,0
DA:47,0
DA:48,0
DA:56,34
DA:63,34
DA:70,34
LF:14
LH:7
BRDA:24,0,0,0
BRDA:24,0,1,1
BRDA:24,1,0,1
BRDA:24,1,1,0
BRF:4
BRH:2
end_of_record
TN:
SF:/var/www/app/src/ripples/TouchRipple.jsx
FN:9,(anonymous_0)
FN:45,(anonymous_1)
FN:72,(anonymous_2)
FN:80,(anonymous_3)
FN:90,(anonymous_4)
FN:115,(anonymous_5)
FN:162,(anonymous_6)
FN:185,(anonymous_7)
FN:196,(anonymous_8)
FN:203,(anonymous_9)
FN:207,(anonymous_10)
FN:211,(anonymous_11)
FN:226,(anonymous_12)
FN:231,(anonymous_13)
FN:253,(anonymous_14)
FN:261,(anonymous_15)
FN:270,(anonymous_16)
FN:274,(anonymous_17)
FN:306,(anonymous_18)
FN:321,(anonymous_19)
FN:325,(anonymous_20)
FN:326,(anonymous_21)
FNF:22
FNH:4
FNDA:0,(anonymous_0)
FNDA:1,(anonymous_1)
FNDA:0,(anonymous_2)
FNDA:0,(anonymous_3)
FNDA:1,(anonymous_4)
FNDA:0,(anonymous_5)
FNDA:0,(anonymous_6)
FNDA:0,(anonymous_7)
FNDA:0,(anonymous_8)
FNDA:0,(anonymous_9)
FNDA:0,(anonymous_10)
FNDA:0,(anonymous_11)
FNDA:0,(anonymous_12)
FNDA:0,(anonymous_13)
FNDA:0,(anonymous_14)
FNDA:0,(anonymous_15)
FNDA:0,(anonymous_16)
FNDA:0,(anonymous_17)
FNDA:0,(anonymous_18)
FNDA:0,(anonymous_19)
FNDA:1,(anonymous_20)
FNDA:1,(anonymous_21)
DA:9,35
DA:47,1
DA:53,1
DA:58,1
DA:60,1
DA:74,0
DA:82,0
DA:91,1
DA:94,1
DA:117,0
DA:118,0
DA:119,0
DA:122,0
DA:123,0
DA:124,0
DA:128,0
DA:129,0
DA:130,0
DA:131,0
DA:132,0
DA:133,0
DA:138,0
DA:145,0
DA:149,0
DA:150,0
DA:163,0
DA:168,0
DA:169,0
DA:170,0
DA:171,0
DA:172,0
DA:173,0
DA:178,0
DA:180,0
DA:185,0
DA:186,0
DA:187,0
DA:188,0
DA:198,0
DA:199,0
DA:204,0
DA:208,0
DA:218,0
DA:219,0
DA:220,0
DA:222,0
DA:227,0
DA:233,0
DA:234,0
DA:235,0
DA:236,0
DA:240,0
DA:241,0
DA:244,0
DA:245,0
DA:246,0
DA:249,0
DA:251,0
DA:252,0
DA:253,0
DA:256,0
DA:262,0
DA:263,0
DA:267,0
DA:271,0
DA:275,0
DA:276,0
DA:277,0
DA:278,0
DA:279,0
DA:280,0
DA:282,0
DA:283,0
DA:284,0
DA:285,0
DA:286,0
DA:287,0
DA:288,0
DA:291,0
DA:292,0
DA:293,0
DA:295,0
DA:296,0
DA:297,0
DA:298,0
DA:300,0
DA:307,0
DA:309,0
DA:310,0
DA:311,0
DA:312,0
DA:313,0
DA:314,0
DA:315,0
DA:318,0
DA:322,0
DA:326,1
DA:327,1
LF:98
LH:9
BRDA:91,0,0,0
BRDA:91,0,1,1
BRDA:91,1,0,1
BRDA:91,1,1,0
BRDA:117,2,0,0
BRDA:117,2,1,0
BRDA:117,3,0,0
BRDA:117,3,1,0
BRDA:124,4,0,0
BRDA:124,4,1,0
BRDA:130,5,0,0
BRDA:130,5,1,0
BRDA:149,6,0,0
BRDA:149,6,1,0
BRDA:170,7,0,0
BRDA:170,7,1,0
BRDA:170,8,0,0
BRDA:170,8,1,0
BRDA:178,9,0,0
BRDA:178,9,1,0
BRDA:186,10,0,0
BRDA:186,10,1,0
BRDA:198,11,0,0
BRDA:198,11,1,0
BRDA:218,12,0,0
BRDA:218,12,1,0
BRDA:218,13,0,0
BRDA:218,13,1,0
BRDA:234,14,0,0
BRDA:234,14,1,0
BRDA:244,15,0,0
BRDA:244,15,1,0
BRDA:244,16,0,0
BRDA:244,16,1,0
BRDA:309,17,0,0
BRDA:309,17,1,0
BRDA:309,18,0,0
BRDA:309,18,1,0
BRDA:309,18,2,0
BRDA:309,18,3,0
BRDA:310,19,0,0
BRDA:310,19,1,0
BRDA:313,20,0,0
BRDA:313,20,1,0
BRDA:313,21,0,0
BRDA:313,21,1,0
BRDA:313,21,2,0
BRDA:313,21,3,0
BRDA:313,21,4,0
BRDA:313,21,5,0
BRDA:313,21,6,0
BRF:51
BRH:2
end_of_record
TN:
SF:/var/www/app/src/styles/ChamelThemeService.js
FNF:0
FNH:0
DA:6,138
LF:1
LH:1
BRF:0
BRH:0
end_of_record
TN:
SF:/var/www/app/src/styles/theme/base.js
FNF:0
FNH:0
LF:0
LH:0
BRF:0
BRH:0
end_of_record
TN:
SF:/var/www/app/src/svg-icons/drop-down-arrow.jsx
FN:5,(anonymous_0)
FNF:1
FNH:0
FNDA:0,(anonymous_0)
DA:5,2
DA:7,0
LF:2
LH:1
BRF:0
BRH:0
end_of_record
TN:
SF:/var/www/app/src/svg-icons/navigation-chevron-left.jsx
FN:4,(anonymous_0)
FNF:1
FNH:0
FNDA:0,(anonymous_0)
DA:4,4
DA:6,0
LF:2
LH:1
BRF:0
BRH:0
end_of_record
TN:
SF:/var/www/app/src/svg-icons/navigation-chevron-right.jsx
FN:4,(anonymous_0)
FNF:1
FNH:0
FNDA:0,(anonymous_0)
DA:4,4
DA:6,0
LF:2
LH:1
BRF:0
BRH:0
end_of_record
TN:
SF:/var/www/app/src/svg-icons/svg-icon.jsx
FN:7,(anonymous_0)
FN:20,(anonymous_1)
FN:40,(anonymous_2)
FN:44,(anonymous_3)
FNF:4
FNH:0
FNDA:0,(anonymous_0)
FNDA:0,(anonymous_1)
FNDA:0,(anonymous_2)
FNDA:0,(anonymous_3)
DA:8,0
DA:10,0
DA:21,0
DA:24,0
DA:27,0
DA:28,0
DA:30,0
DA:34,0
DA:37,0
DA:41,0
DA:43,0
DA:44,0
DA:45,0
DA:49,0
DA:53,9
LF:15
LH:1
BRDA:24,0,0,0
BRDA:24,0,1,0
BRDA:27,1,0,0
BRDA:27,1,1,0
BRDA:34,2,0,0
BRDA:34,2,1,0
BRDA:43,3,0,0
BRDA:43,3,1,0
BRDA:45,4,0,0
BRDA:45,4,1,0
BRF:10
BRH:0
end_of_record
TN:
SF:/var/www/app/src/svg-icons/toggle-check-box-checked.jsx
FN:4,(anonymous_0)
FNF:1
FNH:0
FNDA:0,(anonymous_0)
DA:4,3
DA:6,0
LF:2
LH:1
BRF:0
BRH:0
end_of_record
TN:
SF:/var/www/app/src/svg-icons/toggle-check-box-outline-blank.jsx
FN:4,(anonymous_0)
FNF:1
FNH:0
FNDA:0,(anonymous_0)
DA:4,3
DA:5,0
LF:2
LH:1
BRF:0
BRH:0
end_of_record
TN:
SF:/var/www/app/src/transition-groups/SlideIn.jsx
FN:7,(anonymous_0)
FN:20,(anonymous_1)
FN:42,(anonymous_2)
FNF:3
FNH:1
FNDA:1,(anonymous_0)
FNDA:0,(anonymous_1)
FNDA:0,(anonymous_2)
DA:7,6
DA:14,1
DA:16,1
DA:17,1
DA:20,1
DA:21,0
DA:31,1
DA:42,0
DA:43,0
DA:48,6
DA:55,6
LF:11
LH:8
BRDA:16,0,0,1
BRDA:16,0,1,0
BRF:2
BRH:1
end_of_record
TN:
SF:/var/www/app/src/transition-groups/SlideInChild.jsx
FN:4,(anonymous_0)
FNF:1
FNH:1
FNDA:1,(anonymous_0)
DA:4,7
DA:9,1
DA:11,1
DA:12,1
DA:13,0
DA:15,1
LF:6
LH:5
BRDA:12,0,0,0
BRDA:12,0,1,1
BRF:2
BRH:1
end_of_record
TN:
SF:/var/www/app/src/utils/CssEvent.jsx
FN:5,(anonymous_0)
FN:18,(anonymous_1)
FN:27,(anonymous_2)
FN:36,(anonymous_3)
FN:39,(anonymous_4)
FN:44,(anonymous_5)
FN:47,(anonymous_6)
FNF:7
FNH:0
FNDA:0,(anonymous_0)
FNDA:0,(anonymous_1)
FNDA:0,(anonymous_2)
FNDA:0,(anonymous_3)
FNDA:0,(anonymous_4)
FNDA:0,(anonymous_5)
FNDA:0,(anonymous_6)
DA:3,9
DA:8,0
DA:10,0
DA:11,0
DA:12,0
DA:19,0
DA:28,0
DA:37,0
DA:39,0
DA:40,0
DA:45,0
DA:47,0
DA:48,0
LF:13
LH:1
BRDA:11,0,0,0
BRDA:11,0,1,0
BRDA:11,1,0,0
BRDA:11,1,1,0
BRF:4
BRH:0
end_of_record
TN:
SF:/var/www/app/src/utils/DateTime.jsx
FN:3,(anonymous_0)
FN:9,(anonymous_1)
FN:15,(anonymous_2)
FN:19,(anonymous_3)
FN:28,(anonymous_4)
FN:32,(anonymous_5)
FN:50,(anonymous_6)
FN:68,(anonymous_7)
FN:81,(anonymous_8)
FN:110,(anonymous_9)
FN:166,(anonymous_10)
FN:173,(anonymous_11)
FN:186,(anonymous_12)
FNF:13
FNH:9
FNDA:0,(anonymous_0)
FNDA:0,(anonymous_1)
FNDA:1,(anonymous_2)
FNDA:1,(anonymous_3)
FNDA:8,(anonymous_4)
FNDA:1,(anonymous_5)
FNDA:1,(anonymous_6)
FNDA:1,(anonymous_7)
FNDA:1,(anonymous_8)
FNDA:1,(anonymous_9)
FNDA:1,(anonymous_10)
FNDA:0,(anonymous_11)
FNDA:0,(anonymous_12)
DA:1,9
DA:4,0
DA:5,0
DA:6,0
DA:10,0
DA:11,0
DA:12,0
DA:16,1
DA:20,1
DA:22,1
DA:23,1
DA:25,1
DA:29,8
DA:33,1
DA:34,1
DA:35,0
DA:36,0
DA:37,0
DA:38,0
DA:39,0
DA:40,0
DA:41,0
DA:42,0
DA:43,0
DA:44,1
DA:45,0
DA:46,0
DA:51,1
DA:52,1
DA:53,0
DA:54,0
DA:55,0
DA:56,0
DA:57,0
DA:58,0
DA:59,0
DA:60,0
DA:61,0
DA:62,1
DA:63,0
DA:64,0
DA:69,1
DA:70,1
DA:71,1
DA:72,0
DA:73,0
DA:74,0
DA:75,0
DA:76,0
DA:77,0
DA:82,1
DA:83,1
DA:88,1
DA:90,1
DA:91,31
DA:94,1
DA:95,5
DA:96,5
DA:97,5
DA:98,5
DA:100,5
DA:101,0
DA:104,5
DA:107,1
DA:111,1
DA:112,1
DA:113,1
DA:114,1
DA:115,1
DA:116,1
DA:118,1
DA:119,1
DA:122,1
DA:124,1
DA:125,1
DA:126,0
DA:127,0
DA:130,1
DA:132,1
DA:133,0
DA:134,0
DA:136,0
DA:140,1
DA:141,0
DA:144,1
DA:145,0
DA:146,0
DA:149,0
DA:150,0
DA:152,0
DA:155,1
DA:156,0
DA:159,1
DA:160,0
DA:163,1
DA:167,1
DA:175,0
DA:176,0
DA:177,0
DA:178,0
DA:188,0
DA:190,0
LF:102
LH:48
BRDA:34,0,0,0
BRDA:34,0,1,0
BRDA:34,0,2,0
BRDA:34,0,3,0
BRDA:34,0,4,0
BRDA:34,0,5,0
BRDA:34,0,6,0
BRDA:34,0,7,0
BRDA:34,0,8,0
BRDA:34,0,9,1
BRDA:34,0,10,0
BRDA:34,0,11,0
BRDA:52,1,0,0
BRDA:52,1,1,0
BRDA:52,1,2,0
BRDA:52,1,3,0
BRDA:52,1,4,0
BRDA:52,1,5,0
BRDA:52,1,6,0
BRDA:52,1,7,0
BRDA:52,1,8,0
BRDA:52,1,9,1
BRDA:52,1,10,0
BRDA:52,1,11,0
BRDA:70,2,0,1
BRDA:70,2,1,0
BRDA:70,2,2,0
BRDA:70,2,3,0
BRDA:70,2,4,0
BRDA:70,2,5,0
BRDA:70,2,6,0
BRDA:118,3,0,1
BRDA:118,3,1,0
BRDA:124,4,0,1
BRDA:124,4,1,0
BRDA:126,5,0,0
BRDA:126,5,1,0
BRDA:132,6,0,0
BRDA:132,6,1,1
BRDA:133,7,0,0
BRDA:133,7,1,0
BRDA:140,8,0,0
BRDA:140,8,1,1
BRDA:144,9,0,0
BRDA:144,9,1,1
BRDA:145,10,0,0
BRDA:145,10,1,0
BRDA:149,11,0,0
BRDA:149,11,1,0
BRDA:155,12,0,0
BRDA:155,12,1,1
BRDA:159,13,0,0
BRDA:159,13,1,1
BRDA:167,14,0,1
BRDA:167,14,1,1
BRDA:167,14,2,1
BRDA:167,14,3,1
BRDA:167,14,4,1
BRDA:190,15,0,0
BRDA:190,15,1,0
BRF:60
BRH:15
end_of_record
TN:
SF:/var/www/app/src/utils/Dom.jsx
FN:5,(anonymous_0)
FN:16,(anonymous_1)
FN:37,(anonymous_2)
FN:53,(anonymous_3)
FN:60,(anonymous_4)
FN:67,(anonymous_5)
FN:74,(anonymous_6)
FN:81,(anonymous_7)
FN:89,(anonymous_8)
FNF:9
FNH:0
FNDA:0,(anonymous_0)
FNDA:0,(anonymous_1)
FNDA:0,(anonymous_2)
FNDA:0,(anonymous_3)
FNDA:0,(anonymous_4)
FNDA:0,(anonymous_5)
FNDA:0,(anonymous_6)
FNDA:0,(anonymous_7)
FNDA:0,(anonymous_8)
DA:3,37
DA:6,0
DA:8,0
DA:9,0
DA:10,0
DA:13,0
DA:17,0
DA:18,0
DA:21,0
DA:31,0
DA:32,0
DA:34,0
DA:39,0
DA:40,0
DA:47,0
DA:48,0
DA:49,0
DA:50,0
DA:54,0
DA:55,0
DA:57,0
DA:61,0
DA:62,0
DA:64,0
DA:68,0
DA:69,0
DA:71,0
DA:75,0
DA:76,0
DA:78,0
DA:82,0
DA:84,0
DA:85,0
DA:86,0
DA:91,0
DA:93,0
DA:96,0
DA:99,0
LF:38
LH:1
BRDA:9,0,0,0
BRDA:9,0,1,0
BRDA:39,1,0,0
BRDA:39,1,1,0
BRDA:48,2,0,0
BRDA:48,2,1,0
BRDA:48,3,0,0
BRDA:48,3,1,0
BRDA:49,4,0,0
BRDA:49,4,1,0
BRDA:49,5,0,0
BRDA:49,5,1,0
BRDA:54,6,0,0
BRDA:54,6,1,0
BRDA:61,7,0,0
BRDA:61,7,1,0
BRDA:68,8,0,0
BRDA:68,8,1,0
BRDA:75,9,0,0
BRDA:75,9,1,0
BRF:20
BRH:0
end_of_record
TN:
SF:/var/www/app/src/utils/Events.jsx
FN:5,(anonymous_0)
FN:7,(anonymous_1)
FN:18,(anonymous_2)
FN:22,(anonymous_3)
FN:29,(anonymous_4)
FNF:5
FNH:0
FNDA:0,(anonymous_0)
FNDA:0,(anonymous_1)
FNDA:0,(anonymous_2)
FNDA:0,(anonymous_3)
FNDA:0,(anonymous_4)
DA:3,14
DA:6,0
DA:7,0
DA:8,0
DA:9,0
DA:12,0
DA:13,0
DA:19,0
DA:20,0
DA:22,0
DA:23,0
DA:30,0
DA:31,0
DA:33,0
LF:14
LH:1
BRDA:19,0,0,0
BRDA:19,0,1,0
BRDA:30,1,0,0
BRDA:30,1,1,0
BRF:4
BRH:0
end_of_record
TN:
SF:/var/www/app/src/utils/KeyCode.jsx
FNF:0
FNH:0
DA:1,7
LF:1
LH:1
BRF:0
BRH:0
end_of_record
TN:
SF:/var/www/app/src/utils/KeyLine.jsx
FN:10,(anonymous_0)
FNF:1
FNH:0
FNDA:0,(anonymous_0)
DA:1,9
DA:11,0
LF:2
LH:1
BRF:0
BRH:0
end_of_record
TN:
SF:/var/www/app/src/utils/UniqueId.jsx
FN:4,(anonymous_0)
FNF:1
FNH:1
FNDA:1,(anonymous_0)
DA:1,3
DA:3,3
DA:5,1
LF:3
LH:3
BRF:0
BRH:0
end_of_record
TN:
SF:/var/www/app/src/utils/device.js
FNF:0
FNH:0
DA:6,2
DA:11,2
DA:12,2
DA:15,0
DA:21,2
LF:5
LH:4
BRDA:11,0,0,2
BRDA:11,0,1,0
BRF:2
BRH:1
end_of_record
TN:
SF:/var/www/app/src/utils/modernizr.custom.js
FN:26,(anonymous_0)
FN:79,(anonymous_1)
FN:87,(anonymous_2)
FN:92,(anonymous_3)
FN:96,(anonymous_4)
FN:104,(anonymous_5)
FN:123,setClasses
FN:251,is
FN:262,testRunner
FN:378,cssToDOM
FN:379,(anonymous_10)
FN:396,createElement
FN:446,(anonymous_12)
FN:502,(anonymous_13)
FN:575,(anonymous_14)
FN:687,(anonymous_15)
FN:738,contains
FN:754,getBody
FN:781,injectElementWithStyles
FN:913,fnBind
FN:914,(anonymous_20)
FN:925,testDOMProps
FN:964,(anonymous_22)
FN:976,(anonymous_23)
FN:992,domToCSS
FN:993,(anonymous_25)
FN:1012,nativeTestProps
FN:1032,(anonymous_27)
FN:1053,testProps
FN:1081,cleanElems
FN:1167,(anonymous_30)
FN:1178,testPropsAll
FN:1267,(anonymous_32)
FN:1323,testAllProps
FN:1355,(anonymous_34)
FN:1380,(anonymous_35)
FN:1413,(anonymous_36)
FNF:37
FNH:20
FNDA:2,(anonymous_0)
FNDA:0,(anonymous_1)
FNDA:0,(anonymous_2)
FNDA:22,(anonymous_3)
FNDA:0,(anonymous_4)
FNDA:2,(anonymous_5)
FNDA:2,setClasses
FNDA:72,is
FNDA:2,testRunner
FNDA:0,cssToDOM
FNDA:0,(anonymous_10)
FNDA:10,createElement
FNDA:2,(anonymous_12)
FNDA:2,(anonymous_13)
FNDA:2,(anonymous_14)
FNDA:0,(anonymous_15)
FNDA:34,contains
FNDA:0,getBody
FNDA:0,injectElementWithStyles
FNDA:0,fnBind
FNDA:0,(anonymous_20)
FNDA:0,testDOMProps
FNDA:2,(anonymous_22)
FNDA:2,(anonymous_23)
FNDA:0,domToCSS
FNDA:0,(anonymous_25)
FNDA:10,nativeTestProps
FNDA:0,(anonymous_27)
FNDA:10,testProps
FNDA:10,cleanElems
FNDA:0,(anonymous_30)
FNDA:10,testPropsAll
FNDA:0,(anonymous_32)
FNDA:10,testAllProps
FNDA:2,(anonymous_34)
FNDA:0,(anonymous_35)
FNDA:2,(anonymous_36)
DA:26,2
DA:28,2
DA:38,2
DA:48,2
DA:51,2
DA:62,2
DA:86,0
DA:87,0
DA:88,0
DA:93,22
DA:97,0
DA:104,2
DA:105,2
DA:109,2
DA:124,2
DA:125,2
DA:127,2
DA:128,0
DA:133,2
DA:134,2
DA:135,2
DA:138,2
DA:140,2
DA:141,2
DA:170,2
DA:199,2
DA:234,2
DA:237,2
DA:252,72
DA:271,2
DA:272,22
DA:273,22
DA:274,22
DA:282,22
DA:283,22
DA:285,22
DA:287,0
DA:288,0
DA:294,22
DA:298,22
DA:299,22
DA:306,22
DA:308,22
DA:309,22
DA:313,0
DA:314,0
DA:317,0
DA:320,22
DA:343,2
DA:364,2
DA:365,2
DA:379,0
DA:380,0
DA:397,10
DA:400,0
DA:401,10
DA:402,0
DA:404,10
DA:446,2
DA:448,2
DA:449,2
DA:452,2
DA:453,2
DA:454,2
DA:455,2
DA:458,2
DA:460,2
DA:462,2
DA:464,2
DA:468,2
DA:487,2
DA:502,2
DA:503,2
DA:504,2
DA:509,2
DA:521,2
DA:572,2
DA:573,2
DA:575,2
DA:576,2
DA:577,2
DA:582,2
DA:584,26
DA:585,26
DA:590,26
DA:592,26
DA:593,26
DA:595,26
DA:597,0
DA:598,0
DA:601,0
DA:607,0
DA:609,26
DA:616,22
DA:618,6
DA:622,16
DA:626,26
DA:628,2
DA:651,2
DA:652,2
DA:653,2
DA:656,2
DA:657,2
DA:687,2
DA:688,0
DA:689,0
DA:692,0
DA:693,0
DA:696,0
DA:697,0
DA:701,0
DA:704,0
DA:706,0
DA:707,0
DA:710,0
DA:712,0
DA:713,0
DA:715,0
DA:716,0
DA:720,0
DA:723,2
DA:739,34
DA:756,0
DA:758,0
DA:760,0
DA:761,0
DA:764,0
DA:782,0
DA:787,0
DA:788,0
DA:790,0
DA:793,0
DA:794,0
DA:795,0
DA:796,0
DA:800,0
DA:801,0
DA:802,0
DA:806,0
DA:807,0
DA:809,0
DA:810,0
DA:812,0
DA:814,0
DA:816,0
DA:818,0
DA:820,0
DA:821,0
DA:822,0
DA:823,0
DA:826,0
DA:828,0
DA:829,0
DA:830,0
DA:832,0
DA:834,0
DA:837,0
DA:900,2
DA:914,0
DA:915,0
DA:928,0
DA:929,0
DA:932,0
DA:933,0
DA:936,0
DA:939,0
DA:941,0
DA:945,0
DA:948,0
DA:959,2
DA:964,2
DA:965,2
DA:970,2
DA:976,2
DA:977,2
DA:993,0
DA:994,0
DA:1013,10
DA:1015,10
DA:1017,0
DA:1018,0
DA:1019,0
DA:1022,0
DA:1025,10
DA:1027,0
DA:1028,0
DA:1029,0
DA:1031,0
DA:1032,0
DA:1033,0
DA:1036,10
DA:1054,10
DA:1057,10
DA:1058,10
DA:1059,10
DA:1060,0
DA:1073,10
DA:1074,10
DA:1075,0
DA:1076,0
DA:1077,0
DA:1082,10
DA:1083,0
DA:1084,0
DA:1088,10
DA:1089,10
DA:1090,34
DA:1091,34
DA:1093,34
DA:1094,0
DA:1097,34
DA:1102,4
DA:1106,0
DA:1107,0
DA:1114,0
DA:1115,0
DA:1116,0
DA:1122,4
DA:1123,4
DA:1127,6
DA:1128,6
DA:1167,2
DA:1168,0
DA:1180,10
DA:1181,10
DA:1184,10
DA:1185,10
DA:1189,0
DA:1190,0
DA:1199,2
DA:1267,2
DA:1268,0
DA:1269,0
DA:1272,0
DA:1274,0
DA:1276,0
DA:1277,0
DA:1280,0
DA:1324,10
DA:1326,2
DA:1341,2
DA:1355,2
DA:1356,2
DA:1357,2
DA:1363,2
DA:1365,0
DA:1367,0
DA:1368,0
DA:1372,0
DA:1373,0
DA:1374,0
DA:1378,0
DA:1380,0
DA:1381,0
DA:1385,2
DA:1402,2
DA:1413,2
DA:1416,2
DA:1429,2
DA:1433,2
DA:1436,2
DA:1438,2
DA:1439,2
DA:1442,2
DA:1443,4
DA:1447,2
LF:266
LH:143
BRDA:125,0,0,2
BRDA:125,0,1,2
BRDA:127,1,0,0
BRDA:127,1,1,2
BRDA:133,2,0,2
BRDA:133,2,1,0
BRDA:138,3,0,2
BRDA:138,3,1,0
BRDA:141,4,0,0
BRDA:141,4,1,2
BRDA:170,5,0,2
BRDA:170,5,1,2
BRDA:199,6,0,2
BRDA:199,6,1,0
BRDA:234,7,0,2
BRDA:234,7,1,0
BRDA:272,8,0,22
BRDA:272,8,1,0
BRDA:282,9,0,22
BRDA:282,9,1,0
BRDA:285,10,0,0
BRDA:285,10,1,22
BRDA:285,11,0,22
BRDA:285,11,1,0
BRDA:285,11,2,0
BRDA:294,12,0,8
BRDA:294,12,1,14
BRDA:308,13,0,22
BRDA:308,13,1,0
BRDA:313,14,0,0
BRDA:313,14,1,0
BRDA:313,15,0,0
BRDA:313,15,1,0
BRDA:320,16,0,8
BRDA:320,16,1,14
BRDA:364,17,0,2
BRDA:364,17,1,0
BRDA:397,18,0,0
BRDA:397,18,1,10
BRDA:401,19,0,0
BRDA:401,19,1,10
BRDA:453,20,0,2
BRDA:453,20,1,0
BRDA:585,21,0,26
BRDA:585,21,1,26
BRDA:590,22,0,26
BRDA:590,22,1,0
BRDA:595,23,0,0
BRDA:595,23,1,26
BRDA:595,24,0,26
BRDA:595,24,1,2
BRDA:601,25,0,0
BRDA:601,25,1,0
BRDA:601,25,2,0
BRDA:609,26,0,4
BRDA:609,26,1,22
BRDA:616,27,0,6
BRDA:616,27,1,16
BRDA:618,28,0,6
BRDA:618,28,1,0
BRDA:651,29,0,2
BRDA:651,29,1,0
BRDA:653,30,0,2
BRDA:653,30,1,2
BRDA:656,31,0,2
BRDA:656,31,1,0
BRDA:692,32,0,0
BRDA:692,32,1,0
BRDA:696,33,0,0
BRDA:696,33,1,0
BRDA:706,34,0,0
BRDA:706,34,1,0
BRDA:715,35,0,0
BRDA:715,35,1,0
BRDA:758,36,0,0
BRDA:758,36,1,0
BRDA:760,37,0,0
BRDA:760,37,1,0
BRDA:790,38,0,0
BRDA:790,38,1,0
BRDA:795,39,0,0
BRDA:795,39,1,0
BRDA:806,40,0,0
BRDA:806,40,1,0
BRDA:809,41,0,0
BRDA:809,41,1,0
BRDA:816,42,0,0
BRDA:816,42,1,0
BRDA:828,43,0,0
BRDA:828,43,1,0
BRDA:929,44,0,0
BRDA:929,44,1,0
BRDA:932,45,0,0
BRDA:932,45,1,0
BRDA:939,46,0,0
BRDA:939,46,1,0
BRDA:941,47,0,0
BRDA:941,47,1,0
BRDA:1015,48,0,0
BRDA:1015,48,1,10
BRDA:1015,49,0,10
BRDA:1015,49,1,0
BRDA:1018,50,0,0
BRDA:1018,50,1,0
BRDA:1025,51,0,0
BRDA:1025,51,1,10
BRDA:1054,52,0,0
BRDA:1054,52,1,10
BRDA:1057,53,0,10
BRDA:1057,53,1,0
BRDA:1059,54,0,0
BRDA:1059,54,1,10
BRDA:1082,55,0,0
BRDA:1082,55,1,10
BRDA:1093,56,0,0
BRDA:1093,56,1,34
BRDA:1097,57,0,4
BRDA:1097,57,1,30
BRDA:1102,58,0,0
BRDA:1102,58,1,4
BRDA:1102,59,0,4
BRDA:1102,59,1,0
BRDA:1114,60,0,0
BRDA:1114,60,1,0
BRDA:1116,61,0,0
BRDA:1116,61,1,0
BRDA:1123,62,0,0
BRDA:1123,62,1,4
BRDA:1184,63,0,10
BRDA:1184,63,1,0
BRDA:1184,64,0,10
BRDA:1184,64,1,10
BRDA:1268,65,0,0
BRDA:1268,65,1,0
BRDA:1272,66,0,0
BRDA:1272,66,1,0
BRDA:1276,67,0,0
BRDA:1276,67,1,0
BRDA:1363,68,0,0
BRDA:1363,68,1,2
BRDA:1363,69,0,2
BRDA:1363,69,1,0
BRDA:1363,69,2,0
BRDA:1367,70,0,0
BRDA:1367,70,1,0
BRDA:1373,71,0,0
BRDA:1373,71,1,0
BRDA:1381,72,0,0
BRDA:1381,72,1,0
BRDA:1416,73,0,2
BRDA:1416,73,1,2
BRF:151
BRH:58
end_of_record
TN:
SF:/var/www/app/src/utils/prefixer.js
FN:8,capitalize
FN:12,getPrefixes
FN:13,(anonymous_2)
FN:19,addPrefixesTo
FN:28,prefixer
FNF:5
FNH:0
FNDA:0,capitalize
FNDA:0,getPrefixes
FNDA:0,(anonymous_2)
FNDA:0,addPrefixesTo
FNDA:0,prefixer
DA:1,3
DA:2,3
DA:4,3
DA:9,0
DA:13,0
DA:14,0
DA:15,0
DA:20,0
DA:21,0
DA:22,0
DA:25,0
DA:29,0
DA:30,0
DA:31,0
DA:32,0
DA:33,0
DA:37,0
LF:17
LH:3
BRDA:28,0,0,0
BRDA:32,1,0,0
BRDA:32,1,1,0
BRF:3
BRH:0
end_of_record
